2022-01-11 16:24:53.049  INFO 16632 --- [restartedMain] com.hcl.pet.PeetsApplication             : Starting PeetsApplication using Java 1.8.0_301 on LAPTOP-FJ89OA8Q with PID 16632 (E:\Spring Boot Project Work Space\peets\target\classes started by AKASH RONAD in E:\Spring Boot Project Work Space\peets)
2022-01-11 16:24:53.053  INFO 16632 --- [restartedMain] com.hcl.pet.PeetsApplication             : No active profile set, falling back to default profiles: default
2022-01-11 16:24:53.132  INFO 16632 --- [restartedMain] .e.DevToolsPropertyDefaultsPostProcessor : Devtools property defaults active! Set 'spring.devtools.add-properties' to 'false' to disable
2022-01-11 16:24:53.132  INFO 16632 --- [restartedMain] .e.DevToolsPropertyDefaultsPostProcessor : For additional web related logging consider setting the 'logging.level.web' property to 'DEBUG'
2022-01-11 16:24:54.286  INFO 16632 --- [restartedMain] .s.d.r.c.RepositoryConfigurationDelegate : Bootstrapping Spring Data JPA repositories in DEFAULT mode.
2022-01-11 16:24:54.551  INFO 16632 --- [restartedMain] .s.d.r.c.RepositoryConfigurationDelegate : Finished Spring Data repository scanning in 250 ms. Found 1 JPA repository interfaces.
2022-01-11 16:24:54.887  INFO 16632 --- [restartedMain] o.s.cloud.context.scope.GenericScope     : BeanFactory id=adafa51f-e755-309c-8198-4fe9236e5509
2022-01-11 16:24:55.878  INFO 16632 --- [restartedMain] o.s.b.w.embedded.tomcat.TomcatWebServer  : Tomcat initialized with port(s): 9098 (http)
2022-01-11 16:24:55.889  INFO 16632 --- [restartedMain] o.apache.catalina.core.StandardService   : Starting service [Tomcat]
2022-01-11 16:24:55.890  INFO 16632 --- [restartedMain] org.apache.catalina.core.StandardEngine  : Starting Servlet engine: [Apache Tomcat/9.0.56]
2022-01-11 16:24:56.075  INFO 16632 --- [restartedMain] o.a.c.c.C.[Tomcat].[localhost].[/]       : Initializing Spring embedded WebApplicationContext
2022-01-11 16:24:56.075  INFO 16632 --- [restartedMain] w.s.c.ServletWebServerApplicationContext : Root WebApplicationContext: initialization completed in 2941 ms
2022-01-11 16:24:56.333  INFO 16632 --- [restartedMain] o.hibernate.jpa.internal.util.LogHelper  : HHH000204: Processing PersistenceUnitInfo [name: default]
2022-01-11 16:24:56.425  INFO 16632 --- [restartedMain] org.hibernate.Version                    : HHH000412: Hibernate ORM core version 5.6.3.Final
2022-01-11 16:24:56.680  INFO 16632 --- [restartedMain] o.hibernate.annotations.common.Version   : HCANN000001: Hibernate Commons Annotations {5.1.2.Final}
2022-01-11 16:24:56.870  INFO 16632 --- [restartedMain] com.zaxxer.hikari.HikariDataSource       : HikariPool-1 - Starting...
2022-01-11 16:24:57.116  INFO 16632 --- [restartedMain] com.zaxxer.hikari.HikariDataSource       : HikariPool-1 - Start completed.
2022-01-11 16:24:57.146  INFO 16632 --- [restartedMain] org.hibernate.dialect.Dialect            : HHH000400: Using dialect: org.hibernate.dialect.MySQL8Dialect
2022-01-11 16:24:58.131  INFO 16632 --- [restartedMain] o.h.e.t.j.p.i.JtaPlatformInitiator       : HHH000490: Using JtaPlatform implementation: [org.hibernate.engine.transaction.jta.platform.internal.NoJtaPlatform]
2022-01-11 16:24:58.144  INFO 16632 --- [restartedMain] j.LocalContainerEntityManagerFactoryBean : Initialized JPA EntityManagerFactory for persistence unit 'default'
2022-01-11 16:24:58.742  WARN 16632 --- [restartedMain] JpaBaseConfiguration$JpaWebConfiguration : spring.jpa.open-in-view is enabled by default. Therefore, database queries may be performed during view rendering. Explicitly configure spring.jpa.open-in-view to disable this warning
2022-01-11 16:24:59.408  WARN 16632 --- [restartedMain] o.s.b.d.a.OptionalLiveReloadServer       : Unable to start LiveReload server
2022-01-11 16:24:59.701  INFO 16632 --- [restartedMain] DiscoveryClientOptionalArgsConfiguration : Eureka HTTP Client uses RestTemplate.
2022-01-11 16:25:00.092  WARN 16632 --- [restartedMain] iguration$LoadBalancerCaffeineWarnLogger : Spring Cloud LoadBalancer is currently working with the default cache. You can switch to using Caffeine cache, by adding it and org.springframework.cache.caffeine.CaffeineCacheManager to the classpath.
2022-01-11 16:25:00.144  INFO 16632 --- [restartedMain] o.s.c.n.eureka.InstanceInfoFactory       : Setting initial instance status as: STARTING
2022-01-11 16:25:00.235  INFO 16632 --- [restartedMain] com.netflix.discovery.DiscoveryClient    : Initializing Eureka in region us-east-1
2022-01-11 16:25:00.243  INFO 16632 --- [restartedMain] c.n.d.s.r.aws.ConfigClusterResolver      : Resolving eureka endpoints via configuration
2022-01-11 16:25:00.275  INFO 16632 --- [restartedMain] com.netflix.discovery.DiscoveryClient    : Disable delta property : false
2022-01-11 16:25:00.275  INFO 16632 --- [restartedMain] com.netflix.discovery.DiscoveryClient    : Single vip registry refresh property : null
2022-01-11 16:25:00.275  INFO 16632 --- [restartedMain] com.netflix.discovery.DiscoveryClient    : Force full registry fetch : false
2022-01-11 16:25:00.275  INFO 16632 --- [restartedMain] com.netflix.discovery.DiscoveryClient    : Application is null : false
2022-01-11 16:25:00.275  INFO 16632 --- [restartedMain] com.netflix.discovery.DiscoveryClient    : Registered Applications size is zero : true
2022-01-11 16:25:00.276  INFO 16632 --- [restartedMain] com.netflix.discovery.DiscoveryClient    : Application version is -1: true
2022-01-11 16:25:00.276  INFO 16632 --- [restartedMain] com.netflix.discovery.DiscoveryClient    : Getting all instance registry info from the eureka server
2022-01-11 16:25:00.985  INFO 16632 --- [restartedMain] com.netflix.discovery.DiscoveryClient    : The response status is 200
2022-01-11 16:25:00.989  INFO 16632 --- [restartedMain] com.netflix.discovery.DiscoveryClient    : Starting heartbeat executor: renew interval is: 30
2022-01-11 16:25:00.991  INFO 16632 --- [restartedMain] c.n.discovery.InstanceInfoReplicator     : InstanceInfoReplicator onDemand update allowed rate per min is 4
2022-01-11 16:25:00.997  INFO 16632 --- [restartedMain] com.netflix.discovery.DiscoveryClient    : Discovery Client initialized at timestamp 1641898500996 with initial instances count: 4
2022-01-11 16:25:00.999  INFO 16632 --- [restartedMain] o.s.c.n.e.s.EurekaServiceRegistry        : Registering application PEETS-SERVICE with eureka with status UP
2022-01-11 16:25:01.000  INFO 16632 --- [restartedMain] com.netflix.discovery.DiscoveryClient    : Saw local status change event StatusChangeEvent [timestamp=1641898501000, current=UP, previous=STARTING]
2022-01-11 16:25:01.003  INFO 16632 --- [DiscoveryClient-InstanceInfoReplicator-0] com.netflix.discovery.DiscoveryClient    : DiscoveryClient_PEETS-SERVICE/LAPTOP-FJ89OA8Q:peets-service:9098: registering service...
2022-01-11 16:25:01.040  INFO 16632 --- [restartedMain] o.s.b.w.embedded.tomcat.TomcatWebServer  : Tomcat started on port(s): 9098 (http) with context path ''
2022-01-11 16:25:01.041  INFO 16632 --- [restartedMain] .s.c.n.e.s.EurekaAutoServiceRegistration : Updating port to 9098
2022-01-11 16:25:01.087  INFO 16632 --- [DiscoveryClient-InstanceInfoReplicator-0] com.netflix.discovery.DiscoveryClient    : DiscoveryClient_PEETS-SERVICE/LAPTOP-FJ89OA8Q:peets-service:9098 - registration status: 204
2022-01-11 16:25:01.324  INFO 16632 --- [restartedMain] com.hcl.pet.PeetsApplication             : Started PeetsApplication in 9.101 seconds (JVM running for 9.891)
2022-01-11 16:25:01.328  INFO 16632 --- [restartedMain] com.hcl.pet.PeetsApplication             : Main Method Start Pets
2022-01-11 16:29:01.012  INFO 4500 --- [restartedMain] com.hcl.pet.PeetsApplication             : Starting PeetsApplication using Java 1.8.0_301 on LAPTOP-FJ89OA8Q with PID 4500 (E:\Spring Boot Project Work Space\peets\target\classes started by AKASH RONAD in E:\Spring Boot Project Work Space\peets)
2022-01-11 16:29:01.014  INFO 4500 --- [restartedMain] com.hcl.pet.PeetsApplication             : No active profile set, falling back to default profiles: default
2022-01-11 16:29:01.082  INFO 4500 --- [restartedMain] .e.DevToolsPropertyDefaultsPostProcessor : Devtools property defaults active! Set 'spring.devtools.add-properties' to 'false' to disable
2022-01-11 16:29:01.083  INFO 4500 --- [restartedMain] .e.DevToolsPropertyDefaultsPostProcessor : For additional web related logging consider setting the 'logging.level.web' property to 'DEBUG'
2022-01-11 16:29:02.060  INFO 4500 --- [restartedMain] .s.d.r.c.RepositoryConfigurationDelegate : Bootstrapping Spring Data JPA repositories in DEFAULT mode.
2022-01-11 16:29:02.279  INFO 4500 --- [restartedMain] .s.d.r.c.RepositoryConfigurationDelegate : Finished Spring Data repository scanning in 206 ms. Found 1 JPA repository interfaces.
2022-01-11 16:29:02.598  INFO 4500 --- [restartedMain] o.s.cloud.context.scope.GenericScope     : BeanFactory id=adafa51f-e755-309c-8198-4fe9236e5509
2022-01-11 16:29:03.678  INFO 4500 --- [restartedMain] o.s.b.w.embedded.tomcat.TomcatWebServer  : Tomcat initialized with port(s): 9098 (http)
2022-01-11 16:29:03.691  INFO 4500 --- [restartedMain] o.apache.catalina.core.StandardService   : Starting service [Tomcat]
2022-01-11 16:29:03.691  INFO 4500 --- [restartedMain] org.apache.catalina.core.StandardEngine  : Starting Servlet engine: [Apache Tomcat/9.0.56]
2022-01-11 16:29:03.844  INFO 4500 --- [restartedMain] o.a.c.c.C.[Tomcat].[localhost].[/]       : Initializing Spring embedded WebApplicationContext
2022-01-11 16:29:03.844  INFO 4500 --- [restartedMain] w.s.c.ServletWebServerApplicationContext : Root WebApplicationContext: initialization completed in 2761 ms
2022-01-11 16:29:04.048  INFO 4500 --- [restartedMain] o.hibernate.jpa.internal.util.LogHelper  : HHH000204: Processing PersistenceUnitInfo [name: default]
2022-01-11 16:29:04.114  INFO 4500 --- [restartedMain] org.hibernate.Version                    : HHH000412: Hibernate ORM core version 5.6.3.Final
2022-01-11 16:29:04.305  INFO 4500 --- [restartedMain] o.hibernate.annotations.common.Version   : HCANN000001: Hibernate Commons Annotations {5.1.2.Final}
2022-01-11 16:29:04.438  INFO 4500 --- [restartedMain] com.zaxxer.hikari.HikariDataSource       : HikariPool-1 - Starting...
2022-01-11 16:29:04.653  INFO 4500 --- [restartedMain] com.zaxxer.hikari.HikariDataSource       : HikariPool-1 - Start completed.
2022-01-11 16:29:04.699  INFO 4500 --- [restartedMain] org.hibernate.dialect.Dialect            : HHH000400: Using dialect: org.hibernate.dialect.MySQL8Dialect
2022-01-11 16:29:05.681  INFO 4500 --- [restartedMain] o.h.e.t.j.p.i.JtaPlatformInitiator       : HHH000490: Using JtaPlatform implementation: [org.hibernate.engine.transaction.jta.platform.internal.NoJtaPlatform]
2022-01-11 16:29:05.693  INFO 4500 --- [restartedMain] j.LocalContainerEntityManagerFactoryBean : Initialized JPA EntityManagerFactory for persistence unit 'default'
2022-01-11 16:29:06.337  WARN 4500 --- [restartedMain] JpaBaseConfiguration$JpaWebConfiguration : spring.jpa.open-in-view is enabled by default. Therefore, database queries may be performed during view rendering. Explicitly configure spring.jpa.open-in-view to disable this warning
2022-01-11 16:29:06.791  WARN 4500 --- [restartedMain] o.s.b.d.a.OptionalLiveReloadServer       : Unable to start LiveReload server
2022-01-11 16:29:07.134  INFO 4500 --- [restartedMain] DiscoveryClientOptionalArgsConfiguration : Eureka HTTP Client uses RestTemplate.
2022-01-11 16:29:07.524  WARN 4500 --- [restartedMain] iguration$LoadBalancerCaffeineWarnLogger : Spring Cloud LoadBalancer is currently working with the default cache. You can switch to using Caffeine cache, by adding it and org.springframework.cache.caffeine.CaffeineCacheManager to the classpath.
2022-01-11 16:29:07.568  INFO 4500 --- [restartedMain] o.s.c.n.eureka.InstanceInfoFactory       : Setting initial instance status as: STARTING
2022-01-11 16:29:07.658  INFO 4500 --- [restartedMain] com.netflix.discovery.DiscoveryClient    : Initializing Eureka in region us-east-1
2022-01-11 16:29:07.665  INFO 4500 --- [restartedMain] c.n.d.s.r.aws.ConfigClusterResolver      : Resolving eureka endpoints via configuration
2022-01-11 16:29:07.693  INFO 4500 --- [restartedMain] com.netflix.discovery.DiscoveryClient    : Disable delta property : false
2022-01-11 16:29:07.694  INFO 4500 --- [restartedMain] com.netflix.discovery.DiscoveryClient    : Single vip registry refresh property : null
2022-01-11 16:29:07.694  INFO 4500 --- [restartedMain] com.netflix.discovery.DiscoveryClient    : Force full registry fetch : false
2022-01-11 16:29:07.694  INFO 4500 --- [restartedMain] com.netflix.discovery.DiscoveryClient    : Application is null : false
2022-01-11 16:29:07.694  INFO 4500 --- [restartedMain] com.netflix.discovery.DiscoveryClient    : Registered Applications size is zero : true
2022-01-11 16:29:07.694  INFO 4500 --- [restartedMain] com.netflix.discovery.DiscoveryClient    : Application version is -1: true
2022-01-11 16:29:07.694  INFO 4500 --- [restartedMain] com.netflix.discovery.DiscoveryClient    : Getting all instance registry info from the eureka server
2022-01-11 16:29:08.408  INFO 4500 --- [restartedMain] com.netflix.discovery.DiscoveryClient    : The response status is 200
2022-01-11 16:29:08.411  INFO 4500 --- [restartedMain] com.netflix.discovery.DiscoveryClient    : Starting heartbeat executor: renew interval is: 30
2022-01-11 16:29:08.414  INFO 4500 --- [restartedMain] c.n.discovery.InstanceInfoReplicator     : InstanceInfoReplicator onDemand update allowed rate per min is 4
2022-01-11 16:29:08.420  INFO 4500 --- [restartedMain] com.netflix.discovery.DiscoveryClient    : Discovery Client initialized at timestamp 1641898748419 with initial instances count: 2
2022-01-11 16:29:08.423  INFO 4500 --- [restartedMain] o.s.c.n.e.s.EurekaServiceRegistry        : Registering application PEETS-SERVICE with eureka with status UP
2022-01-11 16:29:08.424  INFO 4500 --- [restartedMain] com.netflix.discovery.DiscoveryClient    : Saw local status change event StatusChangeEvent [timestamp=1641898748424, current=UP, previous=STARTING]
2022-01-11 16:29:08.427  INFO 4500 --- [DiscoveryClient-InstanceInfoReplicator-0] com.netflix.discovery.DiscoveryClient    : DiscoveryClient_PEETS-SERVICE/LAPTOP-FJ89OA8Q:peets-service:9098: registering service...
2022-01-11 16:29:08.466  INFO 4500 --- [restartedMain] o.s.b.w.embedded.tomcat.TomcatWebServer  : Tomcat started on port(s): 9098 (http) with context path ''
2022-01-11 16:29:08.468  INFO 4500 --- [restartedMain] .s.c.n.e.s.EurekaAutoServiceRegistration : Updating port to 9098
2022-01-11 16:29:08.518  INFO 4500 --- [DiscoveryClient-InstanceInfoReplicator-0] com.netflix.discovery.DiscoveryClient    : DiscoveryClient_PEETS-SERVICE/LAPTOP-FJ89OA8Q:peets-service:9098 - registration status: 204
2022-01-11 16:29:08.747  INFO 4500 --- [restartedMain] com.hcl.pet.PeetsApplication             : Started PeetsApplication in 8.495 seconds (JVM running for 9.337)
2022-01-11 16:29:08.756  INFO 4500 --- [restartedMain] com.hcl.pet.PeetsApplication             : Main Method Start Pets
2022-01-11 17:01:09.432  INFO 1864 --- [restartedMain] com.hcl.pet.PeetsApplication             : Starting PeetsApplication using Java 1.8.0_301 on LAPTOP-FJ89OA8Q with PID 1864 (E:\Spring Boot Project Work Space\peets\target\classes started by AKASH RONAD in E:\Spring Boot Project Work Space\peets)
2022-01-11 17:01:09.434  INFO 1864 --- [restartedMain] com.hcl.pet.PeetsApplication             : No active profile set, falling back to default profiles: default
2022-01-11 17:01:09.508  INFO 1864 --- [restartedMain] .e.DevToolsPropertyDefaultsPostProcessor : Devtools property defaults active! Set 'spring.devtools.add-properties' to 'false' to disable
2022-01-11 17:01:09.509  INFO 1864 --- [restartedMain] .e.DevToolsPropertyDefaultsPostProcessor : For additional web related logging consider setting the 'logging.level.web' property to 'DEBUG'
2022-01-11 17:01:10.561  INFO 1864 --- [restartedMain] .s.d.r.c.RepositoryConfigurationDelegate : Bootstrapping Spring Data JPA repositories in DEFAULT mode.
2022-01-11 17:01:10.779  INFO 1864 --- [restartedMain] .s.d.r.c.RepositoryConfigurationDelegate : Finished Spring Data repository scanning in 208 ms. Found 1 JPA repository interfaces.
2022-01-11 17:01:11.180  INFO 1864 --- [restartedMain] o.s.cloud.context.scope.GenericScope     : BeanFactory id=adafa51f-e755-309c-8198-4fe9236e5509
2022-01-11 17:01:12.179  INFO 1864 --- [restartedMain] o.s.b.w.embedded.tomcat.TomcatWebServer  : Tomcat initialized with port(s): 9098 (http)
2022-01-11 17:01:12.193  INFO 1864 --- [restartedMain] o.apache.catalina.core.StandardService   : Starting service [Tomcat]
2022-01-11 17:01:12.194  INFO 1864 --- [restartedMain] org.apache.catalina.core.StandardEngine  : Starting Servlet engine: [Apache Tomcat/9.0.56]
2022-01-11 17:01:12.341  INFO 1864 --- [restartedMain] o.a.c.c.C.[Tomcat].[localhost].[/]       : Initializing Spring embedded WebApplicationContext
2022-01-11 17:01:12.342  INFO 1864 --- [restartedMain] w.s.c.ServletWebServerApplicationContext : Root WebApplicationContext: initialization completed in 2831 ms
2022-01-11 17:01:12.563  INFO 1864 --- [restartedMain] o.hibernate.jpa.internal.util.LogHelper  : HHH000204: Processing PersistenceUnitInfo [name: default]
2022-01-11 17:01:12.632  INFO 1864 --- [restartedMain] org.hibernate.Version                    : HHH000412: Hibernate ORM core version 5.6.3.Final
2022-01-11 17:01:12.835  INFO 1864 --- [restartedMain] o.hibernate.annotations.common.Version   : HCANN000001: Hibernate Commons Annotations {5.1.2.Final}
2022-01-11 17:01:12.962  INFO 1864 --- [restartedMain] com.zaxxer.hikari.HikariDataSource       : HikariPool-1 - Starting...
2022-01-11 17:01:13.294  INFO 1864 --- [restartedMain] com.zaxxer.hikari.HikariDataSource       : HikariPool-1 - Start completed.
2022-01-11 17:01:13.365  INFO 1864 --- [restartedMain] org.hibernate.dialect.Dialect            : HHH000400: Using dialect: org.hibernate.dialect.MySQL8Dialect
2022-01-11 17:01:14.287  INFO 1864 --- [restartedMain] o.h.e.t.j.p.i.JtaPlatformInitiator       : HHH000490: Using JtaPlatform implementation: [org.hibernate.engine.transaction.jta.platform.internal.NoJtaPlatform]
2022-01-11 17:01:14.298  INFO 1864 --- [restartedMain] j.LocalContainerEntityManagerFactoryBean : Initialized JPA EntityManagerFactory for persistence unit 'default'
2022-01-11 17:01:14.896  WARN 1864 --- [restartedMain] JpaBaseConfiguration$JpaWebConfiguration : spring.jpa.open-in-view is enabled by default. Therefore, database queries may be performed during view rendering. Explicitly configure spring.jpa.open-in-view to disable this warning
2022-01-11 17:01:15.459  WARN 1864 --- [restartedMain] o.s.b.d.a.OptionalLiveReloadServer       : Unable to start LiveReload server
2022-01-11 17:01:15.773  INFO 1864 --- [restartedMain] DiscoveryClientOptionalArgsConfiguration : Eureka HTTP Client uses RestTemplate.
2022-01-11 17:01:16.171  WARN 1864 --- [restartedMain] iguration$LoadBalancerCaffeineWarnLogger : Spring Cloud LoadBalancer is currently working with the default cache. You can switch to using Caffeine cache, by adding it and org.springframework.cache.caffeine.CaffeineCacheManager to the classpath.
2022-01-11 17:01:16.230  INFO 1864 --- [restartedMain] o.s.c.n.eureka.InstanceInfoFactory       : Setting initial instance status as: STARTING
2022-01-11 17:01:16.376  INFO 1864 --- [restartedMain] com.netflix.discovery.DiscoveryClient    : Initializing Eureka in region us-east-1
2022-01-11 17:01:16.386  INFO 1864 --- [restartedMain] c.n.d.s.r.aws.ConfigClusterResolver      : Resolving eureka endpoints via configuration
2022-01-11 17:01:16.429  INFO 1864 --- [restartedMain] com.netflix.discovery.DiscoveryClient    : Disable delta property : false
2022-01-11 17:01:16.430  INFO 1864 --- [restartedMain] com.netflix.discovery.DiscoveryClient    : Single vip registry refresh property : null
2022-01-11 17:01:16.430  INFO 1864 --- [restartedMain] com.netflix.discovery.DiscoveryClient    : Force full registry fetch : false
2022-01-11 17:01:16.430  INFO 1864 --- [restartedMain] com.netflix.discovery.DiscoveryClient    : Application is null : false
2022-01-11 17:01:16.430  INFO 1864 --- [restartedMain] com.netflix.discovery.DiscoveryClient    : Registered Applications size is zero : true
2022-01-11 17:01:16.431  INFO 1864 --- [restartedMain] com.netflix.discovery.DiscoveryClient    : Application version is -1: true
2022-01-11 17:01:16.431  INFO 1864 --- [restartedMain] com.netflix.discovery.DiscoveryClient    : Getting all instance registry info from the eureka server
2022-01-11 17:01:17.171  INFO 1864 --- [restartedMain] com.netflix.discovery.DiscoveryClient    : The response status is 200
2022-01-11 17:01:17.177  INFO 1864 --- [restartedMain] com.netflix.discovery.DiscoveryClient    : Starting heartbeat executor: renew interval is: 30
2022-01-11 17:01:17.183  INFO 1864 --- [restartedMain] c.n.discovery.InstanceInfoReplicator     : InstanceInfoReplicator onDemand update allowed rate per min is 4
2022-01-11 17:01:17.191  INFO 1864 --- [restartedMain] com.netflix.discovery.DiscoveryClient    : Discovery Client initialized at timestamp 1641900677190 with initial instances count: 2
2022-01-11 17:01:17.195  INFO 1864 --- [restartedMain] o.s.c.n.e.s.EurekaServiceRegistry        : Registering application PEETS-SERVICE with eureka with status UP
2022-01-11 17:01:17.196  INFO 1864 --- [restartedMain] com.netflix.discovery.DiscoveryClient    : Saw local status change event StatusChangeEvent [timestamp=1641900677196, current=UP, previous=STARTING]
2022-01-11 17:01:17.198  INFO 1864 --- [DiscoveryClient-InstanceInfoReplicator-0] com.netflix.discovery.DiscoveryClient    : DiscoveryClient_PEETS-SERVICE/LAPTOP-FJ89OA8Q:peets-service:9098: registering service...
2022-01-11 17:01:17.234  INFO 1864 --- [restartedMain] o.s.b.w.embedded.tomcat.TomcatWebServer  : Tomcat started on port(s): 9098 (http) with context path ''
2022-01-11 17:01:17.235  INFO 1864 --- [restartedMain] .s.c.n.e.s.EurekaAutoServiceRegistration : Updating port to 9098
2022-01-11 17:01:17.275  INFO 1864 --- [DiscoveryClient-InstanceInfoReplicator-0] com.netflix.discovery.DiscoveryClient    : DiscoveryClient_PEETS-SERVICE/LAPTOP-FJ89OA8Q:peets-service:9098 - registration status: 204
2022-01-11 17:01:17.503  INFO 1864 --- [restartedMain] com.hcl.pet.PeetsApplication             : Started PeetsApplication in 8.847 seconds (JVM running for 9.577)
2022-01-11 17:01:17.509  INFO 1864 --- [restartedMain] com.hcl.pet.PeetsApplication             : Main Method Start Pets
