2022-01-11 16:20:27.072  INFO 12144 --- [restartedMain] c.h.c.UserandpetconsumerApplication      : Starting UserandpetconsumerApplication using Java 1.8.0_301 on LAPTOP-FJ89OA8Q with PID 12144 (E:\Spring Boot Project Work Space\userandpetconsumer\target\classes started by AKASH RONAD in E:\Spring Boot Project Work Space\userandpetconsumer)
2022-01-11 16:20:27.075  INFO 12144 --- [restartedMain] c.h.c.UserandpetconsumerApplication      : No active profile set, falling back to default profiles: default
2022-01-11 16:20:27.156  INFO 12144 --- [restartedMain] .e.DevToolsPropertyDefaultsPostProcessor : Devtools property defaults active! Set 'spring.devtools.add-properties' to 'false' to disable
2022-01-11 16:20:27.157  INFO 12144 --- [restartedMain] .e.DevToolsPropertyDefaultsPostProcessor : For additional web related logging consider setting the 'logging.level.web' property to 'DEBUG'
2022-01-11 16:20:28.456  INFO 12144 --- [restartedMain] o.s.cloud.context.scope.GenericScope     : BeanFactory id=d50cd8e5-a2e3-38df-bf30-683cf233a92b
2022-01-11 16:20:29.357  INFO 12144 --- [restartedMain] o.s.b.w.embedded.tomcat.TomcatWebServer  : Tomcat initialized with port(s): 9099 (http)
2022-01-11 16:20:29.369  INFO 12144 --- [restartedMain] o.apache.catalina.core.StandardService   : Starting service [Tomcat]
2022-01-11 16:20:29.370  INFO 12144 --- [restartedMain] org.apache.catalina.core.StandardEngine  : Starting Servlet engine: [Apache Tomcat/9.0.56]
2022-01-11 16:20:29.481  INFO 12144 --- [restartedMain] o.a.c.c.C.[Tomcat].[localhost].[/]       : Initializing Spring embedded WebApplicationContext
2022-01-11 16:20:29.481  INFO 12144 --- [restartedMain] w.s.c.ServletWebServerApplicationContext : Root WebApplicationContext: initialization completed in 2323 ms
2022-01-11 16:20:29.803  WARN 12144 --- [restartedMain] o.s.b.d.a.OptionalLiveReloadServer       : Unable to start LiveReload server
2022-01-11 16:20:29.883  INFO 12144 --- [restartedMain] o.s.c.openfeign.FeignClientFactoryBean   : For 'USER-SERVICE/usercon' URL not provided. Will try picking an instance via load-balancing.
2022-01-11 16:20:29.967  INFO 12144 --- [restartedMain] o.s.c.openfeign.FeignClientFactoryBean   : For 'PEETS-SERVICE/petcon' URL not provided. Will try picking an instance via load-balancing.
2022-01-11 16:20:30.828  INFO 12144 --- [restartedMain] DiscoveryClientOptionalArgsConfiguration : Eureka HTTP Client uses RestTemplate.
2022-01-11 16:20:31.135  WARN 12144 --- [restartedMain] iguration$LoadBalancerCaffeineWarnLogger : Spring Cloud LoadBalancer is currently working with the default cache. You can switch to using Caffeine cache, by adding it and org.springframework.cache.caffeine.CaffeineCacheManager to the classpath.
2022-01-11 16:20:31.169  INFO 12144 --- [restartedMain] o.s.c.n.eureka.InstanceInfoFactory       : Setting initial instance status as: STARTING
2022-01-11 16:20:31.259  INFO 12144 --- [restartedMain] com.netflix.discovery.DiscoveryClient    : Initializing Eureka in region us-east-1
2022-01-11 16:20:31.266  INFO 12144 --- [restartedMain] c.n.d.s.r.aws.ConfigClusterResolver      : Resolving eureka endpoints via configuration
2022-01-11 16:20:31.296  INFO 12144 --- [restartedMain] com.netflix.discovery.DiscoveryClient    : Disable delta property : false
2022-01-11 16:20:31.297  INFO 12144 --- [restartedMain] com.netflix.discovery.DiscoveryClient    : Single vip registry refresh property : null
2022-01-11 16:20:31.297  INFO 12144 --- [restartedMain] com.netflix.discovery.DiscoveryClient    : Force full registry fetch : false
2022-01-11 16:20:31.297  INFO 12144 --- [restartedMain] com.netflix.discovery.DiscoveryClient    : Application is null : false
2022-01-11 16:20:31.297  INFO 12144 --- [restartedMain] com.netflix.discovery.DiscoveryClient    : Registered Applications size is zero : true
2022-01-11 16:20:31.297  INFO 12144 --- [restartedMain] com.netflix.discovery.DiscoveryClient    : Application version is -1: true
2022-01-11 16:20:31.297  INFO 12144 --- [restartedMain] com.netflix.discovery.DiscoveryClient    : Getting all instance registry info from the eureka server
2022-01-11 16:20:31.956  INFO 12144 --- [restartedMain] com.netflix.discovery.DiscoveryClient    : The response status is 200
2022-01-11 16:20:31.959  INFO 12144 --- [restartedMain] com.netflix.discovery.DiscoveryClient    : Starting heartbeat executor: renew interval is: 30
2022-01-11 16:20:31.962  INFO 12144 --- [restartedMain] c.n.discovery.InstanceInfoReplicator     : InstanceInfoReplicator onDemand update allowed rate per min is 4
2022-01-11 16:20:31.968  INFO 12144 --- [restartedMain] com.netflix.discovery.DiscoveryClient    : Discovery Client initialized at timestamp 1641898231967 with initial instances count: 2
2022-01-11 16:20:31.969  INFO 12144 --- [restartedMain] o.s.c.n.e.s.EurekaServiceRegistry        : Registering application CONSUMER-SERVICE with eureka with status UP
2022-01-11 16:20:31.970  INFO 12144 --- [restartedMain] com.netflix.discovery.DiscoveryClient    : Saw local status change event StatusChangeEvent [timestamp=1641898231970, current=UP, previous=STARTING]
2022-01-11 16:20:31.972  INFO 12144 --- [DiscoveryClient-InstanceInfoReplicator-0] com.netflix.discovery.DiscoveryClient    : DiscoveryClient_CONSUMER-SERVICE/LAPTOP-FJ89OA8Q:consumer-service:9099: registering service...
2022-01-11 16:20:32.000  INFO 12144 --- [restartedMain] o.s.b.w.embedded.tomcat.TomcatWebServer  : Tomcat started on port(s): 9099 (http) with context path ''
2022-01-11 16:20:32.002  INFO 12144 --- [restartedMain] .s.c.n.e.s.EurekaAutoServiceRegistration : Updating port to 9099
2022-01-11 16:20:32.052  INFO 12144 --- [DiscoveryClient-InstanceInfoReplicator-0] com.netflix.discovery.DiscoveryClient    : DiscoveryClient_CONSUMER-SERVICE/LAPTOP-FJ89OA8Q:consumer-service:9099 - registration status: 204
2022-01-11 16:20:32.330  INFO 12144 --- [restartedMain] c.h.c.UserandpetconsumerApplication      : Started UserandpetconsumerApplication in 6.049 seconds (JVM running for 6.871)
2022-01-11 16:20:32.337  INFO 12144 --- [restartedMain] c.h.c.UserandpetconsumerApplication      : Main Method Start Consumer
2022-01-11 16:21:47.384  INFO 12144 --- [http-nio-9099-exec-1] o.a.c.c.C.[Tomcat].[localhost].[/]       : Initializing Spring DispatcherServlet 'dispatcherServlet'
2022-01-11 16:21:47.385  INFO 12144 --- [http-nio-9099-exec-1] o.s.web.servlet.DispatcherServlet        : Initializing Servlet 'dispatcherServlet'
2022-01-11 16:21:47.388  INFO 12144 --- [http-nio-9099-exec-1] o.s.web.servlet.DispatcherServlet        : Completed initialization in 2 ms
2022-01-11 16:21:47.421  INFO 12144 --- [http-nio-9099-exec-1] c.h.c.controller.ConsumerController      :  Client Send The Requset URL/petspetHome Start
2022-01-11 16:21:47.567  WARN 12144 --- [http-nio-9099-exec-1] o.s.c.l.core.RoundRobinLoadBalancer      : No servers available for service: PEETS-SERVICE
2022-01-11 16:21:47.569  WARN 12144 --- [http-nio-9099-exec-1] .s.c.o.l.FeignBlockingLoadBalancerClient : Load balancer does not contain an instance for the service PEETS-SERVICE
2022-01-11 16:21:47.608 ERROR 12144 --- [http-nio-9099-exec-1] o.a.c.c.C.[.[.[/].[dispatcherServlet]    : Servlet.service() for servlet [dispatcherServlet] in context with path [] threw exception [Request processing failed; nested exception is feign.FeignException$ServiceUnavailable: [503] during [GET] to [http://PEETS-SERVICE/petcon/pets] [PetFeignClient#getAllPets()]: [Load balancer does not contain an instance for the service PEETS-SERVICE]] with root cause

feign.FeignException$ServiceUnavailable: [503] during [GET] to [http://PEETS-SERVICE/petcon/pets] [PetFeignClient#getAllPets()]: [Load balancer does not contain an instance for the service PEETS-SERVICE]
	at feign.FeignException.serverErrorStatus(FeignException.java:256) ~[feign-core-11.7.jar:na]
	at feign.FeignException.errorStatus(FeignException.java:197) ~[feign-core-11.7.jar:na]
	at feign.FeignException.errorStatus(FeignException.java:185) ~[feign-core-11.7.jar:na]
	at feign.codec.ErrorDecoder$Default.decode(ErrorDecoder.java:92) ~[feign-core-11.7.jar:na]
	at feign.AsyncResponseHandler.handleResponse(AsyncResponseHandler.java:96) ~[feign-core-11.7.jar:na]
	at feign.SynchronousMethodHandler.executeAndDecode(SynchronousMethodHandler.java:138) ~[feign-core-11.7.jar:na]
	at feign.SynchronousMethodHandler.invoke(SynchronousMethodHandler.java:89) ~[feign-core-11.7.jar:na]
	at feign.ReflectiveFeign$FeignInvocationHandler.invoke(ReflectiveFeign.java:100) ~[feign-core-11.7.jar:na]
	at com.sun.proxy.$Proxy87.getAllPets(Unknown Source) ~[na:na]
	at com.hcl.consumer.service.UserAndPetConsumerServiceImpl.getAllPets(UserAndPetConsumerServiceImpl.java:131) ~[classes/:na]
	at com.hcl.consumer.controller.ConsumerController.petHome(ConsumerController.java:149) ~[classes/:na]
	at sun.reflect.NativeMethodAccessorImpl.invoke0(Native Method) ~[na:1.8.0_301]
	at sun.reflect.NativeMethodAccessorImpl.invoke(NativeMethodAccessorImpl.java:62) ~[na:1.8.0_301]
	at sun.reflect.DelegatingMethodAccessorImpl.invoke(DelegatingMethodAccessorImpl.java:43) ~[na:1.8.0_301]
	at java.lang.reflect.Method.invoke(Method.java:498) ~[na:1.8.0_301]
	at org.springframework.web.method.support.InvocableHandlerMethod.doInvoke(InvocableHandlerMethod.java:205) ~[spring-web-5.3.14.jar:5.3.14]
	at org.springframework.web.method.support.InvocableHandlerMethod.invokeForRequest(InvocableHandlerMethod.java:150) ~[spring-web-5.3.14.jar:5.3.14]
	at org.springframework.web.servlet.mvc.method.annotation.ServletInvocableHandlerMethod.invokeAndHandle(ServletInvocableHandlerMethod.java:117) ~[spring-webmvc-5.3.14.jar:5.3.14]
	at org.springframework.web.servlet.mvc.method.annotation.RequestMappingHandlerAdapter.invokeHandlerMethod(RequestMappingHandlerAdapter.java:895) ~[spring-webmvc-5.3.14.jar:5.3.14]
	at org.springframework.web.servlet.mvc.method.annotation.RequestMappingHandlerAdapter.handleInternal(RequestMappingHandlerAdapter.java:808) ~[spring-webmvc-5.3.14.jar:5.3.14]
	at org.springframework.web.servlet.mvc.method.AbstractHandlerMethodAdapter.handle(AbstractHandlerMethodAdapter.java:87) ~[spring-webmvc-5.3.14.jar:5.3.14]
	at org.springframework.web.servlet.DispatcherServlet.doDispatch(DispatcherServlet.java:1067) ~[spring-webmvc-5.3.14.jar:5.3.14]
	at org.springframework.web.servlet.DispatcherServlet.doService(DispatcherServlet.java:963) ~[spring-webmvc-5.3.14.jar:5.3.14]
	at org.springframework.web.servlet.FrameworkServlet.processRequest(FrameworkServlet.java:1006) ~[spring-webmvc-5.3.14.jar:5.3.14]
	at org.springframework.web.servlet.FrameworkServlet.doGet(FrameworkServlet.java:898) ~[spring-webmvc-5.3.14.jar:5.3.14]
	at javax.servlet.http.HttpServlet.service(HttpServlet.java:655) ~[tomcat-embed-core-9.0.56.jar:4.0.FR]
	at org.springframework.web.servlet.FrameworkServlet.service(FrameworkServlet.java:883) ~[spring-webmvc-5.3.14.jar:5.3.14]
	at javax.servlet.http.HttpServlet.service(HttpServlet.java:764) ~[tomcat-embed-core-9.0.56.jar:4.0.FR]
	at org.apache.catalina.core.ApplicationFilterChain.internalDoFilter(ApplicationFilterChain.java:227) ~[tomcat-embed-core-9.0.56.jar:9.0.56]
	at org.apache.catalina.core.ApplicationFilterChain.doFilter(ApplicationFilterChain.java:162) ~[tomcat-embed-core-9.0.56.jar:9.0.56]
	at org.apache.tomcat.websocket.server.WsFilter.doFilter(WsFilter.java:53) ~[tomcat-embed-websocket-9.0.56.jar:9.0.56]
	at org.apache.catalina.core.ApplicationFilterChain.internalDoFilter(ApplicationFilterChain.java:189) ~[tomcat-embed-core-9.0.56.jar:9.0.56]
	at org.apache.catalina.core.ApplicationFilterChain.doFilter(ApplicationFilterChain.java:162) ~[tomcat-embed-core-9.0.56.jar:9.0.56]
	at org.springframework.web.filter.RequestContextFilter.doFilterInternal(RequestContextFilter.java:100) ~[spring-web-5.3.14.jar:5.3.14]
	at org.springframework.web.filter.OncePerRequestFilter.doFilter(OncePerRequestFilter.java:117) ~[spring-web-5.3.14.jar:5.3.14]
	at org.apache.catalina.core.ApplicationFilterChain.internalDoFilter(ApplicationFilterChain.java:189) ~[tomcat-embed-core-9.0.56.jar:9.0.56]
	at org.apache.catalina.core.ApplicationFilterChain.doFilter(ApplicationFilterChain.java:162) ~[tomcat-embed-core-9.0.56.jar:9.0.56]
	at org.springframework.web.filter.FormContentFilter.doFilterInternal(FormContentFilter.java:93) ~[spring-web-5.3.14.jar:5.3.14]
	at org.springframework.web.filter.OncePerRequestFilter.doFilter(OncePerRequestFilter.java:117) ~[spring-web-5.3.14.jar:5.3.14]
	at org.apache.catalina.core.ApplicationFilterChain.internalDoFilter(ApplicationFilterChain.java:189) ~[tomcat-embed-core-9.0.56.jar:9.0.56]
	at org.apache.catalina.core.ApplicationFilterChain.doFilter(ApplicationFilterChain.java:162) ~[tomcat-embed-core-9.0.56.jar:9.0.56]
	at org.springframework.web.filter.CharacterEncodingFilter.doFilterInternal(CharacterEncodingFilter.java:201) ~[spring-web-5.3.14.jar:5.3.14]
	at org.springframework.web.filter.OncePerRequestFilter.doFilter(OncePerRequestFilter.java:117) ~[spring-web-5.3.14.jar:5.3.14]
	at org.apache.catalina.core.ApplicationFilterChain.internalDoFilter(ApplicationFilterChain.java:189) ~[tomcat-embed-core-9.0.56.jar:9.0.56]
	at org.apache.catalina.core.ApplicationFilterChain.doFilter(ApplicationFilterChain.java:162) ~[tomcat-embed-core-9.0.56.jar:9.0.56]
	at org.apache.catalina.core.StandardWrapperValve.invoke(StandardWrapperValve.java:197) ~[tomcat-embed-core-9.0.56.jar:9.0.56]
	at org.apache.catalina.core.StandardContextValve.invoke(StandardContextValve.java:97) [tomcat-embed-core-9.0.56.jar:9.0.56]
	at org.apache.catalina.authenticator.AuthenticatorBase.invoke(AuthenticatorBase.java:540) [tomcat-embed-core-9.0.56.jar:9.0.56]
	at org.apache.catalina.core.StandardHostValve.invoke(StandardHostValve.java:135) [tomcat-embed-core-9.0.56.jar:9.0.56]
	at org.apache.catalina.valves.ErrorReportValve.invoke(ErrorReportValve.java:92) [tomcat-embed-core-9.0.56.jar:9.0.56]
	at org.apache.catalina.core.StandardEngineValve.invoke(StandardEngineValve.java:78) [tomcat-embed-core-9.0.56.jar:9.0.56]
	at org.apache.catalina.connector.CoyoteAdapter.service(CoyoteAdapter.java:357) [tomcat-embed-core-9.0.56.jar:9.0.56]
	at org.apache.coyote.http11.Http11Processor.service(Http11Processor.java:382) [tomcat-embed-core-9.0.56.jar:9.0.56]
	at org.apache.coyote.AbstractProcessorLight.process(AbstractProcessorLight.java:65) [tomcat-embed-core-9.0.56.jar:9.0.56]
	at org.apache.coyote.AbstractProtocol$ConnectionHandler.process(AbstractProtocol.java:895) [tomcat-embed-core-9.0.56.jar:9.0.56]
	at org.apache.tomcat.util.net.NioEndpoint$SocketProcessor.doRun(NioEndpoint.java:1732) [tomcat-embed-core-9.0.56.jar:9.0.56]
	at org.apache.tomcat.util.net.SocketProcessorBase.run(SocketProcessorBase.java:49) [tomcat-embed-core-9.0.56.jar:9.0.56]
	at org.apache.tomcat.util.threads.ThreadPoolExecutor.runWorker(ThreadPoolExecutor.java:1191) [tomcat-embed-core-9.0.56.jar:9.0.56]
	at org.apache.tomcat.util.threads.ThreadPoolExecutor$Worker.run(ThreadPoolExecutor.java:659) [tomcat-embed-core-9.0.56.jar:9.0.56]
	at org.apache.tomcat.util.threads.TaskThread$WrappingRunnable.run(TaskThread.java:61) [tomcat-embed-core-9.0.56.jar:9.0.56]
	at java.lang.Thread.run(Thread.java:748) [na:1.8.0_301]

2022-01-11 16:22:39.643  INFO 12144 --- [http-nio-9099-exec-2] c.h.c.controller.ConsumerController      :  Client Send The Requset URL/petspetHome Start
2022-01-11 16:22:39.645  WARN 12144 --- [http-nio-9099-exec-2] o.s.c.l.core.RoundRobinLoadBalancer      : No servers available for service: PEETS-SERVICE
2022-01-11 16:22:39.645  WARN 12144 --- [http-nio-9099-exec-2] .s.c.o.l.FeignBlockingLoadBalancerClient : Load balancer does not contain an instance for the service PEETS-SERVICE
2022-01-11 16:22:39.650 ERROR 12144 --- [http-nio-9099-exec-2] o.a.c.c.C.[.[.[/].[dispatcherServlet]    : Servlet.service() for servlet [dispatcherServlet] in context with path [] threw exception [Request processing failed; nested exception is feign.FeignException$ServiceUnavailable: [503] during [GET] to [http://PEETS-SERVICE/petcon/pets] [PetFeignClient#getAllPets()]: [Load balancer does not contain an instance for the service PEETS-SERVICE]] with root cause

feign.FeignException$ServiceUnavailable: [503] during [GET] to [http://PEETS-SERVICE/petcon/pets] [PetFeignClient#getAllPets()]: [Load balancer does not contain an instance for the service PEETS-SERVICE]
	at feign.FeignException.serverErrorStatus(FeignException.java:256) ~[feign-core-11.7.jar:na]
	at feign.FeignException.errorStatus(FeignException.java:197) ~[feign-core-11.7.jar:na]
	at feign.FeignException.errorStatus(FeignException.java:185) ~[feign-core-11.7.jar:na]
	at feign.codec.ErrorDecoder$Default.decode(ErrorDecoder.java:92) ~[feign-core-11.7.jar:na]
	at feign.AsyncResponseHandler.handleResponse(AsyncResponseHandler.java:96) ~[feign-core-11.7.jar:na]
	at feign.SynchronousMethodHandler.executeAndDecode(SynchronousMethodHandler.java:138) ~[feign-core-11.7.jar:na]
	at feign.SynchronousMethodHandler.invoke(SynchronousMethodHandler.java:89) ~[feign-core-11.7.jar:na]
	at feign.ReflectiveFeign$FeignInvocationHandler.invoke(ReflectiveFeign.java:100) ~[feign-core-11.7.jar:na]
	at com.sun.proxy.$Proxy87.getAllPets(Unknown Source) ~[na:na]
	at com.hcl.consumer.service.UserAndPetConsumerServiceImpl.getAllPets(UserAndPetConsumerServiceImpl.java:131) ~[classes/:na]
	at com.hcl.consumer.controller.ConsumerController.petHome(ConsumerController.java:149) ~[classes/:na]
	at sun.reflect.NativeMethodAccessorImpl.invoke0(Native Method) ~[na:1.8.0_301]
	at sun.reflect.NativeMethodAccessorImpl.invoke(NativeMethodAccessorImpl.java:62) ~[na:1.8.0_301]
	at sun.reflect.DelegatingMethodAccessorImpl.invoke(DelegatingMethodAccessorImpl.java:43) ~[na:1.8.0_301]
	at java.lang.reflect.Method.invoke(Method.java:498) ~[na:1.8.0_301]
	at org.springframework.web.method.support.InvocableHandlerMethod.doInvoke(InvocableHandlerMethod.java:205) ~[spring-web-5.3.14.jar:5.3.14]
	at org.springframework.web.method.support.InvocableHandlerMethod.invokeForRequest(InvocableHandlerMethod.java:150) ~[spring-web-5.3.14.jar:5.3.14]
	at org.springframework.web.servlet.mvc.method.annotation.ServletInvocableHandlerMethod.invokeAndHandle(ServletInvocableHandlerMethod.java:117) ~[spring-webmvc-5.3.14.jar:5.3.14]
	at org.springframework.web.servlet.mvc.method.annotation.RequestMappingHandlerAdapter.invokeHandlerMethod(RequestMappingHandlerAdapter.java:895) ~[spring-webmvc-5.3.14.jar:5.3.14]
	at org.springframework.web.servlet.mvc.method.annotation.RequestMappingHandlerAdapter.handleInternal(RequestMappingHandlerAdapter.java:808) ~[spring-webmvc-5.3.14.jar:5.3.14]
	at org.springframework.web.servlet.mvc.method.AbstractHandlerMethodAdapter.handle(AbstractHandlerMethodAdapter.java:87) ~[spring-webmvc-5.3.14.jar:5.3.14]
	at org.springframework.web.servlet.DispatcherServlet.doDispatch(DispatcherServlet.java:1067) ~[spring-webmvc-5.3.14.jar:5.3.14]
	at org.springframework.web.servlet.DispatcherServlet.doService(DispatcherServlet.java:963) ~[spring-webmvc-5.3.14.jar:5.3.14]
	at org.springframework.web.servlet.FrameworkServlet.processRequest(FrameworkServlet.java:1006) ~[spring-webmvc-5.3.14.jar:5.3.14]
	at org.springframework.web.servlet.FrameworkServlet.doGet(FrameworkServlet.java:898) ~[spring-webmvc-5.3.14.jar:5.3.14]
	at javax.servlet.http.HttpServlet.service(HttpServlet.java:655) ~[tomcat-embed-core-9.0.56.jar:4.0.FR]
	at org.springframework.web.servlet.FrameworkServlet.service(FrameworkServlet.java:883) ~[spring-webmvc-5.3.14.jar:5.3.14]
	at javax.servlet.http.HttpServlet.service(HttpServlet.java:764) ~[tomcat-embed-core-9.0.56.jar:4.0.FR]
	at org.apache.catalina.core.ApplicationFilterChain.internalDoFilter(ApplicationFilterChain.java:227) ~[tomcat-embed-core-9.0.56.jar:9.0.56]
	at org.apache.catalina.core.ApplicationFilterChain.doFilter(ApplicationFilterChain.java:162) ~[tomcat-embed-core-9.0.56.jar:9.0.56]
	at org.apache.tomcat.websocket.server.WsFilter.doFilter(WsFilter.java:53) ~[tomcat-embed-websocket-9.0.56.jar:9.0.56]
	at org.apache.catalina.core.ApplicationFilterChain.internalDoFilter(ApplicationFilterChain.java:189) ~[tomcat-embed-core-9.0.56.jar:9.0.56]
	at org.apache.catalina.core.ApplicationFilterChain.doFilter(ApplicationFilterChain.java:162) ~[tomcat-embed-core-9.0.56.jar:9.0.56]
	at org.springframework.web.filter.RequestContextFilter.doFilterInternal(RequestContextFilter.java:100) ~[spring-web-5.3.14.jar:5.3.14]
	at org.springframework.web.filter.OncePerRequestFilter.doFilter(OncePerRequestFilter.java:117) ~[spring-web-5.3.14.jar:5.3.14]
	at org.apache.catalina.core.ApplicationFilterChain.internalDoFilter(ApplicationFilterChain.java:189) ~[tomcat-embed-core-9.0.56.jar:9.0.56]
	at org.apache.catalina.core.ApplicationFilterChain.doFilter(ApplicationFilterChain.java:162) ~[tomcat-embed-core-9.0.56.jar:9.0.56]
	at org.springframework.web.filter.FormContentFilter.doFilterInternal(FormContentFilter.java:93) ~[spring-web-5.3.14.jar:5.3.14]
	at org.springframework.web.filter.OncePerRequestFilter.doFilter(OncePerRequestFilter.java:117) ~[spring-web-5.3.14.jar:5.3.14]
	at org.apache.catalina.core.ApplicationFilterChain.internalDoFilter(ApplicationFilterChain.java:189) ~[tomcat-embed-core-9.0.56.jar:9.0.56]
	at org.apache.catalina.core.ApplicationFilterChain.doFilter(ApplicationFilterChain.java:162) ~[tomcat-embed-core-9.0.56.jar:9.0.56]
	at org.springframework.web.filter.CharacterEncodingFilter.doFilterInternal(CharacterEncodingFilter.java:201) ~[spring-web-5.3.14.jar:5.3.14]
	at org.springframework.web.filter.OncePerRequestFilter.doFilter(OncePerRequestFilter.java:117) ~[spring-web-5.3.14.jar:5.3.14]
	at org.apache.catalina.core.ApplicationFilterChain.internalDoFilter(ApplicationFilterChain.java:189) ~[tomcat-embed-core-9.0.56.jar:9.0.56]
	at org.apache.catalina.core.ApplicationFilterChain.doFilter(ApplicationFilterChain.java:162) ~[tomcat-embed-core-9.0.56.jar:9.0.56]
	at org.apache.catalina.core.StandardWrapperValve.invoke(StandardWrapperValve.java:197) ~[tomcat-embed-core-9.0.56.jar:9.0.56]
	at org.apache.catalina.core.StandardContextValve.invoke(StandardContextValve.java:97) [tomcat-embed-core-9.0.56.jar:9.0.56]
	at org.apache.catalina.authenticator.AuthenticatorBase.invoke(AuthenticatorBase.java:540) [tomcat-embed-core-9.0.56.jar:9.0.56]
	at org.apache.catalina.core.StandardHostValve.invoke(StandardHostValve.java:135) [tomcat-embed-core-9.0.56.jar:9.0.56]
	at org.apache.catalina.valves.ErrorReportValve.invoke(ErrorReportValve.java:92) [tomcat-embed-core-9.0.56.jar:9.0.56]
	at org.apache.catalina.core.StandardEngineValve.invoke(StandardEngineValve.java:78) [tomcat-embed-core-9.0.56.jar:9.0.56]
	at org.apache.catalina.connector.CoyoteAdapter.service(CoyoteAdapter.java:357) [tomcat-embed-core-9.0.56.jar:9.0.56]
	at org.apache.coyote.http11.Http11Processor.service(Http11Processor.java:382) [tomcat-embed-core-9.0.56.jar:9.0.56]
	at org.apache.coyote.AbstractProcessorLight.process(AbstractProcessorLight.java:65) [tomcat-embed-core-9.0.56.jar:9.0.56]
	at org.apache.coyote.AbstractProtocol$ConnectionHandler.process(AbstractProtocol.java:895) [tomcat-embed-core-9.0.56.jar:9.0.56]
	at org.apache.tomcat.util.net.NioEndpoint$SocketProcessor.doRun(NioEndpoint.java:1732) [tomcat-embed-core-9.0.56.jar:9.0.56]
	at org.apache.tomcat.util.net.SocketProcessorBase.run(SocketProcessorBase.java:49) [tomcat-embed-core-9.0.56.jar:9.0.56]
	at org.apache.tomcat.util.threads.ThreadPoolExecutor.runWorker(ThreadPoolExecutor.java:1191) [tomcat-embed-core-9.0.56.jar:9.0.56]
	at org.apache.tomcat.util.threads.ThreadPoolExecutor$Worker.run(ThreadPoolExecutor.java:659) [tomcat-embed-core-9.0.56.jar:9.0.56]
	at org.apache.tomcat.util.threads.TaskThread$WrappingRunnable.run(TaskThread.java:61) [tomcat-embed-core-9.0.56.jar:9.0.56]
	at java.lang.Thread.run(Thread.java:748) [na:1.8.0_301]

2022-01-11 16:22:49.873  INFO 12144 --- [http-nio-9099-exec-3] c.h.c.controller.ConsumerController      :  Client Send The Requset URL/petspetHome Start
2022-01-11 16:22:49.876  WARN 12144 --- [http-nio-9099-exec-3] o.s.c.l.core.RoundRobinLoadBalancer      : No servers available for service: PEETS-SERVICE
2022-01-11 16:22:49.878  WARN 12144 --- [http-nio-9099-exec-3] .s.c.o.l.FeignBlockingLoadBalancerClient : Load balancer does not contain an instance for the service PEETS-SERVICE
2022-01-11 16:22:49.880 ERROR 12144 --- [http-nio-9099-exec-3] o.a.c.c.C.[.[.[/].[dispatcherServlet]    : Servlet.service() for servlet [dispatcherServlet] in context with path [] threw exception [Request processing failed; nested exception is feign.FeignException$ServiceUnavailable: [503] during [GET] to [http://PEETS-SERVICE/petcon/pets] [PetFeignClient#getAllPets()]: [Load balancer does not contain an instance for the service PEETS-SERVICE]] with root cause

feign.FeignException$ServiceUnavailable: [503] during [GET] to [http://PEETS-SERVICE/petcon/pets] [PetFeignClient#getAllPets()]: [Load balancer does not contain an instance for the service PEETS-SERVICE]
	at feign.FeignException.serverErrorStatus(FeignException.java:256) ~[feign-core-11.7.jar:na]
	at feign.FeignException.errorStatus(FeignException.java:197) ~[feign-core-11.7.jar:na]
	at feign.FeignException.errorStatus(FeignException.java:185) ~[feign-core-11.7.jar:na]
	at feign.codec.ErrorDecoder$Default.decode(ErrorDecoder.java:92) ~[feign-core-11.7.jar:na]
	at feign.AsyncResponseHandler.handleResponse(AsyncResponseHandler.java:96) ~[feign-core-11.7.jar:na]
	at feign.SynchronousMethodHandler.executeAndDecode(SynchronousMethodHandler.java:138) ~[feign-core-11.7.jar:na]
	at feign.SynchronousMethodHandler.invoke(SynchronousMethodHandler.java:89) ~[feign-core-11.7.jar:na]
	at feign.ReflectiveFeign$FeignInvocationHandler.invoke(ReflectiveFeign.java:100) ~[feign-core-11.7.jar:na]
	at com.sun.proxy.$Proxy87.getAllPets(Unknown Source) ~[na:na]
	at com.hcl.consumer.service.UserAndPetConsumerServiceImpl.getAllPets(UserAndPetConsumerServiceImpl.java:131) ~[classes/:na]
	at com.hcl.consumer.controller.ConsumerController.petHome(ConsumerController.java:149) ~[classes/:na]
	at sun.reflect.NativeMethodAccessorImpl.invoke0(Native Method) ~[na:1.8.0_301]
	at sun.reflect.NativeMethodAccessorImpl.invoke(NativeMethodAccessorImpl.java:62) ~[na:1.8.0_301]
	at sun.reflect.DelegatingMethodAccessorImpl.invoke(DelegatingMethodAccessorImpl.java:43) ~[na:1.8.0_301]
	at java.lang.reflect.Method.invoke(Method.java:498) ~[na:1.8.0_301]
	at org.springframework.web.method.support.InvocableHandlerMethod.doInvoke(InvocableHandlerMethod.java:205) ~[spring-web-5.3.14.jar:5.3.14]
	at org.springframework.web.method.support.InvocableHandlerMethod.invokeForRequest(InvocableHandlerMethod.java:150) ~[spring-web-5.3.14.jar:5.3.14]
	at org.springframework.web.servlet.mvc.method.annotation.ServletInvocableHandlerMethod.invokeAndHandle(ServletInvocableHandlerMethod.java:117) ~[spring-webmvc-5.3.14.jar:5.3.14]
	at org.springframework.web.servlet.mvc.method.annotation.RequestMappingHandlerAdapter.invokeHandlerMethod(RequestMappingHandlerAdapter.java:895) ~[spring-webmvc-5.3.14.jar:5.3.14]
	at org.springframework.web.servlet.mvc.method.annotation.RequestMappingHandlerAdapter.handleInternal(RequestMappingHandlerAdapter.java:808) ~[spring-webmvc-5.3.14.jar:5.3.14]
	at org.springframework.web.servlet.mvc.method.AbstractHandlerMethodAdapter.handle(AbstractHandlerMethodAdapter.java:87) ~[spring-webmvc-5.3.14.jar:5.3.14]
	at org.springframework.web.servlet.DispatcherServlet.doDispatch(DispatcherServlet.java:1067) ~[spring-webmvc-5.3.14.jar:5.3.14]
	at org.springframework.web.servlet.DispatcherServlet.doService(DispatcherServlet.java:963) ~[spring-webmvc-5.3.14.jar:5.3.14]
	at org.springframework.web.servlet.FrameworkServlet.processRequest(FrameworkServlet.java:1006) ~[spring-webmvc-5.3.14.jar:5.3.14]
	at org.springframework.web.servlet.FrameworkServlet.doGet(FrameworkServlet.java:898) ~[spring-webmvc-5.3.14.jar:5.3.14]
	at javax.servlet.http.HttpServlet.service(HttpServlet.java:655) ~[tomcat-embed-core-9.0.56.jar:4.0.FR]
	at org.springframework.web.servlet.FrameworkServlet.service(FrameworkServlet.java:883) ~[spring-webmvc-5.3.14.jar:5.3.14]
	at javax.servlet.http.HttpServlet.service(HttpServlet.java:764) ~[tomcat-embed-core-9.0.56.jar:4.0.FR]
	at org.apache.catalina.core.ApplicationFilterChain.internalDoFilter(ApplicationFilterChain.java:227) ~[tomcat-embed-core-9.0.56.jar:9.0.56]
	at org.apache.catalina.core.ApplicationFilterChain.doFilter(ApplicationFilterChain.java:162) ~[tomcat-embed-core-9.0.56.jar:9.0.56]
	at org.apache.tomcat.websocket.server.WsFilter.doFilter(WsFilter.java:53) ~[tomcat-embed-websocket-9.0.56.jar:9.0.56]
	at org.apache.catalina.core.ApplicationFilterChain.internalDoFilter(ApplicationFilterChain.java:189) ~[tomcat-embed-core-9.0.56.jar:9.0.56]
	at org.apache.catalina.core.ApplicationFilterChain.doFilter(ApplicationFilterChain.java:162) ~[tomcat-embed-core-9.0.56.jar:9.0.56]
	at org.springframework.web.filter.RequestContextFilter.doFilterInternal(RequestContextFilter.java:100) ~[spring-web-5.3.14.jar:5.3.14]
	at org.springframework.web.filter.OncePerRequestFilter.doFilter(OncePerRequestFilter.java:117) ~[spring-web-5.3.14.jar:5.3.14]
	at org.apache.catalina.core.ApplicationFilterChain.internalDoFilter(ApplicationFilterChain.java:189) ~[tomcat-embed-core-9.0.56.jar:9.0.56]
	at org.apache.catalina.core.ApplicationFilterChain.doFilter(ApplicationFilterChain.java:162) ~[tomcat-embed-core-9.0.56.jar:9.0.56]
	at org.springframework.web.filter.FormContentFilter.doFilterInternal(FormContentFilter.java:93) ~[spring-web-5.3.14.jar:5.3.14]
	at org.springframework.web.filter.OncePerRequestFilter.doFilter(OncePerRequestFilter.java:117) ~[spring-web-5.3.14.jar:5.3.14]
	at org.apache.catalina.core.ApplicationFilterChain.internalDoFilter(ApplicationFilterChain.java:189) ~[tomcat-embed-core-9.0.56.jar:9.0.56]
	at org.apache.catalina.core.ApplicationFilterChain.doFilter(ApplicationFilterChain.java:162) ~[tomcat-embed-core-9.0.56.jar:9.0.56]
	at org.springframework.web.filter.CharacterEncodingFilter.doFilterInternal(CharacterEncodingFilter.java:201) ~[spring-web-5.3.14.jar:5.3.14]
	at org.springframework.web.filter.OncePerRequestFilter.doFilter(OncePerRequestFilter.java:117) ~[spring-web-5.3.14.jar:5.3.14]
	at org.apache.catalina.core.ApplicationFilterChain.internalDoFilter(ApplicationFilterChain.java:189) ~[tomcat-embed-core-9.0.56.jar:9.0.56]
	at org.apache.catalina.core.ApplicationFilterChain.doFilter(ApplicationFilterChain.java:162) ~[tomcat-embed-core-9.0.56.jar:9.0.56]
	at org.apache.catalina.core.StandardWrapperValve.invoke(StandardWrapperValve.java:197) ~[tomcat-embed-core-9.0.56.jar:9.0.56]
	at org.apache.catalina.core.StandardContextValve.invoke(StandardContextValve.java:97) [tomcat-embed-core-9.0.56.jar:9.0.56]
	at org.apache.catalina.authenticator.AuthenticatorBase.invoke(AuthenticatorBase.java:540) [tomcat-embed-core-9.0.56.jar:9.0.56]
	at org.apache.catalina.core.StandardHostValve.invoke(StandardHostValve.java:135) [tomcat-embed-core-9.0.56.jar:9.0.56]
	at org.apache.catalina.valves.ErrorReportValve.invoke(ErrorReportValve.java:92) [tomcat-embed-core-9.0.56.jar:9.0.56]
	at org.apache.catalina.core.StandardEngineValve.invoke(StandardEngineValve.java:78) [tomcat-embed-core-9.0.56.jar:9.0.56]
	at org.apache.catalina.connector.CoyoteAdapter.service(CoyoteAdapter.java:357) [tomcat-embed-core-9.0.56.jar:9.0.56]
	at org.apache.coyote.http11.Http11Processor.service(Http11Processor.java:382) [tomcat-embed-core-9.0.56.jar:9.0.56]
	at org.apache.coyote.AbstractProcessorLight.process(AbstractProcessorLight.java:65) [tomcat-embed-core-9.0.56.jar:9.0.56]
	at org.apache.coyote.AbstractProtocol$ConnectionHandler.process(AbstractProtocol.java:895) [tomcat-embed-core-9.0.56.jar:9.0.56]
	at org.apache.tomcat.util.net.NioEndpoint$SocketProcessor.doRun(NioEndpoint.java:1732) [tomcat-embed-core-9.0.56.jar:9.0.56]
	at org.apache.tomcat.util.net.SocketProcessorBase.run(SocketProcessorBase.java:49) [tomcat-embed-core-9.0.56.jar:9.0.56]
	at org.apache.tomcat.util.threads.ThreadPoolExecutor.runWorker(ThreadPoolExecutor.java:1191) [tomcat-embed-core-9.0.56.jar:9.0.56]
	at org.apache.tomcat.util.threads.ThreadPoolExecutor$Worker.run(ThreadPoolExecutor.java:659) [tomcat-embed-core-9.0.56.jar:9.0.56]
	at org.apache.tomcat.util.threads.TaskThread$WrappingRunnable.run(TaskThread.java:61) [tomcat-embed-core-9.0.56.jar:9.0.56]
	at java.lang.Thread.run(Thread.java:748) [na:1.8.0_301]

2022-01-11 16:29:27.811  INFO 6216 --- [restartedMain] c.h.c.UserandpetconsumerApplication      : Starting UserandpetconsumerApplication using Java 1.8.0_301 on LAPTOP-FJ89OA8Q with PID 6216 (E:\Spring Boot Project Work Space\userandpetconsumer\target\classes started by AKASH RONAD in E:\Spring Boot Project Work Space\userandpetconsumer)
2022-01-11 16:29:27.820  INFO 6216 --- [restartedMain] c.h.c.UserandpetconsumerApplication      : No active profile set, falling back to default profiles: default
2022-01-11 16:29:27.919  INFO 6216 --- [restartedMain] .e.DevToolsPropertyDefaultsPostProcessor : Devtools property defaults active! Set 'spring.devtools.add-properties' to 'false' to disable
2022-01-11 16:29:27.920  INFO 6216 --- [restartedMain] .e.DevToolsPropertyDefaultsPostProcessor : For additional web related logging consider setting the 'logging.level.web' property to 'DEBUG'
2022-01-11 16:29:29.111  INFO 6216 --- [restartedMain] o.s.cloud.context.scope.GenericScope     : BeanFactory id=d50cd8e5-a2e3-38df-bf30-683cf233a92b
2022-01-11 16:29:29.996  INFO 6216 --- [restartedMain] o.s.b.w.embedded.tomcat.TomcatWebServer  : Tomcat initialized with port(s): 9099 (http)
2022-01-11 16:29:30.010  INFO 6216 --- [restartedMain] o.apache.catalina.core.StandardService   : Starting service [Tomcat]
2022-01-11 16:29:30.011  INFO 6216 --- [restartedMain] org.apache.catalina.core.StandardEngine  : Starting Servlet engine: [Apache Tomcat/9.0.56]
2022-01-11 16:29:30.221  INFO 6216 --- [restartedMain] o.a.c.c.C.[Tomcat].[localhost].[/]       : Initializing Spring embedded WebApplicationContext
2022-01-11 16:29:30.222  INFO 6216 --- [restartedMain] w.s.c.ServletWebServerApplicationContext : Root WebApplicationContext: initialization completed in 2295 ms
2022-01-11 16:29:30.417  WARN 6216 --- [restartedMain] o.s.b.d.a.OptionalLiveReloadServer       : Unable to start LiveReload server
2022-01-11 16:29:30.485  INFO 6216 --- [restartedMain] o.s.c.openfeign.FeignClientFactoryBean   : For 'USER-SERVICE/usercon' URL not provided. Will try picking an instance via load-balancing.
2022-01-11 16:29:30.561  INFO 6216 --- [restartedMain] o.s.c.openfeign.FeignClientFactoryBean   : For 'PEETS-SERVICE/petcon' URL not provided. Will try picking an instance via load-balancing.
2022-01-11 16:29:31.388  INFO 6216 --- [restartedMain] DiscoveryClientOptionalArgsConfiguration : Eureka HTTP Client uses RestTemplate.
2022-01-11 16:29:31.702  WARN 6216 --- [restartedMain] iguration$LoadBalancerCaffeineWarnLogger : Spring Cloud LoadBalancer is currently working with the default cache. You can switch to using Caffeine cache, by adding it and org.springframework.cache.caffeine.CaffeineCacheManager to the classpath.
2022-01-11 16:29:31.730  INFO 6216 --- [restartedMain] o.s.c.n.eureka.InstanceInfoFactory       : Setting initial instance status as: STARTING
2022-01-11 16:29:31.812  INFO 6216 --- [restartedMain] com.netflix.discovery.DiscoveryClient    : Initializing Eureka in region us-east-1
2022-01-11 16:29:31.819  INFO 6216 --- [restartedMain] c.n.d.s.r.aws.ConfigClusterResolver      : Resolving eureka endpoints via configuration
2022-01-11 16:29:31.848  INFO 6216 --- [restartedMain] com.netflix.discovery.DiscoveryClient    : Disable delta property : false
2022-01-11 16:29:31.849  INFO 6216 --- [restartedMain] com.netflix.discovery.DiscoveryClient    : Single vip registry refresh property : null
2022-01-11 16:29:31.849  INFO 6216 --- [restartedMain] com.netflix.discovery.DiscoveryClient    : Force full registry fetch : false
2022-01-11 16:29:31.849  INFO 6216 --- [restartedMain] com.netflix.discovery.DiscoveryClient    : Application is null : false
2022-01-11 16:29:31.849  INFO 6216 --- [restartedMain] com.netflix.discovery.DiscoveryClient    : Registered Applications size is zero : true
2022-01-11 16:29:31.849  INFO 6216 --- [restartedMain] com.netflix.discovery.DiscoveryClient    : Application version is -1: true
2022-01-11 16:29:31.849  INFO 6216 --- [restartedMain] com.netflix.discovery.DiscoveryClient    : Getting all instance registry info from the eureka server
2022-01-11 16:29:32.591  INFO 6216 --- [restartedMain] com.netflix.discovery.DiscoveryClient    : The response status is 200
2022-01-11 16:29:32.594  INFO 6216 --- [restartedMain] com.netflix.discovery.DiscoveryClient    : Starting heartbeat executor: renew interval is: 30
2022-01-11 16:29:32.598  INFO 6216 --- [restartedMain] c.n.discovery.InstanceInfoReplicator     : InstanceInfoReplicator onDemand update allowed rate per min is 4
2022-01-11 16:29:32.604  INFO 6216 --- [restartedMain] com.netflix.discovery.DiscoveryClient    : Discovery Client initialized at timestamp 1641898772603 with initial instances count: 3
2022-01-11 16:29:32.606  INFO 6216 --- [restartedMain] o.s.c.n.e.s.EurekaServiceRegistry        : Registering application CONSUMER-SERVICE with eureka with status UP
2022-01-11 16:29:32.607  INFO 6216 --- [restartedMain] com.netflix.discovery.DiscoveryClient    : Saw local status change event StatusChangeEvent [timestamp=1641898772607, current=UP, previous=STARTING]
2022-01-11 16:29:32.609  INFO 6216 --- [DiscoveryClient-InstanceInfoReplicator-0] com.netflix.discovery.DiscoveryClient    : DiscoveryClient_CONSUMER-SERVICE/LAPTOP-FJ89OA8Q:consumer-service:9099: registering service...
2022-01-11 16:29:32.644  INFO 6216 --- [restartedMain] o.s.b.w.embedded.tomcat.TomcatWebServer  : Tomcat started on port(s): 9099 (http) with context path ''
2022-01-11 16:29:32.645  INFO 6216 --- [restartedMain] .s.c.n.e.s.EurekaAutoServiceRegistration : Updating port to 9099
2022-01-11 16:29:32.693  INFO 6216 --- [DiscoveryClient-InstanceInfoReplicator-0] com.netflix.discovery.DiscoveryClient    : DiscoveryClient_CONSUMER-SERVICE/LAPTOP-FJ89OA8Q:consumer-service:9099 - registration status: 204
2022-01-11 16:29:32.976  INFO 6216 --- [restartedMain] c.h.c.UserandpetconsumerApplication      : Started UserandpetconsumerApplication in 5.93 seconds (JVM running for 6.629)
2022-01-11 16:29:32.983  INFO 6216 --- [restartedMain] c.h.c.UserandpetconsumerApplication      : Main Method Start Consumer
2022-01-11 17:01:31.051  INFO 18340 --- [restartedMain] c.h.c.UserandpetconsumerApplication      : Starting UserandpetconsumerApplication using Java 1.8.0_301 on LAPTOP-FJ89OA8Q with PID 18340 (E:\Spring Boot Project Work Space\userandpetconsumer\target\classes started by AKASH RONAD in E:\Spring Boot Project Work Space\userandpetconsumer)
2022-01-11 17:01:31.059  INFO 18340 --- [restartedMain] c.h.c.UserandpetconsumerApplication      : No active profile set, falling back to default profiles: default
2022-01-11 17:01:31.130  INFO 18340 --- [restartedMain] .e.DevToolsPropertyDefaultsPostProcessor : Devtools property defaults active! Set 'spring.devtools.add-properties' to 'false' to disable
2022-01-11 17:01:31.130  INFO 18340 --- [restartedMain] .e.DevToolsPropertyDefaultsPostProcessor : For additional web related logging consider setting the 'logging.level.web' property to 'DEBUG'
2022-01-11 17:01:32.265  INFO 18340 --- [restartedMain] o.s.cloud.context.scope.GenericScope     : BeanFactory id=d50cd8e5-a2e3-38df-bf30-683cf233a92b
2022-01-11 17:01:33.140  INFO 18340 --- [restartedMain] o.s.b.w.embedded.tomcat.TomcatWebServer  : Tomcat initialized with port(s): 9099 (http)
2022-01-11 17:01:33.158  INFO 18340 --- [restartedMain] o.apache.catalina.core.StandardService   : Starting service [Tomcat]
2022-01-11 17:01:33.158  INFO 18340 --- [restartedMain] org.apache.catalina.core.StandardEngine  : Starting Servlet engine: [Apache Tomcat/9.0.56]
2022-01-11 17:01:33.378  INFO 18340 --- [restartedMain] o.a.c.c.C.[Tomcat].[localhost].[/]       : Initializing Spring embedded WebApplicationContext
2022-01-11 17:01:33.379  INFO 18340 --- [restartedMain] w.s.c.ServletWebServerApplicationContext : Root WebApplicationContext: initialization completed in 2248 ms
2022-01-11 17:01:33.589  WARN 18340 --- [restartedMain] o.s.b.d.a.OptionalLiveReloadServer       : Unable to start LiveReload server
2022-01-11 17:01:33.660  INFO 18340 --- [restartedMain] o.s.c.openfeign.FeignClientFactoryBean   : For 'USER-SERVICE/usercon' URL not provided. Will try picking an instance via load-balancing.
2022-01-11 17:01:33.741  INFO 18340 --- [restartedMain] o.s.c.openfeign.FeignClientFactoryBean   : For 'PEETS-SERVICE/petcon' URL not provided. Will try picking an instance via load-balancing.
2022-01-11 17:01:34.594  INFO 18340 --- [restartedMain] DiscoveryClientOptionalArgsConfiguration : Eureka HTTP Client uses RestTemplate.
2022-01-11 17:01:34.923  WARN 18340 --- [restartedMain] iguration$LoadBalancerCaffeineWarnLogger : Spring Cloud LoadBalancer is currently working with the default cache. You can switch to using Caffeine cache, by adding it and org.springframework.cache.caffeine.CaffeineCacheManager to the classpath.
2022-01-11 17:01:34.953  INFO 18340 --- [restartedMain] o.s.c.n.eureka.InstanceInfoFactory       : Setting initial instance status as: STARTING
2022-01-11 17:01:35.040  INFO 18340 --- [restartedMain] com.netflix.discovery.DiscoveryClient    : Initializing Eureka in region us-east-1
2022-01-11 17:01:35.046  INFO 18340 --- [restartedMain] c.n.d.s.r.aws.ConfigClusterResolver      : Resolving eureka endpoints via configuration
2022-01-11 17:01:35.075  INFO 18340 --- [restartedMain] com.netflix.discovery.DiscoveryClient    : Disable delta property : false
2022-01-11 17:01:35.076  INFO 18340 --- [restartedMain] com.netflix.discovery.DiscoveryClient    : Single vip registry refresh property : null
2022-01-11 17:01:35.076  INFO 18340 --- [restartedMain] com.netflix.discovery.DiscoveryClient    : Force full registry fetch : false
2022-01-11 17:01:35.076  INFO 18340 --- [restartedMain] com.netflix.discovery.DiscoveryClient    : Application is null : false
2022-01-11 17:01:35.076  INFO 18340 --- [restartedMain] com.netflix.discovery.DiscoveryClient    : Registered Applications size is zero : true
2022-01-11 17:01:35.076  INFO 18340 --- [restartedMain] com.netflix.discovery.DiscoveryClient    : Application version is -1: true
2022-01-11 17:01:35.076  INFO 18340 --- [restartedMain] com.netflix.discovery.DiscoveryClient    : Getting all instance registry info from the eureka server
2022-01-11 17:01:35.756  INFO 18340 --- [restartedMain] com.netflix.discovery.DiscoveryClient    : The response status is 200
2022-01-11 17:01:35.759  INFO 18340 --- [restartedMain] com.netflix.discovery.DiscoveryClient    : Starting heartbeat executor: renew interval is: 30
2022-01-11 17:01:35.763  INFO 18340 --- [restartedMain] c.n.discovery.InstanceInfoReplicator     : InstanceInfoReplicator onDemand update allowed rate per min is 4
2022-01-11 17:01:35.772  INFO 18340 --- [restartedMain] com.netflix.discovery.DiscoveryClient    : Discovery Client initialized at timestamp 1641900695770 with initial instances count: 3
2022-01-11 17:01:35.773  INFO 18340 --- [restartedMain] o.s.c.n.e.s.EurekaServiceRegistry        : Registering application CONSUMER-SERVICE with eureka with status UP
2022-01-11 17:01:35.774  INFO 18340 --- [restartedMain] com.netflix.discovery.DiscoveryClient    : Saw local status change event StatusChangeEvent [timestamp=1641900695774, current=UP, previous=STARTING]
2022-01-11 17:01:35.776  INFO 18340 --- [DiscoveryClient-InstanceInfoReplicator-0] com.netflix.discovery.DiscoveryClient    : DiscoveryClient_CONSUMER-SERVICE/LAPTOP-FJ89OA8Q:consumer-service:9099: registering service...
2022-01-11 17:01:35.806  INFO 18340 --- [restartedMain] o.s.b.w.embedded.tomcat.TomcatWebServer  : Tomcat started on port(s): 9099 (http) with context path ''
2022-01-11 17:01:35.808  INFO 18340 --- [restartedMain] .s.c.n.e.s.EurekaAutoServiceRegistration : Updating port to 9099
2022-01-11 17:01:35.851  INFO 18340 --- [DiscoveryClient-InstanceInfoReplicator-0] com.netflix.discovery.DiscoveryClient    : DiscoveryClient_CONSUMER-SERVICE/LAPTOP-FJ89OA8Q:consumer-service:9099 - registration status: 204
2022-01-11 17:01:36.124  INFO 18340 --- [restartedMain] c.h.c.UserandpetconsumerApplication      : Started UserandpetconsumerApplication in 5.866 seconds (JVM running for 6.581)
2022-01-11 17:01:36.130  INFO 18340 --- [restartedMain] c.h.c.UserandpetconsumerApplication      : Main Method Start Consumer
2022-01-11 17:03:20.260  INFO 18340 --- [http-nio-9099-exec-1] o.a.c.c.C.[Tomcat].[localhost].[/]       : Initializing Spring DispatcherServlet 'dispatcherServlet'
2022-01-11 17:03:20.260  INFO 18340 --- [http-nio-9099-exec-1] o.s.web.servlet.DispatcherServlet        : Initializing Servlet 'dispatcherServlet'
2022-01-11 17:03:20.262  INFO 18340 --- [http-nio-9099-exec-1] o.s.web.servlet.DispatcherServlet        : Completed initialization in 2 ms
2022-01-11 17:03:20.293  INFO 18340 --- [http-nio-9099-exec-1] c.h.c.controller.ConsumerController      :  Client Send The Requset URL/getUserslistUsers Start
2022-01-11 17:03:20.888  INFO 18340 --- [http-nio-9099-exec-1] c.h.c.controller.ConsumerController      : UserAndPetConsumerService listUsers Method Return Result
2022-01-11 17:03:20.888  INFO 18340 --- [http-nio-9099-exec-1] c.h.c.controller.ConsumerController      : ConsumerController listUsers Method End
