2022-01-02 14:50:57.743  INFO 15780 --- [main] c.h.c.UserandpetconsumerApplicationTests : Starting UserandpetconsumerApplicationTests using Java 1.8.0_301 on LAPTOP-FJ89OA8Q with PID 15780 (started by AKASH RONAD in E:\Spring Boot Project Work Space\userandpetconsumer)
2022-01-02 14:50:57.745  INFO 15780 --- [main] c.h.c.UserandpetconsumerApplicationTests : No active profile set, falling back to default profiles: default
2022-01-02 14:50:59.644  INFO 15780 --- [main] c.h.c.UserandpetconsumerApplicationTests : Started UserandpetconsumerApplicationTests in 2.278 seconds (JVM running for 3.563)
2022-01-02 15:53:04.634  INFO 10484 --- [restartedMain] c.h.c.UserandpetconsumerApplication      : Starting UserandpetconsumerApplication using Java 1.8.0_301 on LAPTOP-FJ89OA8Q with PID 10484 (E:\Spring Boot Project Work Space\userandpetconsumer\target\classes started by AKASH RONAD in E:\Spring Boot Project Work Space\userandpetconsumer)
2022-01-02 15:53:04.636  INFO 10484 --- [restartedMain] c.h.c.UserandpetconsumerApplication      : No active profile set, falling back to default profiles: default
2022-01-02 15:53:04.696  INFO 10484 --- [restartedMain] .e.DevToolsPropertyDefaultsPostProcessor : Devtools property defaults active! Set 'spring.devtools.add-properties' to 'false' to disable
2022-01-02 15:53:04.696  INFO 10484 --- [restartedMain] .e.DevToolsPropertyDefaultsPostProcessor : For additional web related logging consider setting the 'logging.level.web' property to 'DEBUG'
2022-01-02 15:53:06.197  INFO 10484 --- [restartedMain] o.s.b.w.embedded.tomcat.TomcatWebServer  : Tomcat initialized with port(s): 9099 (http)
2022-01-02 15:53:06.219  INFO 10484 --- [restartedMain] o.apache.catalina.core.StandardService   : Starting service [Tomcat]
2022-01-02 15:53:06.219  INFO 10484 --- [restartedMain] org.apache.catalina.core.StandardEngine  : Starting Servlet engine: [Apache Tomcat/9.0.56]
2022-01-02 15:53:06.314  INFO 10484 --- [restartedMain] o.a.c.c.C.[Tomcat].[localhost].[/]       : Initializing Spring embedded WebApplicationContext
2022-01-02 15:53:06.315  INFO 10484 --- [restartedMain] w.s.c.ServletWebServerApplicationContext : Root WebApplicationContext: initialization completed in 1618 ms
2022-01-02 15:53:06.776  WARN 10484 --- [restartedMain] o.s.b.d.a.OptionalLiveReloadServer       : Unable to start LiveReload server
2022-01-02 15:53:06.877  INFO 10484 --- [restartedMain] o.s.b.w.embedded.tomcat.TomcatWebServer  : Tomcat started on port(s): 9099 (http) with context path ''
2022-01-02 15:53:06.896  INFO 10484 --- [restartedMain] c.h.c.UserandpetconsumerApplication      : Started UserandpetconsumerApplication in 2.732 seconds (JVM running for 3.385)
2022-01-02 15:53:06.900  INFO 10484 --- [restartedMain] c.h.c.UserandpetconsumerApplication      : Main Method Start
2022-01-02 15:55:16.363  INFO 10484 --- [http-nio-9099-exec-2] o.a.c.c.C.[Tomcat].[localhost].[/]       : Initializing Spring DispatcherServlet 'dispatcherServlet'
2022-01-02 15:55:16.364  INFO 10484 --- [http-nio-9099-exec-2] o.s.web.servlet.DispatcherServlet        : Initializing Servlet 'dispatcherServlet'
2022-01-02 15:55:16.366  INFO 10484 --- [http-nio-9099-exec-2] o.s.web.servlet.DispatcherServlet        : Completed initialization in 2 ms
2022-01-02 15:55:16.862  INFO 10484 --- [http-nio-9099-exec-2] c.h.c.controller.ConsumerController      :  Client Send The Requset URL/user/addaddUserMethod Start
2022-01-02 15:55:19.067 ERROR 10484 --- [http-nio-9099-exec-2] o.a.c.c.C.[.[.[/].[dispatcherServlet]    : Servlet.service() for servlet [dispatcherServlet] in context with path [] threw exception [Request processing failed; nested exception is org.springframework.web.client.ResourceAccessException: I/O error on POST request for "http://localhost:9095/user/add": Connection refused: connect; nested exception is java.net.ConnectException: Connection refused: connect] with root cause

java.net.ConnectException: Connection refused: connect
	at java.net.DualStackPlainSocketImpl.connect0(Native Method) ~[na:1.8.0_301]
	at java.net.DualStackPlainSocketImpl.socketConnect(DualStackPlainSocketImpl.java:75) ~[na:1.8.0_301]
	at java.net.AbstractPlainSocketImpl.doConnect(AbstractPlainSocketImpl.java:476) ~[na:1.8.0_301]
	at java.net.AbstractPlainSocketImpl.connectToAddress(AbstractPlainSocketImpl.java:218) ~[na:1.8.0_301]
	at java.net.AbstractPlainSocketImpl.connect(AbstractPlainSocketImpl.java:200) ~[na:1.8.0_301]
	at java.net.PlainSocketImpl.connect(PlainSocketImpl.java:162) ~[na:1.8.0_301]
	at java.net.SocksSocketImpl.connect(SocksSocketImpl.java:394) ~[na:1.8.0_301]
	at java.net.Socket.connect(Socket.java:606) ~[na:1.8.0_301]
	at java.net.Socket.connect(Socket.java:555) ~[na:1.8.0_301]
	at sun.net.NetworkClient.doConnect(NetworkClient.java:180) ~[na:1.8.0_301]
	at sun.net.www.http.HttpClient.openServer(HttpClient.java:463) ~[na:1.8.0_301]
	at sun.net.www.http.HttpClient.openServer(HttpClient.java:558) ~[na:1.8.0_301]
	at sun.net.www.http.HttpClient.<init>(HttpClient.java:242) ~[na:1.8.0_301]
	at sun.net.www.http.HttpClient.New(HttpClient.java:339) ~[na:1.8.0_301]
	at sun.net.www.http.HttpClient.New(HttpClient.java:357) ~[na:1.8.0_301]
	at sun.net.www.protocol.http.HttpURLConnection.getNewHttpClient(HttpURLConnection.java:1226) ~[na:1.8.0_301]
	at sun.net.www.protocol.http.HttpURLConnection.plainConnect0(HttpURLConnection.java:1162) ~[na:1.8.0_301]
	at sun.net.www.protocol.http.HttpURLConnection.plainConnect(HttpURLConnection.java:1056) ~[na:1.8.0_301]
	at sun.net.www.protocol.http.HttpURLConnection.connect(HttpURLConnection.java:990) ~[na:1.8.0_301]
	at org.springframework.http.client.SimpleBufferingClientHttpRequest.executeInternal(SimpleBufferingClientHttpRequest.java:76) ~[spring-web-5.3.14.jar:5.3.14]
	at org.springframework.http.client.AbstractBufferingClientHttpRequest.executeInternal(AbstractBufferingClientHttpRequest.java:48) ~[spring-web-5.3.14.jar:5.3.14]
	at org.springframework.http.client.AbstractClientHttpRequest.execute(AbstractClientHttpRequest.java:66) ~[spring-web-5.3.14.jar:5.3.14]
	at org.springframework.web.client.RestTemplate.doExecute(RestTemplate.java:776) ~[spring-web-5.3.14.jar:5.3.14]
	at org.springframework.web.client.RestTemplate.execute(RestTemplate.java:711) ~[spring-web-5.3.14.jar:5.3.14]
	at org.springframework.web.client.RestTemplate.exchange(RestTemplate.java:602) ~[spring-web-5.3.14.jar:5.3.14]
	at com.hcl.consumer.controller.ConsumerController.addUser(ConsumerController.java:40) ~[classes/:na]
	at sun.reflect.NativeMethodAccessorImpl.invoke0(Native Method) ~[na:1.8.0_301]
	at sun.reflect.NativeMethodAccessorImpl.invoke(NativeMethodAccessorImpl.java:62) ~[na:1.8.0_301]
	at sun.reflect.DelegatingMethodAccessorImpl.invoke(DelegatingMethodAccessorImpl.java:43) ~[na:1.8.0_301]
	at java.lang.reflect.Method.invoke(Method.java:498) ~[na:1.8.0_301]
	at org.springframework.web.method.support.InvocableHandlerMethod.doInvoke(InvocableHandlerMethod.java:205) ~[spring-web-5.3.14.jar:5.3.14]
	at org.springframework.web.method.support.InvocableHandlerMethod.invokeForRequest(InvocableHandlerMethod.java:150) ~[spring-web-5.3.14.jar:5.3.14]
	at org.springframework.web.servlet.mvc.method.annotation.ServletInvocableHandlerMethod.invokeAndHandle(ServletInvocableHandlerMethod.java:117) ~[spring-webmvc-5.3.14.jar:5.3.14]
	at org.springframework.web.servlet.mvc.method.annotation.RequestMappingHandlerAdapter.invokeHandlerMethod(RequestMappingHandlerAdapter.java:895) ~[spring-webmvc-5.3.14.jar:5.3.14]
	at org.springframework.web.servlet.mvc.method.annotation.RequestMappingHandlerAdapter.handleInternal(RequestMappingHandlerAdapter.java:808) ~[spring-webmvc-5.3.14.jar:5.3.14]
	at org.springframework.web.servlet.mvc.method.AbstractHandlerMethodAdapter.handle(AbstractHandlerMethodAdapter.java:87) ~[spring-webmvc-5.3.14.jar:5.3.14]
	at org.springframework.web.servlet.DispatcherServlet.doDispatch(DispatcherServlet.java:1067) ~[spring-webmvc-5.3.14.jar:5.3.14]
	at org.springframework.web.servlet.DispatcherServlet.doService(DispatcherServlet.java:963) ~[spring-webmvc-5.3.14.jar:5.3.14]
	at org.springframework.web.servlet.FrameworkServlet.processRequest(FrameworkServlet.java:1006) ~[spring-webmvc-5.3.14.jar:5.3.14]
	at org.springframework.web.servlet.FrameworkServlet.doPost(FrameworkServlet.java:909) ~[spring-webmvc-5.3.14.jar:5.3.14]
	at javax.servlet.http.HttpServlet.service(HttpServlet.java:681) ~[tomcat-embed-core-9.0.56.jar:4.0.FR]
	at org.springframework.web.servlet.FrameworkServlet.service(FrameworkServlet.java:883) ~[spring-webmvc-5.3.14.jar:5.3.14]
	at javax.servlet.http.HttpServlet.service(HttpServlet.java:764) ~[tomcat-embed-core-9.0.56.jar:4.0.FR]
	at org.apache.catalina.core.ApplicationFilterChain.internalDoFilter(ApplicationFilterChain.java:227) ~[tomcat-embed-core-9.0.56.jar:9.0.56]
	at org.apache.catalina.core.ApplicationFilterChain.doFilter(ApplicationFilterChain.java:162) ~[tomcat-embed-core-9.0.56.jar:9.0.56]
	at org.apache.tomcat.websocket.server.WsFilter.doFilter(WsFilter.java:53) ~[tomcat-embed-websocket-9.0.56.jar:9.0.56]
	at org.apache.catalina.core.ApplicationFilterChain.internalDoFilter(ApplicationFilterChain.java:189) ~[tomcat-embed-core-9.0.56.jar:9.0.56]
	at org.apache.catalina.core.ApplicationFilterChain.doFilter(ApplicationFilterChain.java:162) ~[tomcat-embed-core-9.0.56.jar:9.0.56]
	at org.springframework.web.filter.RequestContextFilter.doFilterInternal(RequestContextFilter.java:100) ~[spring-web-5.3.14.jar:5.3.14]
	at org.springframework.web.filter.OncePerRequestFilter.doFilter(OncePerRequestFilter.java:117) ~[spring-web-5.3.14.jar:5.3.14]
	at org.apache.catalina.core.ApplicationFilterChain.internalDoFilter(ApplicationFilterChain.java:189) ~[tomcat-embed-core-9.0.56.jar:9.0.56]
	at org.apache.catalina.core.ApplicationFilterChain.doFilter(ApplicationFilterChain.java:162) ~[tomcat-embed-core-9.0.56.jar:9.0.56]
	at org.springframework.web.filter.FormContentFilter.doFilterInternal(FormContentFilter.java:93) ~[spring-web-5.3.14.jar:5.3.14]
	at org.springframework.web.filter.OncePerRequestFilter.doFilter(OncePerRequestFilter.java:117) ~[spring-web-5.3.14.jar:5.3.14]
	at org.apache.catalina.core.ApplicationFilterChain.internalDoFilter(ApplicationFilterChain.java:189) ~[tomcat-embed-core-9.0.56.jar:9.0.56]
	at org.apache.catalina.core.ApplicationFilterChain.doFilter(ApplicationFilterChain.java:162) ~[tomcat-embed-core-9.0.56.jar:9.0.56]
	at org.springframework.web.filter.CharacterEncodingFilter.doFilterInternal(CharacterEncodingFilter.java:201) ~[spring-web-5.3.14.jar:5.3.14]
	at org.springframework.web.filter.OncePerRequestFilter.doFilter(OncePerRequestFilter.java:117) ~[spring-web-5.3.14.jar:5.3.14]
	at org.apache.catalina.core.ApplicationFilterChain.internalDoFilter(ApplicationFilterChain.java:189) ~[tomcat-embed-core-9.0.56.jar:9.0.56]
	at org.apache.catalina.core.ApplicationFilterChain.doFilter(ApplicationFilterChain.java:162) ~[tomcat-embed-core-9.0.56.jar:9.0.56]
	at org.apache.catalina.core.StandardWrapperValve.invoke(StandardWrapperValve.java:197) ~[tomcat-embed-core-9.0.56.jar:9.0.56]
	at org.apache.catalina.core.StandardContextValve.invoke(StandardContextValve.java:97) [tomcat-embed-core-9.0.56.jar:9.0.56]
	at org.apache.catalina.authenticator.AuthenticatorBase.invoke(AuthenticatorBase.java:540) [tomcat-embed-core-9.0.56.jar:9.0.56]
	at org.apache.catalina.core.StandardHostValve.invoke(StandardHostValve.java:135) [tomcat-embed-core-9.0.56.jar:9.0.56]
	at org.apache.catalina.valves.ErrorReportValve.invoke(ErrorReportValve.java:92) [tomcat-embed-core-9.0.56.jar:9.0.56]
	at org.apache.catalina.core.StandardEngineValve.invoke(StandardEngineValve.java:78) [tomcat-embed-core-9.0.56.jar:9.0.56]
	at org.apache.catalina.connector.CoyoteAdapter.service(CoyoteAdapter.java:357) [tomcat-embed-core-9.0.56.jar:9.0.56]
	at org.apache.coyote.http11.Http11Processor.service(Http11Processor.java:382) [tomcat-embed-core-9.0.56.jar:9.0.56]
	at org.apache.coyote.AbstractProcessorLight.process(AbstractProcessorLight.java:65) [tomcat-embed-core-9.0.56.jar:9.0.56]
	at org.apache.coyote.AbstractProtocol$ConnectionHandler.process(AbstractProtocol.java:895) [tomcat-embed-core-9.0.56.jar:9.0.56]
	at org.apache.tomcat.util.net.NioEndpoint$SocketProcessor.doRun(NioEndpoint.java:1732) [tomcat-embed-core-9.0.56.jar:9.0.56]
	at org.apache.tomcat.util.net.SocketProcessorBase.run(SocketProcessorBase.java:49) [tomcat-embed-core-9.0.56.jar:9.0.56]
	at org.apache.tomcat.util.threads.ThreadPoolExecutor.runWorker(ThreadPoolExecutor.java:1191) [tomcat-embed-core-9.0.56.jar:9.0.56]
	at org.apache.tomcat.util.threads.ThreadPoolExecutor$Worker.run(ThreadPoolExecutor.java:659) [tomcat-embed-core-9.0.56.jar:9.0.56]
	at org.apache.tomcat.util.threads.TaskThread$WrappingRunnable.run(TaskThread.java:61) [tomcat-embed-core-9.0.56.jar:9.0.56]
	at java.lang.Thread.run(Thread.java:748) [na:1.8.0_301]

2022-01-02 15:58:56.794  INFO 32764 --- [restartedMain] c.h.c.UserandpetconsumerApplication      : Starting UserandpetconsumerApplication using Java 1.8.0_301 on LAPTOP-FJ89OA8Q with PID 32764 (E:\Spring Boot Project Work Space\userandpetconsumer\target\classes started by AKASH RONAD in E:\Spring Boot Project Work Space\userandpetconsumer)
2022-01-02 15:58:56.795  INFO 32764 --- [restartedMain] c.h.c.UserandpetconsumerApplication      : No active profile set, falling back to default profiles: default
2022-01-02 15:58:56.856  INFO 32764 --- [restartedMain] .e.DevToolsPropertyDefaultsPostProcessor : Devtools property defaults active! Set 'spring.devtools.add-properties' to 'false' to disable
2022-01-02 15:58:56.856  INFO 32764 --- [restartedMain] .e.DevToolsPropertyDefaultsPostProcessor : For additional web related logging consider setting the 'logging.level.web' property to 'DEBUG'
2022-01-02 15:58:58.240  INFO 32764 --- [restartedMain] o.s.b.w.embedded.tomcat.TomcatWebServer  : Tomcat initialized with port(s): 9099 (http)
2022-01-02 15:58:58.251  INFO 32764 --- [restartedMain] o.apache.catalina.core.StandardService   : Starting service [Tomcat]
2022-01-02 15:58:58.251  INFO 32764 --- [restartedMain] org.apache.catalina.core.StandardEngine  : Starting Servlet engine: [Apache Tomcat/9.0.56]
2022-01-02 15:58:58.336  INFO 32764 --- [restartedMain] o.a.c.c.C.[Tomcat].[localhost].[/]       : Initializing Spring embedded WebApplicationContext
2022-01-02 15:58:58.336  INFO 32764 --- [restartedMain] w.s.c.ServletWebServerApplicationContext : Root WebApplicationContext: initialization completed in 1479 ms
2022-01-02 15:58:58.942  WARN 32764 --- [restartedMain] o.s.b.d.a.OptionalLiveReloadServer       : Unable to start LiveReload server
2022-01-02 15:58:58.979  INFO 32764 --- [restartedMain] o.s.b.w.embedded.tomcat.TomcatWebServer  : Tomcat started on port(s): 9099 (http) with context path ''
2022-01-02 15:58:58.992  INFO 32764 --- [restartedMain] c.h.c.UserandpetconsumerApplication      : Started UserandpetconsumerApplication in 2.652 seconds (JVM running for 3.181)
2022-01-02 15:58:58.998  INFO 32764 --- [restartedMain] c.h.c.UserandpetconsumerApplication      : Main Method Start
2022-01-02 15:59:14.447  INFO 32764 --- [http-nio-9099-exec-2] o.a.c.c.C.[Tomcat].[localhost].[/]       : Initializing Spring DispatcherServlet 'dispatcherServlet'
2022-01-02 15:59:14.449  INFO 32764 --- [http-nio-9099-exec-2] o.s.web.servlet.DispatcherServlet        : Initializing Servlet 'dispatcherServlet'
2022-01-02 15:59:14.451  INFO 32764 --- [http-nio-9099-exec-2] o.s.web.servlet.DispatcherServlet        : Completed initialization in 2 ms
2022-01-02 15:59:14.812  INFO 32764 --- [http-nio-9099-exec-2] c.h.c.controller.ConsumerController      :  Client Send The Requset URL/user/addaddUserMethod Start
2022-01-02 16:02:03.564  WARN 32764 --- [http-nio-9099-exec-5] .m.m.a.ExceptionHandlerExceptionResolver : Resolved [org.springframework.web.bind.MethodArgumentNotValidException: Validation failed for argument [0] in public org.springframework.http.ResponseEntity<java.lang.String> com.hcl.consumer.controller.ConsumerController.addUser(com.hcl.consumer.model.User) throws com.hcl.consumer.customerror.ApplicationException: [Field error in object 'user' on field 'userConfirmPassword': rejected value []; codes [NotEmpty.user.userConfirmPassword,NotEmpty.userConfirmPassword,NotEmpty.java.lang.String,NotEmpty]; arguments [org.springframework.context.support.DefaultMessageSourceResolvable: codes [user.userConfirmPassword,userConfirmPassword]; arguments []; default message [userConfirmPassword]]; default message [UserConfirmPassword Feild Is Required]] ]
2022-01-02 16:11:45.236  INFO 32764 --- [restartedMain] c.h.c.UserandpetconsumerApplication      : Starting UserandpetconsumerApplication using Java 1.8.0_301 on LAPTOP-FJ89OA8Q with PID 32764 (E:\Spring Boot Project Work Space\userandpetconsumer\target\classes started by AKASH RONAD in E:\Spring Boot Project Work Space\userandpetconsumer)
2022-01-02 16:11:45.237  INFO 32764 --- [restartedMain] c.h.c.UserandpetconsumerApplication      : No active profile set, falling back to default profiles: default
2022-01-02 16:11:45.499  INFO 32764 --- [restartedMain] o.s.b.w.embedded.tomcat.TomcatWebServer  : Tomcat initialized with port(s): 9099 (http)
2022-01-02 16:11:45.500  INFO 32764 --- [restartedMain] o.apache.catalina.core.StandardService   : Starting service [Tomcat]
2022-01-02 16:11:45.500  INFO 32764 --- [restartedMain] org.apache.catalina.core.StandardEngine  : Starting Servlet engine: [Apache Tomcat/9.0.56]
2022-01-02 16:11:45.523  INFO 32764 --- [restartedMain] o.a.c.c.C.[Tomcat].[localhost].[/]       : Initializing Spring embedded WebApplicationContext
2022-01-02 16:11:45.524  INFO 32764 --- [restartedMain] w.s.c.ServletWebServerApplicationContext : Root WebApplicationContext: initialization completed in 284 ms
2022-01-02 16:11:45.625  WARN 32764 --- [restartedMain] o.s.b.d.a.OptionalLiveReloadServer       : Unable to start LiveReload server
2022-01-02 16:11:45.634  INFO 32764 --- [restartedMain] o.s.b.w.embedded.tomcat.TomcatWebServer  : Tomcat started on port(s): 9099 (http) with context path ''
2022-01-02 16:11:45.637  INFO 32764 --- [restartedMain] c.h.c.UserandpetconsumerApplication      : Started UserandpetconsumerApplication in 0.434 seconds (JVM running for 769.826)
2022-01-02 16:11:45.639  INFO 32764 --- [restartedMain] .ConditionEvaluationDeltaLoggingListener : Condition evaluation unchanged
2022-01-02 16:11:45.640  INFO 32764 --- [restartedMain] c.h.c.UserandpetconsumerApplication      : Main Method Start
2022-01-02 16:12:23.191  INFO 32764 --- [restartedMain] c.h.c.UserandpetconsumerApplication      : Starting UserandpetconsumerApplication using Java 1.8.0_301 on LAPTOP-FJ89OA8Q with PID 32764 (E:\Spring Boot Project Work Space\userandpetconsumer\target\classes started by AKASH RONAD in E:\Spring Boot Project Work Space\userandpetconsumer)
2022-01-02 16:12:23.191  INFO 32764 --- [restartedMain] c.h.c.UserandpetconsumerApplication      : No active profile set, falling back to default profiles: default
2022-01-02 16:12:23.428  INFO 32764 --- [restartedMain] o.s.b.w.embedded.tomcat.TomcatWebServer  : Tomcat initialized with port(s): 9099 (http)
2022-01-02 16:12:23.430  INFO 32764 --- [restartedMain] o.apache.catalina.core.StandardService   : Starting service [Tomcat]
2022-01-02 16:12:23.430  INFO 32764 --- [restartedMain] org.apache.catalina.core.StandardEngine  : Starting Servlet engine: [Apache Tomcat/9.0.56]
2022-01-02 16:12:23.451  INFO 32764 --- [restartedMain] o.a.c.c.C.[Tomcat].[localhost].[/]       : Initializing Spring embedded WebApplicationContext
2022-01-02 16:12:23.451  INFO 32764 --- [restartedMain] w.s.c.ServletWebServerApplicationContext : Root WebApplicationContext: initialization completed in 255 ms
2022-01-02 16:12:23.540  WARN 32764 --- [restartedMain] o.s.b.d.a.OptionalLiveReloadServer       : Unable to start LiveReload server
2022-01-02 16:12:23.548  INFO 32764 --- [restartedMain] o.s.b.w.embedded.tomcat.TomcatWebServer  : Tomcat started on port(s): 9099 (http) with context path ''
2022-01-02 16:12:23.551  INFO 32764 --- [restartedMain] c.h.c.UserandpetconsumerApplication      : Started UserandpetconsumerApplication in 0.402 seconds (JVM running for 807.741)
2022-01-02 16:12:23.553  INFO 32764 --- [restartedMain] .ConditionEvaluationDeltaLoggingListener : Condition evaluation unchanged
2022-01-02 16:12:23.554  INFO 32764 --- [restartedMain] c.h.c.UserandpetconsumerApplication      : Main Method Start
2022-01-02 23:08:34.153  INFO 3804 --- [restartedMain] c.h.c.UserandpetconsumerApplication      : Starting UserandpetconsumerApplication using Java 1.8.0_301 on LAPTOP-FJ89OA8Q with PID 3804 (E:\Spring Boot Project Work Space\userandpetconsumer\target\classes started by AKASH RONAD in E:\Spring Boot Project Work Space\userandpetconsumer)
2022-01-02 23:08:34.159  INFO 3804 --- [restartedMain] c.h.c.UserandpetconsumerApplication      : No active profile set, falling back to default profiles: default
2022-01-02 23:08:34.233  INFO 3804 --- [restartedMain] .e.DevToolsPropertyDefaultsPostProcessor : Devtools property defaults active! Set 'spring.devtools.add-properties' to 'false' to disable
2022-01-02 23:08:34.233  INFO 3804 --- [restartedMain] .e.DevToolsPropertyDefaultsPostProcessor : For additional web related logging consider setting the 'logging.level.web' property to 'DEBUG'
2022-01-02 23:08:35.966  INFO 3804 --- [restartedMain] o.s.b.w.embedded.tomcat.TomcatWebServer  : Tomcat initialized with port(s): 9099 (http)
2022-01-02 23:08:35.990  INFO 3804 --- [restartedMain] o.apache.catalina.core.StandardService   : Starting service [Tomcat]
2022-01-02 23:08:35.991  INFO 3804 --- [restartedMain] org.apache.catalina.core.StandardEngine  : Starting Servlet engine: [Apache Tomcat/9.0.56]
2022-01-02 23:08:36.166  INFO 3804 --- [restartedMain] o.a.c.c.C.[Tomcat].[localhost].[/]       : Initializing Spring embedded WebApplicationContext
2022-01-02 23:08:36.167  INFO 3804 --- [restartedMain] w.s.c.ServletWebServerApplicationContext : Root WebApplicationContext: initialization completed in 1933 ms
2022-01-02 23:08:36.678  WARN 3804 --- [restartedMain] o.s.b.d.a.OptionalLiveReloadServer       : Unable to start LiveReload server
2022-01-02 23:08:36.726  INFO 3804 --- [restartedMain] o.s.b.w.embedded.tomcat.TomcatWebServer  : Tomcat started on port(s): 9099 (http) with context path ''
2022-01-02 23:08:36.837  INFO 3804 --- [restartedMain] c.h.c.UserandpetconsumerApplication      : Started UserandpetconsumerApplication in 3.189 seconds (JVM running for 4.226)
2022-01-02 23:08:36.843  INFO 3804 --- [restartedMain] c.h.c.UserandpetconsumerApplication      : Main Method Start
2022-01-02 23:10:05.282  INFO 3804 --- [http-nio-9099-exec-1] o.a.c.c.C.[Tomcat].[localhost].[/]       : Initializing Spring DispatcherServlet 'dispatcherServlet'
2022-01-02 23:10:05.282  INFO 3804 --- [http-nio-9099-exec-1] o.s.web.servlet.DispatcherServlet        : Initializing Servlet 'dispatcherServlet'
2022-01-02 23:10:05.283  INFO 3804 --- [http-nio-9099-exec-1] o.s.web.servlet.DispatcherServlet        : Completed initialization in 1 ms
2022-01-02 23:10:05.683  WARN 3804 --- [http-nio-9099-exec-1] .m.m.a.ExceptionHandlerExceptionResolver : Resolved [org.springframework.web.bind.MethodArgumentNotValidException: Validation failed for argument [0] in public org.springframework.http.ResponseEntity<java.lang.String> com.hcl.consumer.controller.ConsumerController.addUser(com.hcl.consumer.model.User) throws com.hcl.consumer.customerror.ApplicationException: [Field error in object 'user' on field 'userConfirmPassword': rejected value []; codes [NotEmpty.user.userConfirmPassword,NotEmpty.userConfirmPassword,NotEmpty.java.lang.String,NotEmpty]; arguments [org.springframework.context.support.DefaultMessageSourceResolvable: codes [user.userConfirmPassword,userConfirmPassword]; arguments []; default message [userConfirmPassword]]; default message [UserConfirmPassword Feild Is Required]] ]
2022-01-02 23:10:15.748  INFO 3804 --- [http-nio-9099-exec-4] c.h.c.controller.ConsumerController      :  Client Send The Requset URL/user/addaddUserMethod Start
2022-01-02 23:10:15.750  WARN 3804 --- [http-nio-9099-exec-4] .m.m.a.ExceptionHandlerExceptionResolver : Resolved [com.hcl.consumer.customerror.ApplicationException: Check Your Confirm Password]
2022-01-02 23:10:26.106  WARN 3804 --- [http-nio-9099-exec-6] .m.m.a.ExceptionHandlerExceptionResolver : Resolved [org.springframework.web.bind.MethodArgumentNotValidException: Validation failed for argument [0] in public org.springframework.http.ResponseEntity<java.lang.String> com.hcl.consumer.controller.ConsumerController.addUser(com.hcl.consumer.model.User) throws com.hcl.consumer.customerror.ApplicationException: [Field error in object 'user' on field 'userPassword': rejected value []; codes [NotEmpty.user.userPassword,NotEmpty.userPassword,NotEmpty.java.lang.String,NotEmpty]; arguments [org.springframework.context.support.DefaultMessageSourceResolvable: codes [user.userPassword,userPassword]; arguments []; default message [userPassword]]; default message [UserPassword Feild Is Required]] ]
2022-01-02 23:10:42.993  INFO 3804 --- [http-nio-9099-exec-8] c.h.c.controller.ConsumerController      :  Client Send The Requset URL/user/addaddUserMethod Start
2022-01-02 23:12:16.601  INFO 3804 --- [http-nio-9099-exec-2] c.h.c.controller.ConsumerController      :  Client Send The Requset URL/user/addaddUserMethod Start
2022-01-02 23:12:16.684 ERROR 3804 --- [http-nio-9099-exec-2] o.a.c.c.C.[.[.[/].[dispatcherServlet]    : Servlet.service() for servlet [dispatcherServlet] in context with path [] threw exception [Request processing failed; nested exception is org.springframework.web.client.HttpClientErrorException$BadRequest: 400 : "{"localDateTime":"2022-01-02 11:12:16","message":"User Alredy Registerd Plz Go To SignIn","details":"uri=/user/add"}"] with root cause

org.springframework.web.client.HttpClientErrorException$BadRequest: 400 : "{"localDateTime":"2022-01-02 11:12:16","message":"User Alredy Registerd Plz Go To SignIn","details":"uri=/user/add"}"
	at org.springframework.web.client.HttpClientErrorException.create(HttpClientErrorException.java:101) ~[spring-web-5.3.14.jar:5.3.14]
	at org.springframework.web.client.DefaultResponseErrorHandler.handleError(DefaultResponseErrorHandler.java:168) ~[spring-web-5.3.14.jar:5.3.14]
	at org.springframework.web.client.DefaultResponseErrorHandler.handleError(DefaultResponseErrorHandler.java:122) ~[spring-web-5.3.14.jar:5.3.14]
	at org.springframework.web.client.ResponseErrorHandler.handleError(ResponseErrorHandler.java:63) ~[spring-web-5.3.14.jar:5.3.14]
	at org.springframework.web.client.RestTemplate.handleResponse(RestTemplate.java:819) ~[spring-web-5.3.14.jar:5.3.14]
	at org.springframework.web.client.RestTemplate.doExecute(RestTemplate.java:777) ~[spring-web-5.3.14.jar:5.3.14]
	at org.springframework.web.client.RestTemplate.execute(RestTemplate.java:711) ~[spring-web-5.3.14.jar:5.3.14]
	at org.springframework.web.client.RestTemplate.exchange(RestTemplate.java:602) ~[spring-web-5.3.14.jar:5.3.14]
	at com.hcl.consumer.controller.ConsumerController.addUser(ConsumerController.java:41) ~[classes/:na]
	at sun.reflect.NativeMethodAccessorImpl.invoke0(Native Method) ~[na:1.8.0_301]
	at sun.reflect.NativeMethodAccessorImpl.invoke(NativeMethodAccessorImpl.java:62) ~[na:1.8.0_301]
	at sun.reflect.DelegatingMethodAccessorImpl.invoke(DelegatingMethodAccessorImpl.java:43) ~[na:1.8.0_301]
	at java.lang.reflect.Method.invoke(Method.java:498) ~[na:1.8.0_301]
	at org.springframework.web.method.support.InvocableHandlerMethod.doInvoke(InvocableHandlerMethod.java:205) ~[spring-web-5.3.14.jar:5.3.14]
	at org.springframework.web.method.support.InvocableHandlerMethod.invokeForRequest(InvocableHandlerMethod.java:150) ~[spring-web-5.3.14.jar:5.3.14]
	at org.springframework.web.servlet.mvc.method.annotation.ServletInvocableHandlerMethod.invokeAndHandle(ServletInvocableHandlerMethod.java:117) ~[spring-webmvc-5.3.14.jar:5.3.14]
	at org.springframework.web.servlet.mvc.method.annotation.RequestMappingHandlerAdapter.invokeHandlerMethod(RequestMappingHandlerAdapter.java:895) ~[spring-webmvc-5.3.14.jar:5.3.14]
	at org.springframework.web.servlet.mvc.method.annotation.RequestMappingHandlerAdapter.handleInternal(RequestMappingHandlerAdapter.java:808) ~[spring-webmvc-5.3.14.jar:5.3.14]
	at org.springframework.web.servlet.mvc.method.AbstractHandlerMethodAdapter.handle(AbstractHandlerMethodAdapter.java:87) ~[spring-webmvc-5.3.14.jar:5.3.14]
	at org.springframework.web.servlet.DispatcherServlet.doDispatch(DispatcherServlet.java:1067) ~[spring-webmvc-5.3.14.jar:5.3.14]
	at org.springframework.web.servlet.DispatcherServlet.doService(DispatcherServlet.java:963) ~[spring-webmvc-5.3.14.jar:5.3.14]
	at org.springframework.web.servlet.FrameworkServlet.processRequest(FrameworkServlet.java:1006) ~[spring-webmvc-5.3.14.jar:5.3.14]
	at org.springframework.web.servlet.FrameworkServlet.doPost(FrameworkServlet.java:909) ~[spring-webmvc-5.3.14.jar:5.3.14]
	at javax.servlet.http.HttpServlet.service(HttpServlet.java:681) ~[tomcat-embed-core-9.0.56.jar:4.0.FR]
	at org.springframework.web.servlet.FrameworkServlet.service(FrameworkServlet.java:883) ~[spring-webmvc-5.3.14.jar:5.3.14]
	at javax.servlet.http.HttpServlet.service(HttpServlet.java:764) ~[tomcat-embed-core-9.0.56.jar:4.0.FR]
	at org.apache.catalina.core.ApplicationFilterChain.internalDoFilter(ApplicationFilterChain.java:227) ~[tomcat-embed-core-9.0.56.jar:9.0.56]
	at org.apache.catalina.core.ApplicationFilterChain.doFilter(ApplicationFilterChain.java:162) ~[tomcat-embed-core-9.0.56.jar:9.0.56]
	at org.apache.tomcat.websocket.server.WsFilter.doFilter(WsFilter.java:53) ~[tomcat-embed-websocket-9.0.56.jar:9.0.56]
	at org.apache.catalina.core.ApplicationFilterChain.internalDoFilter(ApplicationFilterChain.java:189) ~[tomcat-embed-core-9.0.56.jar:9.0.56]
	at org.apache.catalina.core.ApplicationFilterChain.doFilter(ApplicationFilterChain.java:162) ~[tomcat-embed-core-9.0.56.jar:9.0.56]
	at org.springframework.web.filter.RequestContextFilter.doFilterInternal(RequestContextFilter.java:100) ~[spring-web-5.3.14.jar:5.3.14]
	at org.springframework.web.filter.OncePerRequestFilter.doFilter(OncePerRequestFilter.java:117) ~[spring-web-5.3.14.jar:5.3.14]
	at org.apache.catalina.core.ApplicationFilterChain.internalDoFilter(ApplicationFilterChain.java:189) ~[tomcat-embed-core-9.0.56.jar:9.0.56]
	at org.apache.catalina.core.ApplicationFilterChain.doFilter(ApplicationFilterChain.java:162) ~[tomcat-embed-core-9.0.56.jar:9.0.56]
	at org.springframework.web.filter.FormContentFilter.doFilterInternal(FormContentFilter.java:93) ~[spring-web-5.3.14.jar:5.3.14]
	at org.springframework.web.filter.OncePerRequestFilter.doFilter(OncePerRequestFilter.java:117) ~[spring-web-5.3.14.jar:5.3.14]
	at org.apache.catalina.core.ApplicationFilterChain.internalDoFilter(ApplicationFilterChain.java:189) ~[tomcat-embed-core-9.0.56.jar:9.0.56]
	at org.apache.catalina.core.ApplicationFilterChain.doFilter(ApplicationFilterChain.java:162) ~[tomcat-embed-core-9.0.56.jar:9.0.56]
	at org.springframework.web.filter.CharacterEncodingFilter.doFilterInternal(CharacterEncodingFilter.java:201) ~[spring-web-5.3.14.jar:5.3.14]
	at org.springframework.web.filter.OncePerRequestFilter.doFilter(OncePerRequestFilter.java:117) ~[spring-web-5.3.14.jar:5.3.14]
	at org.apache.catalina.core.ApplicationFilterChain.internalDoFilter(ApplicationFilterChain.java:189) ~[tomcat-embed-core-9.0.56.jar:9.0.56]
	at org.apache.catalina.core.ApplicationFilterChain.doFilter(ApplicationFilterChain.java:162) ~[tomcat-embed-core-9.0.56.jar:9.0.56]
	at org.apache.catalina.core.StandardWrapperValve.invoke(StandardWrapperValve.java:197) ~[tomcat-embed-core-9.0.56.jar:9.0.56]
	at org.apache.catalina.core.StandardContextValve.invoke(StandardContextValve.java:97) [tomcat-embed-core-9.0.56.jar:9.0.56]
	at org.apache.catalina.authenticator.AuthenticatorBase.invoke(AuthenticatorBase.java:540) [tomcat-embed-core-9.0.56.jar:9.0.56]
	at org.apache.catalina.core.StandardHostValve.invoke(StandardHostValve.java:135) [tomcat-embed-core-9.0.56.jar:9.0.56]
	at org.apache.catalina.valves.ErrorReportValve.invoke(ErrorReportValve.java:92) [tomcat-embed-core-9.0.56.jar:9.0.56]
	at org.apache.catalina.core.StandardEngineValve.invoke(StandardEngineValve.java:78) [tomcat-embed-core-9.0.56.jar:9.0.56]
	at org.apache.catalina.connector.CoyoteAdapter.service(CoyoteAdapter.java:357) [tomcat-embed-core-9.0.56.jar:9.0.56]
	at org.apache.coyote.http11.Http11Processor.service(Http11Processor.java:382) [tomcat-embed-core-9.0.56.jar:9.0.56]
	at org.apache.coyote.AbstractProcessorLight.process(AbstractProcessorLight.java:65) [tomcat-embed-core-9.0.56.jar:9.0.56]
	at org.apache.coyote.AbstractProtocol$ConnectionHandler.process(AbstractProtocol.java:895) [tomcat-embed-core-9.0.56.jar:9.0.56]
	at org.apache.tomcat.util.net.NioEndpoint$SocketProcessor.doRun(NioEndpoint.java:1732) [tomcat-embed-core-9.0.56.jar:9.0.56]
	at org.apache.tomcat.util.net.SocketProcessorBase.run(SocketProcessorBase.java:49) [tomcat-embed-core-9.0.56.jar:9.0.56]
	at org.apache.tomcat.util.threads.ThreadPoolExecutor.runWorker(ThreadPoolExecutor.java:1191) [tomcat-embed-core-9.0.56.jar:9.0.56]
	at org.apache.tomcat.util.threads.ThreadPoolExecutor$Worker.run(ThreadPoolExecutor.java:659) [tomcat-embed-core-9.0.56.jar:9.0.56]
	at org.apache.tomcat.util.threads.TaskThread$WrappingRunnable.run(TaskThread.java:61) [tomcat-embed-core-9.0.56.jar:9.0.56]
	at java.lang.Thread.run(Thread.java:748) [na:1.8.0_301]

2022-01-02 23:13:28.960  INFO 3804 --- [http-nio-9099-exec-3] c.h.c.controller.ConsumerController      :  Client Send The Requset URL/user/addaddUserMethod Start
