2022-01-01 19:40:37.021  INFO 10744 --- [restartedMain] com.hcl.user.UserApplication             : Starting UserApplication using Java 1.8.0_301 on LAPTOP-FJ89OA8Q with PID 10744 (E:\Spring Boot Project Work Space\user\target\classes started by AKASH RONAD in E:\Spring Boot Project Work Space\user)
2022-01-01 19:40:37.022  INFO 10744 --- [restartedMain] com.hcl.user.UserApplication             : No active profile set, falling back to default profiles: default
2022-01-01 19:40:37.097  INFO 10744 --- [restartedMain] .e.DevToolsPropertyDefaultsPostProcessor : Devtools property defaults active! Set 'spring.devtools.add-properties' to 'false' to disable
2022-01-01 19:40:37.098  INFO 10744 --- [restartedMain] .e.DevToolsPropertyDefaultsPostProcessor : For additional web related logging consider setting the 'logging.level.web' property to 'DEBUG'
2022-01-01 19:40:38.042  INFO 10744 --- [restartedMain] .s.d.r.c.RepositoryConfigurationDelegate : Bootstrapping Spring Data JPA repositories in DEFAULT mode.
2022-01-01 19:40:38.115  INFO 10744 --- [restartedMain] .s.d.r.c.RepositoryConfigurationDelegate : Finished Spring Data repository scanning in 58 ms. Found 1 JPA repository interfaces.
2022-01-01 19:40:39.302  INFO 10744 --- [restartedMain] o.s.b.w.embedded.tomcat.TomcatWebServer  : Tomcat initialized with port(s): 9097 (http)
2022-01-01 19:40:39.316  INFO 10744 --- [restartedMain] o.apache.catalina.core.StandardService   : Starting service [Tomcat]
2022-01-01 19:40:39.317  INFO 10744 --- [restartedMain] org.apache.catalina.core.StandardEngine  : Starting Servlet engine: [Apache Tomcat/9.0.56]
2022-01-01 19:40:39.440  INFO 10744 --- [restartedMain] o.a.c.c.C.[Tomcat].[localhost].[/]       : Initializing Spring embedded WebApplicationContext
2022-01-01 19:40:39.441  INFO 10744 --- [restartedMain] w.s.c.ServletWebServerApplicationContext : Root WebApplicationContext: initialization completed in 2341 ms
2022-01-01 19:40:39.723  INFO 10744 --- [restartedMain] o.hibernate.jpa.internal.util.LogHelper  : HHH000204: Processing PersistenceUnitInfo [name: default]
2022-01-01 19:40:39.791  INFO 10744 --- [restartedMain] org.hibernate.Version                    : HHH000412: Hibernate ORM core version 5.6.3.Final
2022-01-01 19:40:39.975  INFO 10744 --- [restartedMain] o.hibernate.annotations.common.Version   : HCANN000001: Hibernate Commons Annotations {5.1.2.Final}
2022-01-01 19:40:40.088  INFO 10744 --- [restartedMain] com.zaxxer.hikari.HikariDataSource       : HikariPool-1 - Starting...
2022-01-01 19:40:40.334  INFO 10744 --- [restartedMain] com.zaxxer.hikari.HikariDataSource       : HikariPool-1 - Start completed.
2022-01-01 19:40:40.361  INFO 10744 --- [restartedMain] org.hibernate.dialect.Dialect            : HHH000400: Using dialect: org.hibernate.dialect.MySQL8Dialect
2022-01-01 19:40:41.450  INFO 10744 --- [restartedMain] o.h.e.t.j.p.i.JtaPlatformInitiator       : HHH000490: Using JtaPlatform implementation: [org.hibernate.engine.transaction.jta.platform.internal.NoJtaPlatform]
2022-01-01 19:40:41.464  INFO 10744 --- [restartedMain] j.LocalContainerEntityManagerFactoryBean : Initialized JPA EntityManagerFactory for persistence unit 'default'
2022-01-01 19:40:42.083  WARN 10744 --- [restartedMain] JpaBaseConfiguration$JpaWebConfiguration : spring.jpa.open-in-view is enabled by default. Therefore, database queries may be performed during view rendering. Explicitly configure spring.jpa.open-in-view to disable this warning
2022-01-01 19:40:42.645  INFO 10744 --- [restartedMain] o.s.b.d.a.OptionalLiveReloadServer       : LiveReload server is running on port 35729
2022-01-01 19:40:42.689  INFO 10744 --- [restartedMain] o.s.b.w.embedded.tomcat.TomcatWebServer  : Tomcat started on port(s): 9097 (http) with context path ''
2022-01-01 19:40:42.705  INFO 10744 --- [restartedMain] com.hcl.user.UserApplication             : Started UserApplication in 6.254 seconds (JVM running for 7.01)
2022-01-01 19:40:42.710  INFO 10744 --- [restartedMain] com.hcl.user.UserApplication             : Main Application Start
2022-01-01 19:46:50.963  INFO 31940 --- [restartedMain] com.hcl.user.UserApplication             : Starting UserApplication using Java 1.8.0_301 on LAPTOP-FJ89OA8Q with PID 31940 (E:\Spring Boot Project Work Space\user\target\classes started by AKASH RONAD in E:\Spring Boot Project Work Space\user)
2022-01-01 19:46:50.965  INFO 31940 --- [restartedMain] com.hcl.user.UserApplication             : No active profile set, falling back to default profiles: default
2022-01-01 19:46:51.034  INFO 31940 --- [restartedMain] .e.DevToolsPropertyDefaultsPostProcessor : Devtools property defaults active! Set 'spring.devtools.add-properties' to 'false' to disable
2022-01-01 19:46:51.035  INFO 31940 --- [restartedMain] .e.DevToolsPropertyDefaultsPostProcessor : For additional web related logging consider setting the 'logging.level.web' property to 'DEBUG'
2022-01-01 19:46:51.859  INFO 31940 --- [restartedMain] .s.d.r.c.RepositoryConfigurationDelegate : Bootstrapping Spring Data JPA repositories in DEFAULT mode.
2022-01-01 19:46:51.925  INFO 31940 --- [restartedMain] .s.d.r.c.RepositoryConfigurationDelegate : Finished Spring Data repository scanning in 54 ms. Found 1 JPA repository interfaces.
2022-01-01 19:46:52.914  INFO 31940 --- [restartedMain] o.s.b.w.embedded.tomcat.TomcatWebServer  : Tomcat initialized with port(s): 9097 (http)
2022-01-01 19:46:52.926  INFO 31940 --- [restartedMain] o.apache.catalina.core.StandardService   : Starting service [Tomcat]
2022-01-01 19:46:52.926  INFO 31940 --- [restartedMain] org.apache.catalina.core.StandardEngine  : Starting Servlet engine: [Apache Tomcat/9.0.56]
2022-01-01 19:46:53.028  INFO 31940 --- [restartedMain] o.a.c.c.C.[Tomcat].[localhost].[/]       : Initializing Spring embedded WebApplicationContext
2022-01-01 19:46:53.028  INFO 31940 --- [restartedMain] w.s.c.ServletWebServerApplicationContext : Root WebApplicationContext: initialization completed in 1992 ms
2022-01-01 19:46:53.256  INFO 31940 --- [restartedMain] o.hibernate.jpa.internal.util.LogHelper  : HHH000204: Processing PersistenceUnitInfo [name: default]
2022-01-01 19:46:53.311  INFO 31940 --- [restartedMain] org.hibernate.Version                    : HHH000412: Hibernate ORM core version 5.6.3.Final
2022-01-01 19:46:53.464  INFO 31940 --- [restartedMain] o.hibernate.annotations.common.Version   : HCANN000001: Hibernate Commons Annotations {5.1.2.Final}
2022-01-01 19:46:53.580  INFO 31940 --- [restartedMain] com.zaxxer.hikari.HikariDataSource       : HikariPool-1 - Starting...
2022-01-01 19:46:53.769  INFO 31940 --- [restartedMain] com.zaxxer.hikari.HikariDataSource       : HikariPool-1 - Start completed.
2022-01-01 19:46:53.807  INFO 31940 --- [restartedMain] org.hibernate.dialect.Dialect            : HHH000400: Using dialect: org.hibernate.dialect.MySQL8Dialect
2022-01-01 19:46:54.859  INFO 31940 --- [restartedMain] o.h.e.t.j.p.i.JtaPlatformInitiator       : HHH000490: Using JtaPlatform implementation: [org.hibernate.engine.transaction.jta.platform.internal.NoJtaPlatform]
2022-01-01 19:46:54.871  INFO 31940 --- [restartedMain] j.LocalContainerEntityManagerFactoryBean : Initialized JPA EntityManagerFactory for persistence unit 'default'
2022-01-01 19:46:55.597  WARN 31940 --- [restartedMain] JpaBaseConfiguration$JpaWebConfiguration : spring.jpa.open-in-view is enabled by default. Therefore, database queries may be performed during view rendering. Explicitly configure spring.jpa.open-in-view to disable this warning
2022-01-01 19:46:56.161  INFO 31940 --- [restartedMain] o.s.b.d.a.OptionalLiveReloadServer       : LiveReload server is running on port 35729
2022-01-01 19:46:56.196  INFO 31940 --- [restartedMain] o.s.b.w.embedded.tomcat.TomcatWebServer  : Tomcat started on port(s): 9097 (http) with context path ''
2022-01-01 19:46:56.207  INFO 31940 --- [restartedMain] com.hcl.user.UserApplication             : Started UserApplication in 5.71 seconds (JVM running for 6.355)
2022-01-01 19:46:56.211  INFO 31940 --- [restartedMain] com.hcl.user.UserApplication             : Main Application Start
2022-01-01 19:49:21.563  INFO 31940 --- [http-nio-9097-exec-1] o.a.c.c.C.[Tomcat].[localhost].[/]       : Initializing Spring DispatcherServlet 'dispatcherServlet'
2022-01-01 19:49:21.563  INFO 31940 --- [http-nio-9097-exec-1] o.s.web.servlet.DispatcherServlet        : Initializing Servlet 'dispatcherServlet'
2022-01-01 19:49:21.565  INFO 31940 --- [http-nio-9097-exec-1] o.s.web.servlet.DispatcherServlet        : Completed initialization in 1 ms
2022-01-01 19:49:21.749  INFO 31940 --- [http-nio-9097-exec-1] com.hcl.user.controller.UserController   :  Client Send The Requset URL/user/addaddUserMethod Start
2022-01-01 19:49:21.815  WARN 31940 --- [http-nio-9097-exec-1] .m.m.a.ExceptionHandlerExceptionResolver : Resolved [com.hcl.user.customerror.ApplicationException]
2022-01-01 19:50:12.204  INFO 31940 --- [Thread-6] j.LocalContainerEntityManagerFactoryBean : Closing JPA EntityManagerFactory for persistence unit 'default'
2022-01-01 19:50:12.213  INFO 31940 --- [Thread-6] com.zaxxer.hikari.HikariDataSource       : HikariPool-1 - Shutdown initiated...
2022-01-01 19:50:12.243  INFO 31940 --- [Thread-6] com.zaxxer.hikari.HikariDataSource       : HikariPool-1 - Shutdown completed.
2022-01-01 19:50:12.522  INFO 31940 --- [restartedMain] com.hcl.user.UserApplication             : Starting UserApplication using Java 1.8.0_301 on LAPTOP-FJ89OA8Q with PID 31940 (E:\Spring Boot Project Work Space\user\target\classes started by AKASH RONAD in E:\Spring Boot Project Work Space\user)
2022-01-01 19:50:12.522  INFO 31940 --- [restartedMain] com.hcl.user.UserApplication             : No active profile set, falling back to default profiles: default
2022-01-01 19:50:12.780  INFO 31940 --- [restartedMain] .s.d.r.c.RepositoryConfigurationDelegate : Bootstrapping Spring Data JPA repositories in DEFAULT mode.
2022-01-01 19:50:12.790  INFO 31940 --- [restartedMain] .s.d.r.c.RepositoryConfigurationDelegate : Finished Spring Data repository scanning in 9 ms. Found 1 JPA repository interfaces.
2022-01-01 19:50:12.943  INFO 31940 --- [restartedMain] o.s.b.w.embedded.tomcat.TomcatWebServer  : Tomcat initialized with port(s): 9097 (http)
2022-01-01 19:50:12.944  INFO 31940 --- [restartedMain] o.apache.catalina.core.StandardService   : Starting service [Tomcat]
2022-01-01 19:50:12.945  INFO 31940 --- [restartedMain] org.apache.catalina.core.StandardEngine  : Starting Servlet engine: [Apache Tomcat/9.0.56]
2022-01-01 19:50:12.974  INFO 31940 --- [restartedMain] o.a.c.c.C.[Tomcat].[localhost].[/]       : Initializing Spring embedded WebApplicationContext
2022-01-01 19:50:12.974  INFO 31940 --- [restartedMain] w.s.c.ServletWebServerApplicationContext : Root WebApplicationContext: initialization completed in 448 ms
2022-01-01 19:50:13.023  INFO 31940 --- [restartedMain] o.hibernate.jpa.internal.util.LogHelper  : HHH000204: Processing PersistenceUnitInfo [name: default]
2022-01-01 19:50:13.027  INFO 31940 --- [restartedMain] com.zaxxer.hikari.HikariDataSource       : HikariPool-2 - Starting...
2022-01-01 19:50:13.038  INFO 31940 --- [restartedMain] com.zaxxer.hikari.HikariDataSource       : HikariPool-2 - Start completed.
2022-01-01 19:50:13.039  INFO 31940 --- [restartedMain] org.hibernate.dialect.Dialect            : HHH000400: Using dialect: org.hibernate.dialect.MySQL8Dialect
2022-01-01 19:50:13.089  INFO 31940 --- [restartedMain] o.h.e.t.j.p.i.JtaPlatformInitiator       : HHH000490: Using JtaPlatform implementation: [org.hibernate.engine.transaction.jta.platform.internal.NoJtaPlatform]
2022-01-01 19:50:13.089  INFO 31940 --- [restartedMain] j.LocalContainerEntityManagerFactoryBean : Initialized JPA EntityManagerFactory for persistence unit 'default'
2022-01-01 19:50:13.188  WARN 31940 --- [restartedMain] JpaBaseConfiguration$JpaWebConfiguration : spring.jpa.open-in-view is enabled by default. Therefore, database queries may be performed during view rendering. Explicitly configure spring.jpa.open-in-view to disable this warning
2022-01-01 19:50:13.288  INFO 31940 --- [restartedMain] o.s.b.d.a.OptionalLiveReloadServer       : LiveReload server is running on port 35729
2022-01-01 19:50:13.299  INFO 31940 --- [restartedMain] o.s.b.w.embedded.tomcat.TomcatWebServer  : Tomcat started on port(s): 9097 (http) with context path ''
2022-01-01 19:50:13.305  INFO 31940 --- [restartedMain] com.hcl.user.UserApplication             : Started UserApplication in 0.825 seconds (JVM running for 203.452)
2022-01-01 19:50:13.308  INFO 31940 --- [restartedMain] .ConditionEvaluationDeltaLoggingListener : Condition evaluation unchanged
2022-01-01 19:50:13.309  INFO 31940 --- [restartedMain] com.hcl.user.UserApplication             : Main Application Start
2022-01-01 19:50:17.997  INFO 31940 --- [http-nio-9097-exec-2] o.a.c.c.C.[Tomcat].[localhost].[/]       : Initializing Spring DispatcherServlet 'dispatcherServlet'
2022-01-01 19:50:17.998  INFO 31940 --- [http-nio-9097-exec-2] o.s.web.servlet.DispatcherServlet        : Initializing Servlet 'dispatcherServlet'
2022-01-01 19:50:18.002  INFO 31940 --- [http-nio-9097-exec-2] o.s.web.servlet.DispatcherServlet        : Completed initialization in 3 ms
2022-01-01 19:50:18.027  INFO 31940 --- [http-nio-9097-exec-2] com.hcl.user.controller.UserController   :  Client Send The Requset URL/user/addaddUserMethod Start
2022-01-01 19:50:18.043  WARN 31940 --- [http-nio-9097-exec-2] .m.m.a.ExceptionHandlerExceptionResolver : Resolved [com.hcl.user.customerror.ApplicationException: UserPassword and ConfirmPassword Both are Matched]
2022-01-01 19:50:26.510  INFO 31940 --- [http-nio-9097-exec-4] com.hcl.user.controller.UserController   :  Client Send The Requset URL/user/addaddUserMethod Start
2022-01-01 19:50:26.721  INFO 31940 --- [http-nio-9097-exec-4] com.hcl.user.controller.UserController   : UserServiceInterface addUser Method Return Result IsYour are successfully registerd please sign in
2022-01-01 19:50:26.722  INFO 31940 --- [http-nio-9097-exec-4] com.hcl.user.controller.UserController   : UsersController addUser Method End
2022-01-01 19:51:35.057  INFO 31748 --- [restartedMain] com.hcl.user.UserApplication             : Starting UserApplication using Java 1.8.0_301 on LAPTOP-FJ89OA8Q with PID 31748 (E:\Spring Boot Project Work Space\user\target\classes started by AKASH RONAD in E:\Spring Boot Project Work Space\user)
2022-01-01 19:51:35.058  INFO 31748 --- [restartedMain] com.hcl.user.UserApplication             : No active profile set, falling back to default profiles: default
2022-01-01 19:51:35.127  INFO 31748 --- [restartedMain] .e.DevToolsPropertyDefaultsPostProcessor : Devtools property defaults active! Set 'spring.devtools.add-properties' to 'false' to disable
2022-01-01 19:51:35.128  INFO 31748 --- [restartedMain] .e.DevToolsPropertyDefaultsPostProcessor : For additional web related logging consider setting the 'logging.level.web' property to 'DEBUG'
2022-01-01 19:51:35.906  INFO 31748 --- [restartedMain] .s.d.r.c.RepositoryConfigurationDelegate : Bootstrapping Spring Data JPA repositories in DEFAULT mode.
2022-01-01 19:51:35.973  INFO 31748 --- [restartedMain] .s.d.r.c.RepositoryConfigurationDelegate : Finished Spring Data repository scanning in 53 ms. Found 1 JPA repository interfaces.
2022-01-01 19:51:36.954  INFO 31748 --- [restartedMain] o.s.b.w.embedded.tomcat.TomcatWebServer  : Tomcat initialized with port(s): 9097 (http)
2022-01-01 19:51:36.965  INFO 31748 --- [restartedMain] o.apache.catalina.core.StandardService   : Starting service [Tomcat]
2022-01-01 19:51:36.966  INFO 31748 --- [restartedMain] org.apache.catalina.core.StandardEngine  : Starting Servlet engine: [Apache Tomcat/9.0.56]
2022-01-01 19:51:37.066  INFO 31748 --- [restartedMain] o.a.c.c.C.[Tomcat].[localhost].[/]       : Initializing Spring embedded WebApplicationContext
2022-01-01 19:51:37.066  INFO 31748 --- [restartedMain] w.s.c.ServletWebServerApplicationContext : Root WebApplicationContext: initialization completed in 1937 ms
2022-01-01 19:51:37.309  INFO 31748 --- [restartedMain] o.hibernate.jpa.internal.util.LogHelper  : HHH000204: Processing PersistenceUnitInfo [name: default]
2022-01-01 19:51:37.372  INFO 31748 --- [restartedMain] org.hibernate.Version                    : HHH000412: Hibernate ORM core version 5.6.3.Final
2022-01-01 19:51:37.547  INFO 31748 --- [restartedMain] o.hibernate.annotations.common.Version   : HCANN000001: Hibernate Commons Annotations {5.1.2.Final}
2022-01-01 19:51:37.666  INFO 31748 --- [restartedMain] com.zaxxer.hikari.HikariDataSource       : HikariPool-1 - Starting...
2022-01-01 19:51:37.852  INFO 31748 --- [restartedMain] com.zaxxer.hikari.HikariDataSource       : HikariPool-1 - Start completed.
2022-01-01 19:51:37.875  INFO 31748 --- [restartedMain] org.hibernate.dialect.Dialect            : HHH000400: Using dialect: org.hibernate.dialect.MySQL8Dialect
2022-01-01 19:51:38.924  INFO 31748 --- [restartedMain] o.h.e.t.j.p.i.JtaPlatformInitiator       : HHH000490: Using JtaPlatform implementation: [org.hibernate.engine.transaction.jta.platform.internal.NoJtaPlatform]
2022-01-01 19:51:38.935  INFO 31748 --- [restartedMain] j.LocalContainerEntityManagerFactoryBean : Initialized JPA EntityManagerFactory for persistence unit 'default'
2022-01-01 19:51:39.576  WARN 31748 --- [restartedMain] JpaBaseConfiguration$JpaWebConfiguration : spring.jpa.open-in-view is enabled by default. Therefore, database queries may be performed during view rendering. Explicitly configure spring.jpa.open-in-view to disable this warning
2022-01-01 19:51:40.130  INFO 31748 --- [restartedMain] o.s.b.d.a.OptionalLiveReloadServer       : LiveReload server is running on port 35729
2022-01-01 19:51:40.166  INFO 31748 --- [restartedMain] o.s.b.w.embedded.tomcat.TomcatWebServer  : Tomcat started on port(s): 9097 (http) with context path ''
2022-01-01 19:51:40.178  INFO 31748 --- [restartedMain] com.hcl.user.UserApplication             : Started UserApplication in 5.583 seconds (JVM running for 6.168)
2022-01-01 19:51:40.182  INFO 31748 --- [restartedMain] com.hcl.user.UserApplication             : Main Application Start
2022-01-01 19:52:34.053  INFO 31748 --- [http-nio-9097-exec-2] o.a.c.c.C.[Tomcat].[localhost].[/]       : Initializing Spring DispatcherServlet 'dispatcherServlet'
2022-01-01 19:52:34.054  INFO 31748 --- [http-nio-9097-exec-2] o.s.web.servlet.DispatcherServlet        : Initializing Servlet 'dispatcherServlet'
2022-01-01 19:52:34.056  INFO 31748 --- [http-nio-9097-exec-2] o.s.web.servlet.DispatcherServlet        : Completed initialization in 2 ms
2022-01-01 19:52:34.120  INFO 31748 --- [http-nio-9097-exec-2] com.hcl.user.controller.UserController   :  Client Send The Requset URL/user/loginapploginApp Start
2022-01-01 19:52:34.180  INFO 31748 --- [http-nio-9097-exec-2] com.hcl.user.controller.UserController   : UserServiceInterface loginApp Method Return Result Is" + loginApp
2022-01-01 19:52:34.185  INFO 31748 --- [http-nio-9097-exec-2] com.hcl.user.controller.UserController   : UsersController loginApp Method End
2022-01-01 19:52:39.494  INFO 31748 --- [http-nio-9097-exec-3] com.hcl.user.controller.UserController   :  Client Send The Requset URL/user/loginapploginApp Start
2022-01-01 19:52:39.497  INFO 31748 --- [http-nio-9097-exec-3] com.hcl.user.controller.UserController   : Login Failed Check Your User Name And Password
2022-01-01 19:52:39.612  WARN 31748 --- [http-nio-9097-exec-3] .m.m.a.ExceptionHandlerExceptionResolver : Resolved [com.hcl.user.customerror.ApplicationException: Login Failed Check Your User Name And Password]
2022-01-01 19:53:49.655  INFO 31748 --- [http-nio-9097-exec-5] com.hcl.user.controller.UserController   :  Client Send The Requset URL/upadteUserupdateUser Start
2022-01-01 19:53:49.733  INFO 31748 --- [http-nio-9097-exec-5] com.hcl.user.controller.UserController   : UserServiceInterface updatePetDetails Method Return Result
2022-01-01 19:53:49.733  INFO 31748 --- [http-nio-9097-exec-5] com.hcl.user.controller.UserController   : UserController updateUser Method End
2022-01-01 19:54:25.205  WARN 31748 --- [http-nio-9097-exec-6] o.s.web.servlet.PageNotFound             : Request method 'PUT' not supported
2022-01-01 19:54:25.207  WARN 31748 --- [http-nio-9097-exec-6] .m.m.a.ExceptionHandlerExceptionResolver : Resolved [org.springframework.web.HttpRequestMethodNotSupportedException: Request method 'PUT' not supported]
2022-01-01 19:54:53.628  INFO 31748 --- [http-nio-9097-exec-7] com.hcl.user.controller.UserController   :  Client Send The Requset URL/findByUserNamefindByUserName Start
2022-01-01 19:54:53.634  INFO 31748 --- [http-nio-9097-exec-7] com.hcl.user.controller.UserController   : UserServiceInterface updatePetDetails Method Return Result
2022-01-01 19:54:53.635  INFO 31748 --- [http-nio-9097-exec-7] com.hcl.user.controller.UserController   : UserController findByUserName Method End
2022-01-01 19:55:17.076  INFO 31748 --- [Thread-6] j.LocalContainerEntityManagerFactoryBean : Closing JPA EntityManagerFactory for persistence unit 'default'
2022-01-01 19:55:17.080  INFO 31748 --- [Thread-6] com.zaxxer.hikari.HikariDataSource       : HikariPool-1 - Shutdown initiated...
2022-01-01 19:55:17.093  INFO 31748 --- [Thread-6] com.zaxxer.hikari.HikariDataSource       : HikariPool-1 - Shutdown completed.
2022-01-01 19:55:17.425  INFO 31748 --- [restartedMain] com.hcl.user.UserApplication             : Starting UserApplication using Java 1.8.0_301 on LAPTOP-FJ89OA8Q with PID 31748 (E:\Spring Boot Project Work Space\user\target\classes started by AKASH RONAD in E:\Spring Boot Project Work Space\user)
2022-01-01 19:55:17.426  INFO 31748 --- [restartedMain] com.hcl.user.UserApplication             : No active profile set, falling back to default profiles: default
2022-01-01 19:55:17.677  INFO 31748 --- [restartedMain] .s.d.r.c.RepositoryConfigurationDelegate : Bootstrapping Spring Data JPA repositories in DEFAULT mode.
2022-01-01 19:55:17.687  INFO 31748 --- [restartedMain] .s.d.r.c.RepositoryConfigurationDelegate : Finished Spring Data repository scanning in 9 ms. Found 1 JPA repository interfaces.
2022-01-01 19:55:17.835  INFO 31748 --- [restartedMain] o.s.b.w.embedded.tomcat.TomcatWebServer  : Tomcat initialized with port(s): 9097 (http)
2022-01-01 19:55:17.836  INFO 31748 --- [restartedMain] o.apache.catalina.core.StandardService   : Starting service [Tomcat]
2022-01-01 19:55:17.837  INFO 31748 --- [restartedMain] org.apache.catalina.core.StandardEngine  : Starting Servlet engine: [Apache Tomcat/9.0.56]
2022-01-01 19:55:17.860  INFO 31748 --- [restartedMain] o.a.c.c.C.[Tomcat].[localhost].[/]       : Initializing Spring embedded WebApplicationContext
2022-01-01 19:55:17.860  INFO 31748 --- [restartedMain] w.s.c.ServletWebServerApplicationContext : Root WebApplicationContext: initialization completed in 424 ms
2022-01-01 19:55:17.899  INFO 31748 --- [restartedMain] o.hibernate.jpa.internal.util.LogHelper  : HHH000204: Processing PersistenceUnitInfo [name: default]
2022-01-01 19:55:17.902  INFO 31748 --- [restartedMain] com.zaxxer.hikari.HikariDataSource       : HikariPool-2 - Starting...
2022-01-01 19:55:17.908  INFO 31748 --- [restartedMain] com.zaxxer.hikari.HikariDataSource       : HikariPool-2 - Start completed.
2022-01-01 19:55:17.908  INFO 31748 --- [restartedMain] org.hibernate.dialect.Dialect            : HHH000400: Using dialect: org.hibernate.dialect.MySQL8Dialect
2022-01-01 19:55:17.959  INFO 31748 --- [restartedMain] o.h.e.t.j.p.i.JtaPlatformInitiator       : HHH000490: Using JtaPlatform implementation: [org.hibernate.engine.transaction.jta.platform.internal.NoJtaPlatform]
2022-01-01 19:55:17.960  INFO 31748 --- [restartedMain] j.LocalContainerEntityManagerFactoryBean : Initialized JPA EntityManagerFactory for persistence unit 'default'
2022-01-01 19:55:18.071  WARN 31748 --- [restartedMain] JpaBaseConfiguration$JpaWebConfiguration : spring.jpa.open-in-view is enabled by default. Therefore, database queries may be performed during view rendering. Explicitly configure spring.jpa.open-in-view to disable this warning
2022-01-01 19:55:18.174  INFO 31748 --- [restartedMain] o.s.b.d.a.OptionalLiveReloadServer       : LiveReload server is running on port 35729
2022-01-01 19:55:18.186  INFO 31748 --- [restartedMain] o.s.b.w.embedded.tomcat.TomcatWebServer  : Tomcat started on port(s): 9097 (http) with context path ''
2022-01-01 19:55:18.192  INFO 31748 --- [restartedMain] com.hcl.user.UserApplication             : Started UserApplication in 0.898 seconds (JVM running for 224.182)
2022-01-01 19:55:18.195  INFO 31748 --- [restartedMain] .ConditionEvaluationDeltaLoggingListener : Condition evaluation unchanged
2022-01-01 19:55:18.196  INFO 31748 --- [restartedMain] com.hcl.user.UserApplication             : Main Application Start
2022-01-01 19:55:23.676  INFO 31748 --- [http-nio-9097-exec-2] o.a.c.c.C.[Tomcat].[localhost].[/]       : Initializing Spring DispatcherServlet 'dispatcherServlet'
2022-01-01 19:55:23.678  INFO 31748 --- [http-nio-9097-exec-2] o.s.web.servlet.DispatcherServlet        : Initializing Servlet 'dispatcherServlet'
2022-01-01 19:55:23.681  INFO 31748 --- [http-nio-9097-exec-2] o.s.web.servlet.DispatcherServlet        : Completed initialization in 2 ms
2022-01-01 19:55:23.694  INFO 31748 --- [http-nio-9097-exec-2] com.hcl.user.controller.UserController   :  Client Send The Requset URL/findByUserNamefindByUserName Start
2022-01-01 19:55:23.707  INFO 31748 --- [http-nio-9097-exec-2] com.hcl.user.controller.UserController   : UserServiceInterface updatePetDetails Method Return Result
2022-01-01 19:55:23.723  WARN 31748 --- [http-nio-9097-exec-2] .m.m.a.ExceptionHandlerExceptionResolver : Resolved [com.hcl.user.customerror.ApplicationException: Data Not Found this UserName]
