2022-01-02 15:52:09.025  INFO 15984 --- [restartedMain] com.hcl.user.UserApplication             : Starting UserApplication using Java 1.8.0_301 on LAPTOP-FJ89OA8Q with PID 15984 (E:\Spring Boot Project Work Space\user\target\classes started by AKASH RONAD in E:\Spring Boot Project Work Space\user)
2022-01-02 15:52:09.028  INFO 15984 --- [restartedMain] com.hcl.user.UserApplication             : No active profile set, falling back to default profiles: default
2022-01-02 15:52:09.099  INFO 15984 --- [restartedMain] .e.DevToolsPropertyDefaultsPostProcessor : Devtools property defaults active! Set 'spring.devtools.add-properties' to 'false' to disable
2022-01-02 15:52:09.100  INFO 15984 --- [restartedMain] .e.DevToolsPropertyDefaultsPostProcessor : For additional web related logging consider setting the 'logging.level.web' property to 'DEBUG'
2022-01-02 15:52:09.942  INFO 15984 --- [restartedMain] .s.d.r.c.RepositoryConfigurationDelegate : Bootstrapping Spring Data JPA repositories in DEFAULT mode.
2022-01-02 15:52:10.010  INFO 15984 --- [restartedMain] .s.d.r.c.RepositoryConfigurationDelegate : Finished Spring Data repository scanning in 55 ms. Found 1 JPA repository interfaces.
2022-01-02 15:52:11.157  INFO 15984 --- [restartedMain] o.s.b.w.embedded.tomcat.TomcatWebServer  : Tomcat initialized with port(s): 9097 (http)
2022-01-02 15:52:11.167  INFO 15984 --- [restartedMain] o.apache.catalina.core.StandardService   : Starting service [Tomcat]
2022-01-02 15:52:11.168  INFO 15984 --- [restartedMain] org.apache.catalina.core.StandardEngine  : Starting Servlet engine: [Apache Tomcat/9.0.56]
2022-01-02 15:52:11.287  INFO 15984 --- [restartedMain] o.a.c.c.C.[Tomcat].[localhost].[/]       : Initializing Spring embedded WebApplicationContext
2022-01-02 15:52:11.288  INFO 15984 --- [restartedMain] w.s.c.ServletWebServerApplicationContext : Root WebApplicationContext: initialization completed in 2186 ms
2022-01-02 15:52:11.522  INFO 15984 --- [restartedMain] o.hibernate.jpa.internal.util.LogHelper  : HHH000204: Processing PersistenceUnitInfo [name: default]
2022-01-02 15:52:11.587  INFO 15984 --- [restartedMain] org.hibernate.Version                    : HHH000412: Hibernate ORM core version 5.6.3.Final
2022-01-02 15:52:11.765  INFO 15984 --- [restartedMain] o.hibernate.annotations.common.Version   : HCANN000001: Hibernate Commons Annotations {5.1.2.Final}
2022-01-02 15:52:11.874  INFO 15984 --- [restartedMain] com.zaxxer.hikari.HikariDataSource       : HikariPool-1 - Starting...
2022-01-02 15:52:12.064  INFO 15984 --- [restartedMain] com.zaxxer.hikari.HikariDataSource       : HikariPool-1 - Start completed.
2022-01-02 15:52:12.090  INFO 15984 --- [restartedMain] org.hibernate.dialect.Dialect            : HHH000400: Using dialect: org.hibernate.dialect.MySQL8Dialect
2022-01-02 15:52:13.008  INFO 15984 --- [restartedMain] o.h.e.t.j.p.i.JtaPlatformInitiator       : HHH000490: Using JtaPlatform implementation: [org.hibernate.engine.transaction.jta.platform.internal.NoJtaPlatform]
2022-01-02 15:52:13.019  INFO 15984 --- [restartedMain] j.LocalContainerEntityManagerFactoryBean : Initialized JPA EntityManagerFactory for persistence unit 'default'
2022-01-02 15:52:13.731  WARN 15984 --- [restartedMain] JpaBaseConfiguration$JpaWebConfiguration : spring.jpa.open-in-view is enabled by default. Therefore, database queries may be performed during view rendering. Explicitly configure spring.jpa.open-in-view to disable this warning
2022-01-02 15:52:14.290  INFO 15984 --- [restartedMain] o.s.b.d.a.OptionalLiveReloadServer       : LiveReload server is running on port 35729
2022-01-02 15:52:14.327  INFO 15984 --- [restartedMain] o.s.b.w.embedded.tomcat.TomcatWebServer  : Tomcat started on port(s): 9097 (http) with context path ''
2022-01-02 15:52:14.338  INFO 15984 --- [restartedMain] com.hcl.user.UserApplication             : Started UserApplication in 5.774 seconds (JVM running for 6.365)
2022-01-02 15:52:14.343  INFO 15984 --- [restartedMain] com.hcl.user.UserApplication             : Main Application Start
2022-01-02 15:58:36.911  INFO 16916 --- [restartedMain] com.hcl.user.UserApplication             : Starting UserApplication using Java 1.8.0_301 on LAPTOP-FJ89OA8Q with PID 16916 (E:\Spring Boot Project Work Space\user\target\classes started by AKASH RONAD in E:\Spring Boot Project Work Space\user)
2022-01-02 15:58:36.912  INFO 16916 --- [restartedMain] com.hcl.user.UserApplication             : No active profile set, falling back to default profiles: default
2022-01-02 15:58:36.975  INFO 16916 --- [restartedMain] .e.DevToolsPropertyDefaultsPostProcessor : Devtools property defaults active! Set 'spring.devtools.add-properties' to 'false' to disable
2022-01-02 15:58:36.975  INFO 16916 --- [restartedMain] .e.DevToolsPropertyDefaultsPostProcessor : For additional web related logging consider setting the 'logging.level.web' property to 'DEBUG'
2022-01-02 15:58:37.774  INFO 16916 --- [restartedMain] .s.d.r.c.RepositoryConfigurationDelegate : Bootstrapping Spring Data JPA repositories in DEFAULT mode.
2022-01-02 15:58:37.839  INFO 16916 --- [restartedMain] .s.d.r.c.RepositoryConfigurationDelegate : Finished Spring Data repository scanning in 54 ms. Found 1 JPA repository interfaces.
2022-01-02 15:58:38.767  INFO 16916 --- [restartedMain] o.s.b.w.embedded.tomcat.TomcatWebServer  : Tomcat initialized with port(s): 9097 (http)
2022-01-02 15:58:38.779  INFO 16916 --- [restartedMain] o.apache.catalina.core.StandardService   : Starting service [Tomcat]
2022-01-02 15:58:38.779  INFO 16916 --- [restartedMain] org.apache.catalina.core.StandardEngine  : Starting Servlet engine: [Apache Tomcat/9.0.56]
2022-01-02 15:58:38.902  INFO 16916 --- [restartedMain] o.a.c.c.C.[Tomcat].[localhost].[/]       : Initializing Spring embedded WebApplicationContext
2022-01-02 15:58:38.902  INFO 16916 --- [restartedMain] w.s.c.ServletWebServerApplicationContext : Root WebApplicationContext: initialization completed in 1926 ms
2022-01-02 15:58:39.152  INFO 16916 --- [restartedMain] o.hibernate.jpa.internal.util.LogHelper  : HHH000204: Processing PersistenceUnitInfo [name: default]
2022-01-02 15:58:39.219  INFO 16916 --- [restartedMain] org.hibernate.Version                    : HHH000412: Hibernate ORM core version 5.6.3.Final
2022-01-02 15:58:39.391  INFO 16916 --- [restartedMain] o.hibernate.annotations.common.Version   : HCANN000001: Hibernate Commons Annotations {5.1.2.Final}
2022-01-02 15:58:39.517  INFO 16916 --- [restartedMain] com.zaxxer.hikari.HikariDataSource       : HikariPool-1 - Starting...
2022-01-02 15:58:39.732  INFO 16916 --- [restartedMain] com.zaxxer.hikari.HikariDataSource       : HikariPool-1 - Start completed.
2022-01-02 15:58:39.758  INFO 16916 --- [restartedMain] org.hibernate.dialect.Dialect            : HHH000400: Using dialect: org.hibernate.dialect.MySQL8Dialect
2022-01-02 15:58:40.698  INFO 16916 --- [restartedMain] o.h.e.t.j.p.i.JtaPlatformInitiator       : HHH000490: Using JtaPlatform implementation: [org.hibernate.engine.transaction.jta.platform.internal.NoJtaPlatform]
2022-01-02 15:58:40.709  INFO 16916 --- [restartedMain] j.LocalContainerEntityManagerFactoryBean : Initialized JPA EntityManagerFactory for persistence unit 'default'
2022-01-02 15:58:41.478  WARN 16916 --- [restartedMain] JpaBaseConfiguration$JpaWebConfiguration : spring.jpa.open-in-view is enabled by default. Therefore, database queries may be performed during view rendering. Explicitly configure spring.jpa.open-in-view to disable this warning
2022-01-02 15:58:42.060  INFO 16916 --- [restartedMain] o.s.b.d.a.OptionalLiveReloadServer       : LiveReload server is running on port 35729
2022-01-02 15:58:42.096  INFO 16916 --- [restartedMain] o.s.b.w.embedded.tomcat.TomcatWebServer  : Tomcat started on port(s): 9097 (http) with context path ''
2022-01-02 15:58:42.106  INFO 16916 --- [restartedMain] com.hcl.user.UserApplication             : Started UserApplication in 5.654 seconds (JVM running for 6.312)
2022-01-02 15:58:42.110  INFO 16916 --- [restartedMain] com.hcl.user.UserApplication             : Main Application Start User
2022-01-02 15:59:14.956  INFO 16916 --- [http-nio-9097-exec-1] o.a.c.c.C.[Tomcat].[localhost].[/]       : Initializing Spring DispatcherServlet 'dispatcherServlet'
2022-01-02 15:59:14.957  INFO 16916 --- [http-nio-9097-exec-1] o.s.web.servlet.DispatcherServlet        : Initializing Servlet 'dispatcherServlet'
2022-01-02 15:59:14.959  INFO 16916 --- [http-nio-9097-exec-1] o.s.web.servlet.DispatcherServlet        : Completed initialization in 2 ms
2022-01-02 15:59:15.179  INFO 16916 --- [http-nio-9097-exec-1] com.hcl.user.controller.UserController   :  Client Send The Requset URL/user/addaddUserMethod Start
2022-01-02 15:59:15.319  INFO 16916 --- [http-nio-9097-exec-1] com.hcl.user.controller.UserController   : UserServiceInterface addUser Method Return Result IsYour are successfully registerd please sign in
2022-01-02 15:59:15.321  INFO 16916 --- [http-nio-9097-exec-1] com.hcl.user.controller.UserController   : UsersController addUser Method End
2022-01-02 23:07:26.655  INFO 31920 --- [restartedMain] com.hcl.user.UserApplication             : Starting UserApplication using Java 1.8.0_301 on LAPTOP-FJ89OA8Q with PID 31920 (E:\Spring Boot Project Work Space\user\target\classes started by AKASH RONAD in E:\Spring Boot Project Work Space\user)
2022-01-02 23:07:26.659  INFO 31920 --- [restartedMain] com.hcl.user.UserApplication             : No active profile set, falling back to default profiles: default
2022-01-02 23:07:26.731  INFO 31920 --- [restartedMain] .e.DevToolsPropertyDefaultsPostProcessor : Devtools property defaults active! Set 'spring.devtools.add-properties' to 'false' to disable
2022-01-02 23:07:26.731  INFO 31920 --- [restartedMain] .e.DevToolsPropertyDefaultsPostProcessor : For additional web related logging consider setting the 'logging.level.web' property to 'DEBUG'
2022-01-02 23:07:27.696  INFO 31920 --- [restartedMain] .s.d.r.c.RepositoryConfigurationDelegate : Bootstrapping Spring Data JPA repositories in DEFAULT mode.
2022-01-02 23:07:27.784  INFO 31920 --- [restartedMain] .s.d.r.c.RepositoryConfigurationDelegate : Finished Spring Data repository scanning in 74 ms. Found 1 JPA repository interfaces.
2022-01-02 23:07:29.120  INFO 31920 --- [restartedMain] o.s.b.w.embedded.tomcat.TomcatWebServer  : Tomcat initialized with port(s): 9097 (http)
2022-01-02 23:07:29.133  INFO 31920 --- [restartedMain] o.apache.catalina.core.StandardService   : Starting service [Tomcat]
2022-01-02 23:07:29.133  INFO 31920 --- [restartedMain] org.apache.catalina.core.StandardEngine  : Starting Servlet engine: [Apache Tomcat/9.0.56]
2022-01-02 23:07:29.245  INFO 31920 --- [restartedMain] o.a.c.c.C.[Tomcat].[localhost].[/]       : Initializing Spring embedded WebApplicationContext
2022-01-02 23:07:29.246  INFO 31920 --- [restartedMain] w.s.c.ServletWebServerApplicationContext : Root WebApplicationContext: initialization completed in 2514 ms
2022-01-02 23:07:29.512  INFO 31920 --- [restartedMain] o.hibernate.jpa.internal.util.LogHelper  : HHH000204: Processing PersistenceUnitInfo [name: default]
2022-01-02 23:07:29.589  INFO 31920 --- [restartedMain] org.hibernate.Version                    : HHH000412: Hibernate ORM core version 5.6.3.Final
2022-01-02 23:07:29.811  INFO 31920 --- [restartedMain] o.hibernate.annotations.common.Version   : HCANN000001: Hibernate Commons Annotations {5.1.2.Final}
2022-01-02 23:07:29.973  INFO 31920 --- [restartedMain] com.zaxxer.hikari.HikariDataSource       : HikariPool-1 - Starting...
2022-01-02 23:07:30.193  INFO 31920 --- [restartedMain] com.zaxxer.hikari.HikariDataSource       : HikariPool-1 - Start completed.
2022-01-02 23:07:30.223  INFO 31920 --- [restartedMain] org.hibernate.dialect.Dialect            : HHH000400: Using dialect: org.hibernate.dialect.MySQL8Dialect
2022-01-02 23:07:31.415  INFO 31920 --- [restartedMain] o.h.e.t.j.p.i.JtaPlatformInitiator       : HHH000490: Using JtaPlatform implementation: [org.hibernate.engine.transaction.jta.platform.internal.NoJtaPlatform]
2022-01-02 23:07:31.428  INFO 31920 --- [restartedMain] j.LocalContainerEntityManagerFactoryBean : Initialized JPA EntityManagerFactory for persistence unit 'default'
2022-01-02 23:07:32.215  WARN 31920 --- [restartedMain] JpaBaseConfiguration$JpaWebConfiguration : spring.jpa.open-in-view is enabled by default. Therefore, database queries may be performed during view rendering. Explicitly configure spring.jpa.open-in-view to disable this warning
2022-01-02 23:07:32.876  INFO 31920 --- [restartedMain] o.s.b.d.a.OptionalLiveReloadServer       : LiveReload server is running on port 35729
2022-01-02 23:07:32.917  INFO 31920 --- [restartedMain] o.s.b.w.embedded.tomcat.TomcatWebServer  : Tomcat started on port(s): 9097 (http) with context path ''
2022-01-02 23:07:32.933  INFO 31920 --- [restartedMain] com.hcl.user.UserApplication             : Started UserApplication in 6.899 seconds (JVM running for 7.72)
2022-01-02 23:07:32.939  INFO 31920 --- [restartedMain] com.hcl.user.UserApplication             : Main Application Start User
2022-01-02 23:10:43.156  INFO 31920 --- [http-nio-9097-exec-1] o.a.c.c.C.[Tomcat].[localhost].[/]       : Initializing Spring DispatcherServlet 'dispatcherServlet'
2022-01-02 23:10:43.157  INFO 31920 --- [http-nio-9097-exec-1] o.s.web.servlet.DispatcherServlet        : Initializing Servlet 'dispatcherServlet'
2022-01-02 23:10:43.160  INFO 31920 --- [http-nio-9097-exec-1] o.s.web.servlet.DispatcherServlet        : Completed initialization in 3 ms
2022-01-02 23:10:43.548  INFO 31920 --- [http-nio-9097-exec-1] com.hcl.user.controller.UserController   :  Client Send The Requset URL/user/addaddUserMethod Start
2022-01-02 23:10:43.802  INFO 31920 --- [http-nio-9097-exec-1] com.hcl.user.controller.UserController   : UserServiceInterface addUser Method Return Result IsYour are successfully registerd please sign in
2022-01-02 23:10:43.806  INFO 31920 --- [http-nio-9097-exec-1] com.hcl.user.controller.UserController   : UsersController addUser Method End
2022-01-02 23:12:16.609  INFO 31920 --- [http-nio-9097-exec-3] com.hcl.user.controller.UserController   :  Client Send The Requset URL/user/addaddUserMethod Start
2022-01-02 23:12:16.669  WARN 31920 --- [http-nio-9097-exec-3] .m.m.a.ExceptionHandlerExceptionResolver : Resolved [com.hcl.user.customerror.ApplicationException: User Alredy Registerd Plz Go To SignIn]
2022-01-02 23:13:22.408  INFO 31920 --- [Thread-6] j.LocalContainerEntityManagerFactoryBean : Closing JPA EntityManagerFactory for persistence unit 'default'
2022-01-02 23:13:22.419  INFO 31920 --- [Thread-6] com.zaxxer.hikari.HikariDataSource       : HikariPool-1 - Shutdown initiated...
2022-01-02 23:13:22.464  INFO 31920 --- [Thread-6] com.zaxxer.hikari.HikariDataSource       : HikariPool-1 - Shutdown completed.
2022-01-02 23:13:22.902  INFO 31920 --- [restartedMain] com.hcl.user.UserApplication             : Starting UserApplication using Java 1.8.0_301 on LAPTOP-FJ89OA8Q with PID 31920 (E:\Spring Boot Project Work Space\user\target\classes started by AKASH RONAD in E:\Spring Boot Project Work Space\user)
2022-01-02 23:13:22.902  INFO 31920 --- [restartedMain] com.hcl.user.UserApplication             : No active profile set, falling back to default profiles: default
2022-01-02 23:13:23.167  INFO 31920 --- [restartedMain] .s.d.r.c.RepositoryConfigurationDelegate : Bootstrapping Spring Data JPA repositories in DEFAULT mode.
2022-01-02 23:13:23.178  INFO 31920 --- [restartedMain] .s.d.r.c.RepositoryConfigurationDelegate : Finished Spring Data repository scanning in 10 ms. Found 1 JPA repository interfaces.
2022-01-02 23:13:23.375  INFO 31920 --- [restartedMain] o.s.b.w.embedded.tomcat.TomcatWebServer  : Tomcat initialized with port(s): 9097 (http)
2022-01-02 23:13:23.376  INFO 31920 --- [restartedMain] o.apache.catalina.core.StandardService   : Starting service [Tomcat]
2022-01-02 23:13:23.376  INFO 31920 --- [restartedMain] org.apache.catalina.core.StandardEngine  : Starting Servlet engine: [Apache Tomcat/9.0.56]
2022-01-02 23:13:23.404  INFO 31920 --- [restartedMain] o.a.c.c.C.[Tomcat].[localhost].[/]       : Initializing Spring embedded WebApplicationContext
2022-01-02 23:13:23.404  INFO 31920 --- [restartedMain] w.s.c.ServletWebServerApplicationContext : Root WebApplicationContext: initialization completed in 498 ms
2022-01-02 23:13:23.457  INFO 31920 --- [restartedMain] o.hibernate.jpa.internal.util.LogHelper  : HHH000204: Processing PersistenceUnitInfo [name: default]
2022-01-02 23:13:23.461  INFO 31920 --- [restartedMain] com.zaxxer.hikari.HikariDataSource       : HikariPool-2 - Starting...
2022-01-02 23:13:23.468  INFO 31920 --- [restartedMain] com.zaxxer.hikari.HikariDataSource       : HikariPool-2 - Start completed.
2022-01-02 23:13:23.469  INFO 31920 --- [restartedMain] org.hibernate.dialect.Dialect            : HHH000400: Using dialect: org.hibernate.dialect.MySQL8Dialect
2022-01-02 23:13:23.521  INFO 31920 --- [restartedMain] o.h.e.t.j.p.i.JtaPlatformInitiator       : HHH000490: Using JtaPlatform implementation: [org.hibernate.engine.transaction.jta.platform.internal.NoJtaPlatform]
2022-01-02 23:13:23.522  INFO 31920 --- [restartedMain] j.LocalContainerEntityManagerFactoryBean : Initialized JPA EntityManagerFactory for persistence unit 'default'
2022-01-02 23:13:23.644  WARN 31920 --- [restartedMain] JpaBaseConfiguration$JpaWebConfiguration : spring.jpa.open-in-view is enabled by default. Therefore, database queries may be performed during view rendering. Explicitly configure spring.jpa.open-in-view to disable this warning
2022-01-02 23:13:23.780  INFO 31920 --- [restartedMain] o.s.b.d.a.OptionalLiveReloadServer       : LiveReload server is running on port 35729
2022-01-02 23:13:23.791  INFO 31920 --- [restartedMain] o.s.b.w.embedded.tomcat.TomcatWebServer  : Tomcat started on port(s): 9097 (http) with context path ''
2022-01-02 23:13:23.798  INFO 31920 --- [restartedMain] com.hcl.user.UserApplication             : Started UserApplication in 0.991 seconds (JVM running for 358.585)
2022-01-02 23:13:23.802  INFO 31920 --- [restartedMain] .ConditionEvaluationDeltaLoggingListener : Condition evaluation unchanged
2022-01-02 23:13:23.803  INFO 31920 --- [restartedMain] com.hcl.user.UserApplication             : Main Application Start User
2022-01-02 23:13:28.966  INFO 31920 --- [http-nio-9097-exec-1] o.a.c.c.C.[Tomcat].[localhost].[/]       : Initializing Spring DispatcherServlet 'dispatcherServlet'
2022-01-02 23:13:28.968  INFO 31920 --- [http-nio-9097-exec-1] o.s.web.servlet.DispatcherServlet        : Initializing Servlet 'dispatcherServlet'
2022-01-02 23:13:28.970  INFO 31920 --- [http-nio-9097-exec-1] o.s.web.servlet.DispatcherServlet        : Completed initialization in 1 ms
2022-01-02 23:13:28.990  INFO 31920 --- [http-nio-9097-exec-1] com.hcl.user.controller.UserController   :  Client Send The Requset URL/user/addaddUserMethod Start
2022-01-02 23:13:29.002  WARN 31920 --- [http-nio-9097-exec-1] .m.m.a.ExceptionHandlerExceptionResolver : Resolved [com.hcl.user.customerror.ApplicationException: User Alredy Registerd Plz Go To SignIn]
