2022-01-11 16:19:43.995  INFO 23064 --- [restartedMain] com.hcl.user.UserApplication             : Starting UserApplication using Java 1.8.0_301 on LAPTOP-FJ89OA8Q with PID 23064 (E:\Spring Boot Project Work Space\user\target\classes started by AKASH RONAD in E:\Spring Boot Project Work Space\user)
2022-01-11 16:19:43.999  INFO 23064 --- [restartedMain] com.hcl.user.UserApplication             : No active profile set, falling back to default profiles: default
2022-01-11 16:19:44.074  INFO 23064 --- [restartedMain] .e.DevToolsPropertyDefaultsPostProcessor : Devtools property defaults active! Set 'spring.devtools.add-properties' to 'false' to disable
2022-01-11 16:19:44.074  INFO 23064 --- [restartedMain] .e.DevToolsPropertyDefaultsPostProcessor : For additional web related logging consider setting the 'logging.level.web' property to 'DEBUG'
2022-01-11 16:19:45.168  INFO 23064 --- [restartedMain] .s.d.r.c.RepositoryConfigurationDelegate : Bootstrapping Spring Data JPA repositories in DEFAULT mode.
2022-01-11 16:19:45.364  INFO 23064 --- [restartedMain] .s.d.r.c.RepositoryConfigurationDelegate : Finished Spring Data repository scanning in 183 ms. Found 1 JPA repository interfaces.
2022-01-11 16:19:45.687  INFO 23064 --- [restartedMain] o.s.cloud.context.scope.GenericScope     : BeanFactory id=c971dbb9-2c58-3841-a0c6-8da0c77e973e
2022-01-11 16:19:46.716  INFO 23064 --- [restartedMain] o.s.b.w.embedded.tomcat.TomcatWebServer  : Tomcat initialized with port(s): 9097 (http)
2022-01-11 16:19:46.726  INFO 23064 --- [restartedMain] o.apache.catalina.core.StandardService   : Starting service [Tomcat]
2022-01-11 16:19:46.727  INFO 23064 --- [restartedMain] org.apache.catalina.core.StandardEngine  : Starting Servlet engine: [Apache Tomcat/9.0.56]
2022-01-11 16:19:46.878  INFO 23064 --- [restartedMain] o.a.c.c.C.[Tomcat].[localhost].[/]       : Initializing Spring embedded WebApplicationContext
2022-01-11 16:19:46.878  INFO 23064 --- [restartedMain] w.s.c.ServletWebServerApplicationContext : Root WebApplicationContext: initialization completed in 2802 ms
2022-01-11 16:19:47.095  INFO 23064 --- [restartedMain] o.hibernate.jpa.internal.util.LogHelper  : HHH000204: Processing PersistenceUnitInfo [name: default]
2022-01-11 16:19:47.193  INFO 23064 --- [restartedMain] org.hibernate.Version                    : HHH000412: Hibernate ORM core version 5.6.3.Final
2022-01-11 16:19:47.478  INFO 23064 --- [restartedMain] o.hibernate.annotations.common.Version   : HCANN000001: Hibernate Commons Annotations {5.1.2.Final}
2022-01-11 16:19:47.654  INFO 23064 --- [restartedMain] com.zaxxer.hikari.HikariDataSource       : HikariPool-1 - Starting...
2022-01-11 16:19:48.298  INFO 23064 --- [restartedMain] com.zaxxer.hikari.HikariDataSource       : HikariPool-1 - Start completed.
2022-01-11 16:19:48.327  INFO 23064 --- [restartedMain] org.hibernate.dialect.Dialect            : HHH000400: Using dialect: org.hibernate.dialect.MySQL8Dialect
2022-01-11 16:19:49.323  INFO 23064 --- [restartedMain] o.h.e.t.j.p.i.JtaPlatformInitiator       : HHH000490: Using JtaPlatform implementation: [org.hibernate.engine.transaction.jta.platform.internal.NoJtaPlatform]
2022-01-11 16:19:49.336  INFO 23064 --- [restartedMain] j.LocalContainerEntityManagerFactoryBean : Initialized JPA EntityManagerFactory for persistence unit 'default'
2022-01-11 16:19:50.107  WARN 23064 --- [restartedMain] JpaBaseConfiguration$JpaWebConfiguration : spring.jpa.open-in-view is enabled by default. Therefore, database queries may be performed during view rendering. Explicitly configure spring.jpa.open-in-view to disable this warning
2022-01-11 16:19:50.647  INFO 23064 --- [restartedMain] o.s.b.d.a.OptionalLiveReloadServer       : LiveReload server is running on port 35729
2022-01-11 16:19:50.950  INFO 23064 --- [restartedMain] DiscoveryClientOptionalArgsConfiguration : Eureka HTTP Client uses RestTemplate.
2022-01-11 16:19:51.308  WARN 23064 --- [restartedMain] iguration$LoadBalancerCaffeineWarnLogger : Spring Cloud LoadBalancer is currently working with the default cache. You can switch to using Caffeine cache, by adding it and org.springframework.cache.caffeine.CaffeineCacheManager to the classpath.
2022-01-11 16:19:51.353  INFO 23064 --- [restartedMain] o.s.c.n.eureka.InstanceInfoFactory       : Setting initial instance status as: STARTING
2022-01-11 16:19:51.440  INFO 23064 --- [restartedMain] com.netflix.discovery.DiscoveryClient    : Initializing Eureka in region us-east-1
2022-01-11 16:19:51.446  INFO 23064 --- [restartedMain] c.n.d.s.r.aws.ConfigClusterResolver      : Resolving eureka endpoints via configuration
2022-01-11 16:19:51.479  INFO 23064 --- [restartedMain] com.netflix.discovery.DiscoveryClient    : Disable delta property : false
2022-01-11 16:19:51.480  INFO 23064 --- [restartedMain] com.netflix.discovery.DiscoveryClient    : Single vip registry refresh property : null
2022-01-11 16:19:51.480  INFO 23064 --- [restartedMain] com.netflix.discovery.DiscoveryClient    : Force full registry fetch : false
2022-01-11 16:19:51.480  INFO 23064 --- [restartedMain] com.netflix.discovery.DiscoveryClient    : Application is null : false
2022-01-11 16:19:51.480  INFO 23064 --- [restartedMain] com.netflix.discovery.DiscoveryClient    : Registered Applications size is zero : true
2022-01-11 16:19:51.480  INFO 23064 --- [restartedMain] com.netflix.discovery.DiscoveryClient    : Application version is -1: true
2022-01-11 16:19:51.480  INFO 23064 --- [restartedMain] com.netflix.discovery.DiscoveryClient    : Getting all instance registry info from the eureka server
2022-01-11 16:19:51.900  INFO 23064 --- [restartedMain] com.netflix.discovery.DiscoveryClient    : The response status is 200
2022-01-11 16:19:51.903  INFO 23064 --- [restartedMain] com.netflix.discovery.DiscoveryClient    : Starting heartbeat executor: renew interval is: 30
2022-01-11 16:19:51.906  INFO 23064 --- [restartedMain] c.n.discovery.InstanceInfoReplicator     : InstanceInfoReplicator onDemand update allowed rate per min is 4
2022-01-11 16:19:51.913  INFO 23064 --- [restartedMain] com.netflix.discovery.DiscoveryClient    : Discovery Client initialized at timestamp 1641898191911 with initial instances count: 1
2022-01-11 16:19:51.915  INFO 23064 --- [restartedMain] o.s.c.n.e.s.EurekaServiceRegistry        : Registering application USER-SERVICE with eureka with status UP
2022-01-11 16:19:51.915  INFO 23064 --- [restartedMain] com.netflix.discovery.DiscoveryClient    : Saw local status change event StatusChangeEvent [timestamp=1641898191915, current=UP, previous=STARTING]
2022-01-11 16:19:51.918  INFO 23064 --- [DiscoveryClient-InstanceInfoReplicator-0] com.netflix.discovery.DiscoveryClient    : DiscoveryClient_USER-SERVICE/LAPTOP-FJ89OA8Q:user-service:9097: registering service...
2022-01-11 16:19:51.950  INFO 23064 --- [restartedMain] o.s.b.w.embedded.tomcat.TomcatWebServer  : Tomcat started on port(s): 9097 (http) with context path ''
2022-01-11 16:19:51.951  INFO 23064 --- [restartedMain] .s.c.n.e.s.EurekaAutoServiceRegistration : Updating port to 9097
2022-01-11 16:19:51.988  INFO 23064 --- [DiscoveryClient-InstanceInfoReplicator-0] com.netflix.discovery.DiscoveryClient    : DiscoveryClient_USER-SERVICE/LAPTOP-FJ89OA8Q:user-service:9097 - registration status: 204
2022-01-11 16:19:52.223  INFO 23064 --- [restartedMain] com.hcl.user.UserApplication             : Started UserApplication in 9.01 seconds (JVM running for 9.97)
2022-01-11 16:19:52.229  INFO 23064 --- [restartedMain] com.hcl.user.UserApplication             : Main Application Start User
2022-01-11 16:24:51.488  INFO 23064 --- [AsyncResolver-bootstrap-executor-0] c.n.d.s.r.aws.ConfigClusterResolver      : Resolving eureka endpoints via configuration
2022-01-11 16:28:33.706  INFO 22460 --- [restartedMain] com.hcl.user.UserApplication             : Starting UserApplication using Java 1.8.0_301 on LAPTOP-FJ89OA8Q with PID 22460 (E:\Spring Boot Project Work Space\user\target\classes started by AKASH RONAD in E:\Spring Boot Project Work Space\user)
2022-01-11 16:28:33.707  INFO 22460 --- [restartedMain] com.hcl.user.UserApplication             : No active profile set, falling back to default profiles: default
2022-01-11 16:28:33.786  INFO 22460 --- [restartedMain] .e.DevToolsPropertyDefaultsPostProcessor : Devtools property defaults active! Set 'spring.devtools.add-properties' to 'false' to disable
2022-01-11 16:28:33.786  INFO 22460 --- [restartedMain] .e.DevToolsPropertyDefaultsPostProcessor : For additional web related logging consider setting the 'logging.level.web' property to 'DEBUG'
2022-01-11 16:28:34.753  INFO 22460 --- [restartedMain] .s.d.r.c.RepositoryConfigurationDelegate : Bootstrapping Spring Data JPA repositories in DEFAULT mode.
2022-01-11 16:28:34.932  INFO 22460 --- [restartedMain] .s.d.r.c.RepositoryConfigurationDelegate : Finished Spring Data repository scanning in 169 ms. Found 1 JPA repository interfaces.
2022-01-11 16:28:35.250  INFO 22460 --- [restartedMain] o.s.cloud.context.scope.GenericScope     : BeanFactory id=c971dbb9-2c58-3841-a0c6-8da0c77e973e
2022-01-11 16:28:36.258  INFO 22460 --- [restartedMain] o.s.b.w.embedded.tomcat.TomcatWebServer  : Tomcat initialized with port(s): 9097 (http)
2022-01-11 16:28:36.270  INFO 22460 --- [restartedMain] o.apache.catalina.core.StandardService   : Starting service [Tomcat]
2022-01-11 16:28:36.271  INFO 22460 --- [restartedMain] org.apache.catalina.core.StandardEngine  : Starting Servlet engine: [Apache Tomcat/9.0.56]
2022-01-11 16:28:36.443  INFO 22460 --- [restartedMain] o.a.c.c.C.[Tomcat].[localhost].[/]       : Initializing Spring embedded WebApplicationContext
2022-01-11 16:28:36.443  INFO 22460 --- [restartedMain] w.s.c.ServletWebServerApplicationContext : Root WebApplicationContext: initialization completed in 2656 ms
2022-01-11 16:28:36.694  INFO 22460 --- [restartedMain] o.hibernate.jpa.internal.util.LogHelper  : HHH000204: Processing PersistenceUnitInfo [name: default]
2022-01-11 16:28:36.784  INFO 22460 --- [restartedMain] org.hibernate.Version                    : HHH000412: Hibernate ORM core version 5.6.3.Final
2022-01-11 16:28:37.053  INFO 22460 --- [restartedMain] o.hibernate.annotations.common.Version   : HCANN000001: Hibernate Commons Annotations {5.1.2.Final}
2022-01-11 16:28:37.198  INFO 22460 --- [restartedMain] com.zaxxer.hikari.HikariDataSource       : HikariPool-1 - Starting...
2022-01-11 16:28:37.413  INFO 22460 --- [restartedMain] com.zaxxer.hikari.HikariDataSource       : HikariPool-1 - Start completed.
2022-01-11 16:28:37.452  INFO 22460 --- [restartedMain] org.hibernate.dialect.Dialect            : HHH000400: Using dialect: org.hibernate.dialect.MySQL8Dialect
2022-01-11 16:28:38.423  INFO 22460 --- [restartedMain] o.h.e.t.j.p.i.JtaPlatformInitiator       : HHH000490: Using JtaPlatform implementation: [org.hibernate.engine.transaction.jta.platform.internal.NoJtaPlatform]
2022-01-11 16:28:38.435  INFO 22460 --- [restartedMain] j.LocalContainerEntityManagerFactoryBean : Initialized JPA EntityManagerFactory for persistence unit 'default'
2022-01-11 16:28:39.250  WARN 22460 --- [restartedMain] JpaBaseConfiguration$JpaWebConfiguration : spring.jpa.open-in-view is enabled by default. Therefore, database queries may be performed during view rendering. Explicitly configure spring.jpa.open-in-view to disable this warning
2022-01-11 16:28:39.707  INFO 22460 --- [restartedMain] o.s.b.d.a.OptionalLiveReloadServer       : LiveReload server is running on port 35729
2022-01-11 16:28:40.002  INFO 22460 --- [restartedMain] DiscoveryClientOptionalArgsConfiguration : Eureka HTTP Client uses RestTemplate.
2022-01-11 16:28:40.366  WARN 22460 --- [restartedMain] iguration$LoadBalancerCaffeineWarnLogger : Spring Cloud LoadBalancer is currently working with the default cache. You can switch to using Caffeine cache, by adding it and org.springframework.cache.caffeine.CaffeineCacheManager to the classpath.
2022-01-11 16:28:40.410  INFO 22460 --- [restartedMain] o.s.c.n.eureka.InstanceInfoFactory       : Setting initial instance status as: STARTING
2022-01-11 16:28:40.501  INFO 22460 --- [restartedMain] com.netflix.discovery.DiscoveryClient    : Initializing Eureka in region us-east-1
2022-01-11 16:28:40.507  INFO 22460 --- [restartedMain] c.n.d.s.r.aws.ConfigClusterResolver      : Resolving eureka endpoints via configuration
2022-01-11 16:28:40.537  INFO 22460 --- [restartedMain] com.netflix.discovery.DiscoveryClient    : Disable delta property : false
2022-01-11 16:28:40.537  INFO 22460 --- [restartedMain] com.netflix.discovery.DiscoveryClient    : Single vip registry refresh property : null
2022-01-11 16:28:40.537  INFO 22460 --- [restartedMain] com.netflix.discovery.DiscoveryClient    : Force full registry fetch : false
2022-01-11 16:28:40.537  INFO 22460 --- [restartedMain] com.netflix.discovery.DiscoveryClient    : Application is null : false
2022-01-11 16:28:40.537  INFO 22460 --- [restartedMain] com.netflix.discovery.DiscoveryClient    : Registered Applications size is zero : true
2022-01-11 16:28:40.538  INFO 22460 --- [restartedMain] com.netflix.discovery.DiscoveryClient    : Application version is -1: true
2022-01-11 16:28:40.538  INFO 22460 --- [restartedMain] com.netflix.discovery.DiscoveryClient    : Getting all instance registry info from the eureka server
2022-01-11 16:28:41.135  INFO 22460 --- [restartedMain] com.netflix.discovery.DiscoveryClient    : The response status is 200
2022-01-11 16:28:41.138  INFO 22460 --- [restartedMain] com.netflix.discovery.DiscoveryClient    : Starting heartbeat executor: renew interval is: 30
2022-01-11 16:28:41.141  INFO 22460 --- [restartedMain] c.n.discovery.InstanceInfoReplicator     : InstanceInfoReplicator onDemand update allowed rate per min is 4
2022-01-11 16:28:41.146  INFO 22460 --- [restartedMain] com.netflix.discovery.DiscoveryClient    : Discovery Client initialized at timestamp 1641898721145 with initial instances count: 1
2022-01-11 16:28:41.149  INFO 22460 --- [restartedMain] o.s.c.n.e.s.EurekaServiceRegistry        : Registering application USER-SERVICE with eureka with status UP
2022-01-11 16:28:41.149  INFO 22460 --- [restartedMain] com.netflix.discovery.DiscoveryClient    : Saw local status change event StatusChangeEvent [timestamp=1641898721149, current=UP, previous=STARTING]
2022-01-11 16:28:41.152  INFO 22460 --- [DiscoveryClient-InstanceInfoReplicator-0] com.netflix.discovery.DiscoveryClient    : DiscoveryClient_USER-SERVICE/LAPTOP-FJ89OA8Q:user-service:9097: registering service...
2022-01-11 16:28:41.192  INFO 22460 --- [restartedMain] o.s.b.w.embedded.tomcat.TomcatWebServer  : Tomcat started on port(s): 9097 (http) with context path ''
2022-01-11 16:28:41.193  INFO 22460 --- [restartedMain] .s.c.n.e.s.EurekaAutoServiceRegistration : Updating port to 9097
2022-01-11 16:28:41.262  INFO 22460 --- [DiscoveryClient-InstanceInfoReplicator-0] com.netflix.discovery.DiscoveryClient    : DiscoveryClient_USER-SERVICE/LAPTOP-FJ89OA8Q:user-service:9097 - registration status: 204
2022-01-11 16:28:41.489  INFO 22460 --- [restartedMain] com.hcl.user.UserApplication             : Started UserApplication in 8.496 seconds (JVM running for 9.247)
2022-01-11 16:28:41.493  INFO 22460 --- [restartedMain] com.hcl.user.UserApplication             : Main Application Start User
2022-01-11 17:00:40.511  INFO 10584 --- [restartedMain] com.hcl.user.UserApplication             : Starting UserApplication using Java 1.8.0_301 on LAPTOP-FJ89OA8Q with PID 10584 (E:\Spring Boot Project Work Space\user\target\classes started by AKASH RONAD in E:\Spring Boot Project Work Space\user)
2022-01-11 17:00:40.512  INFO 10584 --- [restartedMain] com.hcl.user.UserApplication             : No active profile set, falling back to default profiles: default
2022-01-11 17:00:40.587  INFO 10584 --- [restartedMain] .e.DevToolsPropertyDefaultsPostProcessor : Devtools property defaults active! Set 'spring.devtools.add-properties' to 'false' to disable
2022-01-11 17:00:40.588  INFO 10584 --- [restartedMain] .e.DevToolsPropertyDefaultsPostProcessor : For additional web related logging consider setting the 'logging.level.web' property to 'DEBUG'
2022-01-11 17:00:41.567  INFO 10584 --- [restartedMain] .s.d.r.c.RepositoryConfigurationDelegate : Bootstrapping Spring Data JPA repositories in DEFAULT mode.
2022-01-11 17:00:41.747  INFO 10584 --- [restartedMain] .s.d.r.c.RepositoryConfigurationDelegate : Finished Spring Data repository scanning in 170 ms. Found 1 JPA repository interfaces.
2022-01-11 17:00:42.089  INFO 10584 --- [restartedMain] o.s.cloud.context.scope.GenericScope     : BeanFactory id=c971dbb9-2c58-3841-a0c6-8da0c77e973e
2022-01-11 17:00:43.248  INFO 10584 --- [restartedMain] o.s.b.w.embedded.tomcat.TomcatWebServer  : Tomcat initialized with port(s): 9097 (http)
2022-01-11 17:00:43.263  INFO 10584 --- [restartedMain] o.apache.catalina.core.StandardService   : Starting service [Tomcat]
2022-01-11 17:00:43.263  INFO 10584 --- [restartedMain] org.apache.catalina.core.StandardEngine  : Starting Servlet engine: [Apache Tomcat/9.0.56]
2022-01-11 17:00:43.408  INFO 10584 --- [restartedMain] o.a.c.c.C.[Tomcat].[localhost].[/]       : Initializing Spring embedded WebApplicationContext
2022-01-11 17:00:43.408  INFO 10584 --- [restartedMain] w.s.c.ServletWebServerApplicationContext : Root WebApplicationContext: initialization completed in 2819 ms
2022-01-11 17:00:43.619  INFO 10584 --- [restartedMain] o.hibernate.jpa.internal.util.LogHelper  : HHH000204: Processing PersistenceUnitInfo [name: default]
2022-01-11 17:00:43.697  INFO 10584 --- [restartedMain] org.hibernate.Version                    : HHH000412: Hibernate ORM core version 5.6.3.Final
2022-01-11 17:00:43.944  INFO 10584 --- [restartedMain] o.hibernate.annotations.common.Version   : HCANN000001: Hibernate Commons Annotations {5.1.2.Final}
2022-01-11 17:00:44.118  INFO 10584 --- [restartedMain] com.zaxxer.hikari.HikariDataSource       : HikariPool-1 - Starting...
2022-01-11 17:00:44.366  INFO 10584 --- [restartedMain] com.zaxxer.hikari.HikariDataSource       : HikariPool-1 - Start completed.
2022-01-11 17:00:44.394  INFO 10584 --- [restartedMain] org.hibernate.dialect.Dialect            : HHH000400: Using dialect: org.hibernate.dialect.MySQL8Dialect
2022-01-11 17:00:45.401  INFO 10584 --- [restartedMain] o.h.e.t.j.p.i.JtaPlatformInitiator       : HHH000490: Using JtaPlatform implementation: [org.hibernate.engine.transaction.jta.platform.internal.NoJtaPlatform]
2022-01-11 17:00:45.413  INFO 10584 --- [restartedMain] j.LocalContainerEntityManagerFactoryBean : Initialized JPA EntityManagerFactory for persistence unit 'default'
2022-01-11 17:00:46.161  WARN 10584 --- [restartedMain] JpaBaseConfiguration$JpaWebConfiguration : spring.jpa.open-in-view is enabled by default. Therefore, database queries may be performed during view rendering. Explicitly configure spring.jpa.open-in-view to disable this warning
2022-01-11 17:00:46.646  INFO 10584 --- [restartedMain] o.s.b.d.a.OptionalLiveReloadServer       : LiveReload server is running on port 35729
2022-01-11 17:00:46.930  INFO 10584 --- [restartedMain] DiscoveryClientOptionalArgsConfiguration : Eureka HTTP Client uses RestTemplate.
2022-01-11 17:00:47.308  WARN 10584 --- [restartedMain] iguration$LoadBalancerCaffeineWarnLogger : Spring Cloud LoadBalancer is currently working with the default cache. You can switch to using Caffeine cache, by adding it and org.springframework.cache.caffeine.CaffeineCacheManager to the classpath.
2022-01-11 17:00:47.350  INFO 10584 --- [restartedMain] o.s.c.n.eureka.InstanceInfoFactory       : Setting initial instance status as: STARTING
2022-01-11 17:00:47.440  INFO 10584 --- [restartedMain] com.netflix.discovery.DiscoveryClient    : Initializing Eureka in region us-east-1
2022-01-11 17:00:47.445  INFO 10584 --- [restartedMain] c.n.d.s.r.aws.ConfigClusterResolver      : Resolving eureka endpoints via configuration
2022-01-11 17:00:47.479  INFO 10584 --- [restartedMain] com.netflix.discovery.DiscoveryClient    : Disable delta property : false
2022-01-11 17:00:47.479  INFO 10584 --- [restartedMain] com.netflix.discovery.DiscoveryClient    : Single vip registry refresh property : null
2022-01-11 17:00:47.479  INFO 10584 --- [restartedMain] com.netflix.discovery.DiscoveryClient    : Force full registry fetch : false
2022-01-11 17:00:47.480  INFO 10584 --- [restartedMain] com.netflix.discovery.DiscoveryClient    : Application is null : false
2022-01-11 17:00:47.480  INFO 10584 --- [restartedMain] com.netflix.discovery.DiscoveryClient    : Registered Applications size is zero : true
2022-01-11 17:00:47.480  INFO 10584 --- [restartedMain] com.netflix.discovery.DiscoveryClient    : Application version is -1: true
2022-01-11 17:00:47.480  INFO 10584 --- [restartedMain] com.netflix.discovery.DiscoveryClient    : Getting all instance registry info from the eureka server
2022-01-11 17:00:48.176  INFO 10584 --- [restartedMain] com.netflix.discovery.DiscoveryClient    : The response status is 200
2022-01-11 17:00:48.179  INFO 10584 --- [restartedMain] com.netflix.discovery.DiscoveryClient    : Starting heartbeat executor: renew interval is: 30
2022-01-11 17:00:48.184  INFO 10584 --- [restartedMain] c.n.discovery.InstanceInfoReplicator     : InstanceInfoReplicator onDemand update allowed rate per min is 4
2022-01-11 17:00:48.191  INFO 10584 --- [restartedMain] com.netflix.discovery.DiscoveryClient    : Discovery Client initialized at timestamp 1641900648189 with initial instances count: 1
2022-01-11 17:00:48.194  INFO 10584 --- [restartedMain] o.s.c.n.e.s.EurekaServiceRegistry        : Registering application USER-SERVICE with eureka with status UP
2022-01-11 17:00:48.195  INFO 10584 --- [restartedMain] com.netflix.discovery.DiscoveryClient    : Saw local status change event StatusChangeEvent [timestamp=1641900648195, current=UP, previous=STARTING]
2022-01-11 17:00:48.198  INFO 10584 --- [DiscoveryClient-InstanceInfoReplicator-0] com.netflix.discovery.DiscoveryClient    : DiscoveryClient_USER-SERVICE/LAPTOP-FJ89OA8Q:user-service:9097: registering service...
2022-01-11 17:00:48.240  INFO 10584 --- [restartedMain] o.s.b.w.embedded.tomcat.TomcatWebServer  : Tomcat started on port(s): 9097 (http) with context path ''
2022-01-11 17:00:48.242  INFO 10584 --- [restartedMain] .s.c.n.e.s.EurekaAutoServiceRegistration : Updating port to 9097
2022-01-11 17:00:48.326  INFO 10584 --- [DiscoveryClient-InstanceInfoReplicator-0] com.netflix.discovery.DiscoveryClient    : DiscoveryClient_USER-SERVICE/LAPTOP-FJ89OA8Q:user-service:9097 - registration status: 204
2022-01-11 17:00:48.574  INFO 10584 --- [restartedMain] com.hcl.user.UserApplication             : Started UserApplication in 8.799 seconds (JVM running for 9.621)
2022-01-11 17:00:48.578  INFO 10584 --- [restartedMain] com.hcl.user.UserApplication             : Main Application Start User
2022-01-11 17:03:20.588  INFO 10584 --- [http-nio-9097-exec-1] o.a.c.c.C.[Tomcat].[localhost].[/]       : Initializing Spring DispatcherServlet 'dispatcherServlet'
2022-01-11 17:03:20.588  INFO 10584 --- [http-nio-9097-exec-1] o.s.web.servlet.DispatcherServlet        : Initializing Servlet 'dispatcherServlet'
2022-01-11 17:03:20.590  INFO 10584 --- [http-nio-9097-exec-1] o.s.web.servlet.DispatcherServlet        : Completed initialization in 2 ms
2022-01-11 17:03:20.642  INFO 10584 --- [http-nio-9097-exec-1] com.hcl.user.controller.UserController   :  Client Send The Requset URL/getUserslistUsers Start
